{"A:\\Proyecto\\PAT-AH\\Backend-Huancavelica-Alertas-Agricolas\\services\\notification-service\\src\\all-exceptions.filter.js": {"path":"A:\\Proyecto\\PAT-AH\\Backend-Huancavelica-Alertas-Agricolas\\services\\notification-service\\src\\all-exceptions.filter.js","statementMap":{"0":{"start":{"line":1,"column":65},"end":{"line":1,"column":90}},"1":{"start":{"line":2,"column":25},"end":{"line":2,"column":57}},"2":{"start":{"line":3,"column":15},"end":{"line":3,"column":34}},"3":{"start":{"line":7,"column":4},"end":{"line":7,"column":19}},"4":{"start":{"line":11,"column":20},"end":{"line":11,"column":34}},"5":{"start":{"line":12,"column":18},"end":{"line":12,"column":20}},"6":{"start":{"line":13,"column":4},"end":{"line":21,"column":5}},"7":{"start":{"line":14,"column":6},"end":{"line":14,"column":56}},"8":{"start":{"line":15,"column":11},"end":{"line":21,"column":5}},"9":{"start":{"line":16,"column":6},"end":{"line":16,"column":34}},"10":{"start":{"line":17,"column":11},"end":{"line":21,"column":5}},"11":{"start":{"line":18,"column":6},"end":{"line":18,"column":34}},"12":{"start":{"line":20,"column":6},"end":{"line":20,"column":34}},"13":{"start":{"line":22,"column":4},"end":{"line":22,"column":95}},"14":{"start":{"line":26,"column":0},"end":{"line":26,"column":41}}},"fnMap":{"0":{"name":"(anonymous_0)","decl":{"start":{"line":6,"column":2},"end":{"line":6,"column":3}},"loc":{"start":{"line":6,"column":28},"end":{"line":8,"column":3}},"line":6},"1":{"name":"(anonymous_1)","decl":{"start":{"line":10,"column":2},"end":{"line":10,"column":3}},"loc":{"start":{"line":10,"column":25},"end":{"line":23,"column":3}},"line":10}},"branchMap":{"0":{"loc":{"start":{"line":6,"column":14},"end":{"line":6,"column":26}},"type":"default-arg","locations":[{"start":{"line":6,"column":20},"end":{"line":6,"column":26}}],"line":6},"1":{"loc":{"start":{"line":13,"column":4},"end":{"line":21,"column":5}},"type":"if","locations":[{"start":{"line":13,"column":4},"end":{"line":21,"column":5}},{"start":{"line":15,"column":11},"end":{"line":21,"column":5}}],"line":13},"2":{"loc":{"start":{"line":15,"column":11},"end":{"line":21,"column":5}},"type":"if","locations":[{"start":{"line":15,"column":11},"end":{"line":21,"column":5}},{"start":{"line":17,"column":11},"end":{"line":21,"column":5}}],"line":15},"3":{"loc":{"start":{"line":17,"column":11},"end":{"line":21,"column":5}},"type":"if","locations":[{"start":{"line":17,"column":11},"end":{"line":21,"column":5}},{"start":{"line":19,"column":11},"end":{"line":21,"column":5}}],"line":17}},"s":{"0":0,"1":0,"2":0,"3":0,"4":0,"5":0,"6":0,"7":0,"8":0,"9":0,"10":0,"11":0,"12":0,"13":0,"14":0},"f":{"0":0,"1":0},"b":{"0":[0],"1":[0,0],"2":[0,0],"3":[0,0]}}
,"A:\\Proyecto\\PAT-AH\\Backend-Huancavelica-Alertas-Agricolas\\services\\notification-service\\src\\app.module.js": {"path":"A:\\Proyecto\\PAT-AH\\Backend-Huancavelica-Alertas-Agricolas\\services\\notification-service\\src\\app.module.js","statementMap":{"0":{"start":{"line":1,"column":19},"end":{"line":1,"column":44}},"1":{"start":{"line":2,"column":29},"end":{"line":2,"column":67}},"2":{"start":{"line":3,"column":25},"end":{"line":3,"column":50}},"3":{"start":{"line":4,"column":23},"end":{"line":4,"column":52}},"4":{"start":{"line":5,"column":35},"end":{"line":5,"column":71}},"5":{"start":{"line":6,"column":32},"end":{"line":6,"column":65}},"6":{"start":{"line":8,"column":21},"end":{"line":16,"column":1}},"7":{"start":{"line":20,"column":0},"end":{"line":20,"column":31}}},"fnMap":{},"branchMap":{},"s":{"0":0,"1":0,"2":0,"3":0,"4":0,"5":0,"6":0,"7":0},"f":{},"b":{}}
,"A:\\Proyecto\\PAT-AH\\Backend-Huancavelica-Alertas-Agricolas\\services\\notification-service\\src\\logger.js": {"path":"A:\\Proyecto\\PAT-AH\\Backend-Huancavelica-Alertas-Agricolas\\services\\notification-service\\src\\logger.js","statementMap":{"0":{"start":{"line":1,"column":45},"end":{"line":1,"column":63}},"1":{"start":{"line":3,"column":15},"end":{"line":15,"column":2}},"2":{"start":{"line":17,"column":0},"end":{"line":17,"column":24}}},"fnMap":{},"branchMap":{},"s":{"0":0,"1":0,"2":0},"f":{},"b":{}}
,"A:\\Proyecto\\PAT-AH\\Backend-Huancavelica-Alertas-Agricolas\\services\\notification-service\\src\\main.js": {"path":"A:\\Proyecto\\PAT-AH\\Backend-Huancavelica-Alertas-Agricolas\\services\\notification-service\\src\\main.js","statementMap":{"0":{"start":{"line":2,"column":27},"end":{"line":2,"column":52}},"1":{"start":{"line":3,"column":32},"end":{"line":3,"column":66}},"2":{"start":{"line":4,"column":24},"end":{"line":4,"column":47}},"3":{"start":{"line":5,"column":22},"end":{"line":5,"column":54}},"4":{"start":{"line":6,"column":22},"end":{"line":6,"column":45}},"5":{"start":{"line":7,"column":15},"end":{"line":7,"column":34}},"6":{"start":{"line":10,"column":2},"end":{"line":10,"column":58}},"7":{"start":{"line":10,"column":8},"end":{"line":10,"column":29}},"8":{"start":{"line":10,"column":44},"end":{"line":10,"column":56}},"9":{"start":{"line":14,"column":2},"end":{"line":20,"column":3}},"10":{"start":{"line":15,"column":14},"end":{"line":15,"column":26}},"11":{"start":{"line":16,"column":24},"end":{"line":16,"column":122}},"12":{"start":{"line":17,"column":4},"end":{"line":17,"column":79}},"13":{"start":{"line":19,"column":4},"end":{"line":19,"column":16}},"14":{"start":{"line":24,"column":2},"end":{"line":33,"column":5}},"15":{"start":{"line":25,"column":4},"end":{"line":25,"column":46}},"16":{"start":{"line":25,"column":24},"end":{"line":25,"column":46}},"17":{"start":{"line":26,"column":16},"end":{"line":26,"column":30}},"18":{"start":{"line":27,"column":14},"end":{"line":27,"column":30}},"19":{"start":{"line":28,"column":15},"end":{"line":28,"column":20}},"20":{"start":{"line":29,"column":4},"end":{"line":29,"column":26}},"21":{"start":{"line":30,"column":4},"end":{"line":30,"column":88}},"22":{"start":{"line":30,"column":28},"end":{"line":30,"column":84}},"23":{"start":{"line":30,"column":41},"end":{"line":30,"column":53}},"24":{"start":{"line":30,"column":54},"end":{"line":30,"column":66}},"25":{"start":{"line":30,"column":67},"end":{"line":30,"column":82}},"26":{"start":{"line":31,"column":4},"end":{"line":31,"column":90}},"27":{"start":{"line":31,"column":30},"end":{"line":31,"column":86}},"28":{"start":{"line":31,"column":43},"end":{"line":31,"column":55}},"29":{"start":{"line":31,"column":56},"end":{"line":31,"column":68}},"30":{"start":{"line":31,"column":69},"end":{"line":31,"column":84}},"31":{"start":{"line":32,"column":4},"end":{"line":32,"column":89}},"32":{"start":{"line":32,"column":34},"end":{"line":32,"column":85}},"33":{"start":{"line":32,"column":47},"end":{"line":32,"column":59}},"34":{"start":{"line":32,"column":60},"end":{"line":32,"column":68}},"35":{"start":{"line":32,"column":69},"end":{"line":32,"column":83}},"36":{"start":{"line":37,"column":14},"end":{"line":40,"column":4}},"37":{"start":{"line":41,"column":2},"end":{"line":41,"column":90}},"38":{"start":{"line":42,"column":2},"end":{"line":42,"column":56}},"39":{"start":{"line":43,"column":2},"end":{"line":43,"column":21}},"40":{"start":{"line":44,"column":2},"end":{"line":44,"column":64}},"41":{"start":{"line":48,"column":15},"end":{"line":48,"column":30}},"42":{"start":{"line":50,"column":22},"end":{"line":50,"column":63}},"43":{"start":{"line":51,"column":23},"end":{"line":51,"column":65}},"44":{"start":{"line":52,"column":28},"end":{"line":52,"column":72}},"45":{"start":{"line":53,"column":32},"end":{"line":53,"column":87}},"46":{"start":{"line":55,"column":21},"end":{"line":55,"column":47}},"47":{"start":{"line":56,"column":2},"end":{"line":62,"column":3}},"48":{"start":{"line":57,"column":4},"end":{"line":61,"column":5}},"49":{"start":{"line":58,"column":6},"end":{"line":58,"column":79}},"50":{"start":{"line":58,"column":44},"end":{"line":58,"column":79}},"51":{"start":{"line":60,"column":6},"end":{"line":60,"column":74}},"52":{"start":{"line":64,"column":21},"end":{"line":64,"column":161}},"53":{"start":{"line":65,"column":28},"end":{"line":65,"column":201}},"54":{"start":{"line":68,"column":4},"end":{"line":68,"column":28}},"55":{"start":{"line":68,"column":21},"end":{"line":68,"column":28}},"56":{"start":{"line":69,"column":4},"end":{"line":143,"column":5}},"57":{"start":{"line":70,"column":6},"end":{"line":113,"column":7}},"58":{"start":{"line":71,"column":24},"end":{"line":71,"column":46}},"59":{"start":{"line":72,"column":8},"end":{"line":85,"column":9}},"60":{"start":{"line":73,"column":25},"end":{"line":73,"column":85}},"61":{"start":{"line":74,"column":10},"end":{"line":82,"column":11}},"62":{"start":{"line":75,"column":22},"end":{"line":75,"column":23}},"63":{"start":{"line":76,"column":12},"end":{"line":78,"column":13}},"64":{"start":{"line":77,"column":14},"end":{"line":77,"column":93}},"65":{"start":{"line":77,"column":87},"end":{"line":77,"column":91}},"66":{"start":{"line":79,"column":12},"end":{"line":79,"column":123}},"67":{"start":{"line":81,"column":12},"end":{"line":81,"column":116}},"68":{"start":{"line":83,"column":10},"end":{"line":83,"column":70}},"69":{"start":{"line":83,"column":16},"end":{"line":83,"column":54}},"70":{"start":{"line":83,"column":48},"end":{"line":83,"column":52}},"71":{"start":{"line":84,"column":10},"end":{"line":84,"column":17}},"72":{"start":{"line":87,"column":22},"end":{"line":87,"column":42}},"73":{"start":{"line":88,"column":8},"end":{"line":102,"column":9}},"74":{"start":{"line":89,"column":25},"end":{"line":89,"column":75}},"75":{"start":{"line":90,"column":10},"end":{"line":99,"column":11}},"76":{"start":{"line":91,"column":12},"end":{"line":91,"column":35}},"77":{"start":{"line":92,"column":22},"end":{"line":92,"column":23}},"78":{"start":{"line":93,"column":12},"end":{"line":95,"column":13}},"79":{"start":{"line":94,"column":14},"end":{"line":94,"column":93}},"80":{"start":{"line":94,"column":87},"end":{"line":94,"column":91}},"81":{"start":{"line":96,"column":12},"end":{"line":96,"column":123}},"82":{"start":{"line":98,"column":12},"end":{"line":98,"column":116}},"83":{"start":{"line":100,"column":10},"end":{"line":100,"column":76}},"84":{"start":{"line":100,"column":16},"end":{"line":100,"column":60}},"85":{"start":{"line":100,"column":54},"end":{"line":100,"column":58}},"86":{"start":{"line":101,"column":10},"end":{"line":101,"column":17}},"87":{"start":{"line":105,"column":18},"end":{"line":105,"column":63}},"88":{"start":{"line":106,"column":19},"end":{"line":106,"column":59}},"89":{"start":{"line":107,"column":8},"end":{"line":111,"column":9}},"90":{"start":{"line":108,"column":10},"end":{"line":108,"column":89}},"91":{"start":{"line":110,"column":10},"end":{"line":110,"column":114}},"92":{"start":{"line":112,"column":8},"end":{"line":112,"column":15}},"93":{"start":{"line":115,"column":6},"end":{"line":140,"column":7}},"94":{"start":{"line":116,"column":21},"end":{"line":116,"column":43}},"95":{"start":{"line":117,"column":8},"end":{"line":134,"column":9}},"96":{"start":{"line":118,"column":10},"end":{"line":132,"column":11}},"97":{"start":{"line":119,"column":25},"end":{"line":119,"column":88}},"98":{"start":{"line":120,"column":23},"end":{"line":120,"column":49}},"99":{"start":{"line":121,"column":12},"end":{"line":128,"column":13}},"100":{"start":{"line":122,"column":14},"end":{"line":127,"column":15}},"101":{"start":{"line":123,"column":29},"end":{"line":123,"column":85}},"102":{"start":{"line":124,"column":16},"end":{"line":124,"column":156}},"103":{"start":{"line":126,"column":16},"end":{"line":126,"column":120}},"104":{"start":{"line":129,"column":12},"end":{"line":129,"column":107}},"105":{"start":{"line":129,"column":18},"end":{"line":129,"column":53}},"106":{"start":{"line":129,"column":47},"end":{"line":129,"column":51}},"107":{"start":{"line":129,"column":54},"end":{"line":129,"column":91}},"108":{"start":{"line":129,"column":85},"end":{"line":129,"column":89}},"109":{"start":{"line":131,"column":12},"end":{"line":131,"column":116}},"110":{"start":{"line":133,"column":10},"end":{"line":133,"column":17}},"111":{"start":{"line":136,"column":18},"end":{"line":136,"column":66}},"112":{"start":{"line":137,"column":19},"end":{"line":137,"column":59}},"113":{"start":{"line":138,"column":8},"end":{"line":138,"column":121}},"114":{"start":{"line":138,"column":17},"end":{"line":138,"column":121}},"115":{"start":{"line":139,"column":8},"end":{"line":139,"column":15}},"116":{"start":{"line":142,"column":6},"end":{"line":142,"column":110}},"117":{"start":{"line":146,"column":2},"end":{"line":165,"column":3}},"118":{"start":{"line":147,"column":4},"end":{"line":147,"column":48}},"119":{"start":{"line":147,"column":42},"end":{"line":147,"column":46}},"120":{"start":{"line":148,"column":4},"end":{"line":148,"column":84}},"121":{"start":{"line":148,"column":22},"end":{"line":148,"column":59}},"122":{"start":{"line":148,"column":54},"end":{"line":148,"column":58}},"123":{"start":{"line":151,"column":4},"end":{"line":164,"column":5}},"124":{"start":{"line":152,"column":28},"end":{"line":160,"column":8}},"125":{"start":{"line":153,"column":8},"end":{"line":157,"column":9}},"126":{"start":{"line":154,"column":10},"end":{"line":154,"column":82}},"127":{"start":{"line":155,"column":10},"end":{"line":155,"column":55}},"128":{"start":{"line":156,"column":10},"end":{"line":156,"column":17}},"129":{"start":{"line":158,"column":8},"end":{"line":158,"column":27}},"130":{"start":{"line":159,"column":8},"end":{"line":159,"column":18}},"131":{"start":{"line":161,"column":6},"end":{"line":161,"column":152}},"132":{"start":{"line":161,"column":66},"end":{"line":161,"column":150}},"133":{"start":{"line":163,"column":6},"end":{"line":163,"column":66}},"134":{"start":{"line":168,"column":17},"end":{"line":287,"column":4}},"135":{"start":{"line":169,"column":4},"end":{"line":173,"column":5}},"136":{"start":{"line":170,"column":6},"end":{"line":170,"column":25}},"137":{"start":{"line":171,"column":6},"end":{"line":171,"column":16}},"138":{"start":{"line":172,"column":6},"end":{"line":172,"column":13}},"139":{"start":{"line":175,"column":23},"end":{"line":175,"column":58}},"140":{"start":{"line":176,"column":13},"end":{"line":176,"column":17}},"141":{"start":{"line":179,"column":4},"end":{"line":202,"column":5}},"142":{"start":{"line":180,"column":6},"end":{"line":199,"column":7}},"143":{"start":{"line":181,"column":23},"end":{"line":181,"column":52}},"144":{"start":{"line":182,"column":8},"end":{"line":196,"column":9}},"145":{"start":{"line":183,"column":25},"end":{"line":183,"column":50}},"146":{"start":{"line":184,"column":10},"end":{"line":189,"column":11}},"147":{"start":{"line":185,"column":12},"end":{"line":185,"column":45}},"148":{"start":{"line":186,"column":12},"end":{"line":186,"column":33}},"149":{"start":{"line":188,"column":12},"end":{"line":188,"column":36}},"150":{"start":{"line":188,"column":37},"end":{"line":188,"column":48}},"151":{"start":{"line":190,"column":10},"end":{"line":190,"column":59}},"152":{"start":{"line":190,"column":16},"end":{"line":190,"column":43}},"153":{"start":{"line":192,"column":21},"end":{"line":192,"column":69}},"154":{"start":{"line":193,"column":21},"end":{"line":193,"column":55}},"155":{"start":{"line":194,"column":10},"end":{"line":194,"column":46}},"156":{"start":{"line":195,"column":10},"end":{"line":195,"column":30}},"157":{"start":{"line":195,"column":19},"end":{"line":195,"column":30}},"158":{"start":{"line":198,"column":8},"end":{"line":198,"column":41}},"159":{"start":{"line":201,"column":6},"end":{"line":201,"column":30}},"160":{"start":{"line":201,"column":31},"end":{"line":201,"column":42}},"161":{"start":{"line":205,"column":4},"end":{"line":283,"column":5}},"162":{"start":{"line":206,"column":6},"end":{"line":279,"column":7}},"163":{"start":{"line":207,"column":8},"end":{"line":207,"column":60}},"164":{"start":{"line":208,"column":24},"end":{"line":208,"column":46}},"165":{"start":{"line":209,"column":8},"end":{"line":244,"column":9}},"166":{"start":{"line":210,"column":25},"end":{"line":210,"column":85}},"167":{"start":{"line":211,"column":10},"end":{"line":220,"column":11}},"168":{"start":{"line":212,"column":12},"end":{"line":212,"column":32}},"169":{"start":{"line":213,"column":12},"end":{"line":213,"column":43}},"170":{"start":{"line":214,"column":12},"end":{"line":217,"column":13}},"171":{"start":{"line":215,"column":26},"end":{"line":215,"column":98}},"172":{"start":{"line":215,"column":93},"end":{"line":215,"column":97}},"173":{"start":{"line":216,"column":14},"end":{"line":216,"column":74}},"174":{"start":{"line":219,"column":12},"end":{"line":219,"column":46}},"175":{"start":{"line":219,"column":47},"end":{"line":219,"column":58}},"176":{"start":{"line":221,"column":10},"end":{"line":221,"column":70}},"177":{"start":{"line":221,"column":16},"end":{"line":221,"column":54}},"178":{"start":{"line":221,"column":48},"end":{"line":221,"column":52}},"179":{"start":{"line":223,"column":24},"end":{"line":223,"column":44}},"180":{"start":{"line":224,"column":10},"end":{"line":243,"column":11}},"181":{"start":{"line":225,"column":27},"end":{"line":225,"column":77}},"182":{"start":{"line":226,"column":12},"end":{"line":236,"column":13}},"183":{"start":{"line":227,"column":14},"end":{"line":227,"column":37}},"184":{"start":{"line":228,"column":14},"end":{"line":228,"column":34}},"185":{"start":{"line":229,"column":14},"end":{"line":229,"column":45}},"186":{"start":{"line":230,"column":14},"end":{"line":233,"column":15}},"187":{"start":{"line":231,"column":28},"end":{"line":231,"column":100}},"188":{"start":{"line":231,"column":95},"end":{"line":231,"column":99}},"189":{"start":{"line":232,"column":16},"end":{"line":232,"column":76}},"190":{"start":{"line":235,"column":14},"end":{"line":235,"column":48}},"191":{"start":{"line":235,"column":49},"end":{"line":235,"column":60}},"192":{"start":{"line":237,"column":12},"end":{"line":237,"column":78}},"193":{"start":{"line":237,"column":18},"end":{"line":237,"column":62}},"194":{"start":{"line":237,"column":56},"end":{"line":237,"column":60}},"195":{"start":{"line":239,"column":22},"end":{"line":239,"column":67}},"196":{"start":{"line":240,"column":23},"end":{"line":240,"column":63}},"197":{"start":{"line":241,"column":12},"end":{"line":241,"column":58}},"198":{"start":{"line":242,"column":12},"end":{"line":242,"column":32}},"199":{"start":{"line":242,"column":21},"end":{"line":242,"column":32}},"200":{"start":{"line":245,"column":13},"end":{"line":279,"column":7}},"201":{"start":{"line":246,"column":8},"end":{"line":246,"column":60}},"202":{"start":{"line":247,"column":21},"end":{"line":247,"column":43}},"203":{"start":{"line":248,"column":8},"end":{"line":276,"column":9}},"204":{"start":{"line":249,"column":10},"end":{"line":270,"column":11}},"205":{"start":{"line":250,"column":25},"end":{"line":250,"column":88}},"206":{"start":{"line":251,"column":23},"end":{"line":251,"column":49}},"207":{"start":{"line":252,"column":12},"end":{"line":262,"column":13}},"208":{"start":{"line":253,"column":14},"end":{"line":259,"column":15}},"209":{"start":{"line":254,"column":29},"end":{"line":254,"column":85}},"210":{"start":{"line":255,"column":16},"end":{"line":255,"column":47}},"211":{"start":{"line":256,"column":16},"end":{"line":256,"column":105}},"212":{"start":{"line":258,"column":16},"end":{"line":258,"column":47}},"213":{"start":{"line":261,"column":14},"end":{"line":261,"column":45}},"214":{"start":{"line":263,"column":12},"end":{"line":263,"column":69}},"215":{"start":{"line":263,"column":18},"end":{"line":263,"column":53}},"216":{"start":{"line":263,"column":47},"end":{"line":263,"column":51}},"217":{"start":{"line":264,"column":12},"end":{"line":264,"column":71}},"218":{"start":{"line":264,"column":18},"end":{"line":264,"column":55}},"219":{"start":{"line":264,"column":49},"end":{"line":264,"column":53}},"220":{"start":{"line":266,"column":22},"end":{"line":266,"column":70}},"221":{"start":{"line":267,"column":23},"end":{"line":267,"column":63}},"222":{"start":{"line":268,"column":12},"end":{"line":268,"column":58}},"223":{"start":{"line":269,"column":12},"end":{"line":269,"column":32}},"224":{"start":{"line":269,"column":21},"end":{"line":269,"column":32}},"225":{"start":{"line":272,"column":20},"end":{"line":272,"column":68}},"226":{"start":{"line":273,"column":21},"end":{"line":273,"column":61}},"227":{"start":{"line":274,"column":10},"end":{"line":274,"column":56}},"228":{"start":{"line":275,"column":10},"end":{"line":275,"column":30}},"229":{"start":{"line":275,"column":19},"end":{"line":275,"column":30}},"230":{"start":{"line":278,"column":8},"end":{"line":278,"column":67}},"231":{"start":{"line":281,"column":6},"end":{"line":281,"column":56}},"232":{"start":{"line":282,"column":6},"end":{"line":282,"column":17}},"233":{"start":{"line":285,"column":4},"end":{"line":285,"column":74}},"234":{"start":{"line":286,"column":4},"end":{"line":286,"column":73}},"235":{"start":{"line":289,"column":2},"end":{"line":289,"column":111}},"236":{"start":{"line":289,"column":35},"end":{"line":289,"column":109}},"237":{"start":{"line":293,"column":2},"end":{"line":297,"column":3}},"238":{"start":{"line":294,"column":4},"end":{"line":294,"column":22}},"239":{"start":{"line":296,"column":4},"end":{"line":296,"column":71}},"240":{"start":{"line":299,"column":2},"end":{"line":303,"column":3}},"241":{"start":{"line":300,"column":4},"end":{"line":300,"column":34}},"242":{"start":{"line":302,"column":4},"end":{"line":302,"column":68}},"243":{"start":{"line":306,"column":0},"end":{"line":306,"column":7}}},"fnMap":{"0":{"name":"safeRequire","decl":{"start":{"line":9,"column":9},"end":{"line":9,"column":20}},"loc":{"start":{"line":9,"column":27},"end":{"line":11,"column":1}},"line":9},"1":{"name":"parseUrlHostPort","decl":{"start":{"line":13,"column":9},"end":{"line":13,"column":25}},"loc":{"start":{"line":13,"column":31},"end":{"line":21,"column":1}},"line":13},"2":{"name":"tryConnect","decl":{"start":{"line":23,"column":9},"end":{"line":23,"column":19}},"loc":{"start":{"line":23,"column":48},"end":{"line":34,"column":1}},"line":23},"3":{"name":"(anonymous_3)","decl":{"start":{"line":24,"column":21},"end":{"line":24,"column":22}},"loc":{"start":{"line":24,"column":34},"end":{"line":33,"column":3}},"line":24},"4":{"name":"(anonymous_4)","decl":{"start":{"line":30,"column":20},"end":{"line":30,"column":21}},"loc":{"start":{"line":30,"column":26},"end":{"line":30,"column":86}},"line":30},"5":{"name":"(anonymous_5)","decl":{"start":{"line":31,"column":22},"end":{"line":31,"column":23}},"loc":{"start":{"line":31,"column":28},"end":{"line":31,"column":88}},"line":31},"6":{"name":"(anonymous_6)","decl":{"start":{"line":32,"column":26},"end":{"line":32,"column":27}},"loc":{"start":{"line":32,"column":32},"end":{"line":32,"column":87}},"line":32},"7":{"name":"startNest","decl":{"start":{"line":36,"column":15},"end":{"line":36,"column":24}},"loc":{"start":{"line":36,"column":27},"end":{"line":45,"column":1}},"line":36},"8":{"name":"startHealthAndMetrics","decl":{"start":{"line":47,"column":15},"end":{"line":47,"column":36}},"loc":{"start":{"line":47,"column":39},"end":{"line":290,"column":1}},"line":47},"9":{"name":"updateQueueLength","decl":{"start":{"line":67,"column":17},"end":{"line":67,"column":34}},"loc":{"start":{"line":67,"column":37},"end":{"line":144,"column":3}},"line":67},"10":{"name":"(anonymous_10)","decl":{"start":{"line":77,"column":81},"end":{"line":77,"column":82}},"loc":{"start":{"line":77,"column":87},"end":{"line":77,"column":91}},"line":77},"11":{"name":"(anonymous_11)","decl":{"start":{"line":83,"column":42},"end":{"line":83,"column":43}},"loc":{"start":{"line":83,"column":48},"end":{"line":83,"column":52}},"line":83},"12":{"name":"(anonymous_12)","decl":{"start":{"line":94,"column":81},"end":{"line":94,"column":82}},"loc":{"start":{"line":94,"column":87},"end":{"line":94,"column":91}},"line":94},"13":{"name":"(anonymous_13)","decl":{"start":{"line":100,"column":48},"end":{"line":100,"column":49}},"loc":{"start":{"line":100,"column":54},"end":{"line":100,"column":58}},"line":100},"14":{"name":"(anonymous_14)","decl":{"start":{"line":129,"column":41},"end":{"line":129,"column":42}},"loc":{"start":{"line":129,"column":47},"end":{"line":129,"column":51}},"line":129},"15":{"name":"(anonymous_15)","decl":{"start":{"line":129,"column":79},"end":{"line":129,"column":80}},"loc":{"start":{"line":129,"column":85},"end":{"line":129,"column":89}},"line":129},"16":{"name":"(anonymous_16)","decl":{"start":{"line":147,"column":36},"end":{"line":147,"column":37}},"loc":{"start":{"line":147,"column":42},"end":{"line":147,"column":46}},"line":147},"17":{"name":"(anonymous_17)","decl":{"start":{"line":148,"column":16},"end":{"line":148,"column":17}},"loc":{"start":{"line":148,"column":22},"end":{"line":148,"column":59}},"line":148},"18":{"name":"(anonymous_18)","decl":{"start":{"line":148,"column":48},"end":{"line":148,"column":49}},"loc":{"start":{"line":148,"column":54},"end":{"line":148,"column":58}},"line":148},"19":{"name":"(anonymous_19)","decl":{"start":{"line":152,"column":46},"end":{"line":152,"column":47}},"loc":{"start":{"line":152,"column":66},"end":{"line":160,"column":7}},"line":152},"20":{"name":"(anonymous_20)","decl":{"start":{"line":161,"column":60},"end":{"line":161,"column":61}},"loc":{"start":{"line":161,"column":66},"end":{"line":161,"column":150}},"line":161},"21":{"name":"(anonymous_21)","decl":{"start":{"line":168,"column":35},"end":{"line":168,"column":36}},"loc":{"start":{"line":168,"column":55},"end":{"line":287,"column":3}},"line":168},"22":{"name":"(anonymous_22)","decl":{"start":{"line":215,"column":87},"end":{"line":215,"column":88}},"loc":{"start":{"line":215,"column":93},"end":{"line":215,"column":97}},"line":215},"23":{"name":"(anonymous_23)","decl":{"start":{"line":221,"column":42},"end":{"line":221,"column":43}},"loc":{"start":{"line":221,"column":48},"end":{"line":221,"column":52}},"line":221},"24":{"name":"(anonymous_24)","decl":{"start":{"line":231,"column":89},"end":{"line":231,"column":90}},"loc":{"start":{"line":231,"column":95},"end":{"line":231,"column":99}},"line":231},"25":{"name":"(anonymous_25)","decl":{"start":{"line":237,"column":50},"end":{"line":237,"column":51}},"loc":{"start":{"line":237,"column":56},"end":{"line":237,"column":60}},"line":237},"26":{"name":"(anonymous_26)","decl":{"start":{"line":263,"column":41},"end":{"line":263,"column":42}},"loc":{"start":{"line":263,"column":47},"end":{"line":263,"column":51}},"line":263},"27":{"name":"(anonymous_27)","decl":{"start":{"line":264,"column":43},"end":{"line":264,"column":44}},"loc":{"start":{"line":264,"column":49},"end":{"line":264,"column":53}},"line":264},"28":{"name":"(anonymous_28)","decl":{"start":{"line":289,"column":29},"end":{"line":289,"column":30}},"loc":{"start":{"line":289,"column":35},"end":{"line":289,"column":109}},"line":289},"29":{"name":"main","decl":{"start":{"line":292,"column":15},"end":{"line":292,"column":19}},"loc":{"start":{"line":292,"column":22},"end":{"line":304,"column":1}},"line":292}},"branchMap":{"0":{"loc":{"start":{"line":16,"column":24},"end":{"line":16,"column":122}},"type":"cond-expr","locations":[{"start":{"line":16,"column":50},"end":{"line":16,"column":54}},{"start":{"line":16,"column":58},"end":{"line":16,"column":121}}],"line":16},"1":{"loc":{"start":{"line":16,"column":58},"end":{"line":16,"column":121}},"type":"cond-expr","locations":[{"start":{"line":16,"column":110},"end":{"line":16,"column":114}},{"start":{"line":16,"column":117},"end":{"line":16,"column":121}}],"line":16},"2":{"loc":{"start":{"line":16,"column":58},"end":{"line":16,"column":107}},"type":"binary-expr","locations":[{"start":{"line":16,"column":58},"end":{"line":16,"column":80}},{"start":{"line":16,"column":84},"end":{"line":16,"column":107}}],"line":16},"3":{"loc":{"start":{"line":17,"column":37},"end":{"line":17,"column":76}},"type":"cond-expr","locations":[{"start":{"line":17,"column":46},"end":{"line":17,"column":62}},{"start":{"line":17,"column":65},"end":{"line":17,"column":76}}],"line":17},"4":{"loc":{"start":{"line":23,"column":32},"end":{"line":23,"column":46}},"type":"default-arg","locations":[{"start":{"line":23,"column":42},"end":{"line":23,"column":46}}],"line":23},"5":{"loc":{"start":{"line":25,"column":4},"end":{"line":25,"column":46}},"type":"if","locations":[{"start":{"line":25,"column":4},"end":{"line":25,"column":46}},{"start":{},"end":{}}],"line":25},"6":{"loc":{"start":{"line":25,"column":8},"end":{"line":25,"column":22}},"type":"binary-expr","locations":[{"start":{"line":25,"column":8},"end":{"line":25,"column":13}},{"start":{"line":25,"column":17},"end":{"line":25,"column":22}}],"line":25},"7":{"loc":{"start":{"line":30,"column":28},"end":{"line":30,"column":84}},"type":"if","locations":[{"start":{"line":30,"column":28},"end":{"line":30,"column":84}},{"start":{},"end":{}}],"line":30},"8":{"loc":{"start":{"line":31,"column":30},"end":{"line":31,"column":86}},"type":"if","locations":[{"start":{"line":31,"column":30},"end":{"line":31,"column":86}},{"start":{},"end":{}}],"line":31},"9":{"loc":{"start":{"line":32,"column":34},"end":{"line":32,"column":85}},"type":"if","locations":[{"start":{"line":32,"column":34},"end":{"line":32,"column":85}},{"start":{},"end":{}}],"line":32},"10":{"loc":{"start":{"line":39,"column":38},"end":{"line":39,"column":72}},"type":"binary-expr","locations":[{"start":{"line":39,"column":38},"end":{"line":39,"column":64}},{"start":{"line":39,"column":68},"end":{"line":39,"column":72}}],"line":39},"11":{"loc":{"start":{"line":50,"column":22},"end":{"line":50,"column":63}},"type":"binary-expr","locations":[{"start":{"line":50,"column":22},"end":{"line":50,"column":55}},{"start":{"line":50,"column":59},"end":{"line":50,"column":63}}],"line":50},"12":{"loc":{"start":{"line":51,"column":23},"end":{"line":51,"column":65}},"type":"binary-expr","locations":[{"start":{"line":51,"column":23},"end":{"line":51,"column":57}},{"start":{"line":51,"column":61},"end":{"line":51,"column":65}}],"line":51},"13":{"loc":{"start":{"line":52,"column":28},"end":{"line":52,"column":72}},"type":"binary-expr","locations":[{"start":{"line":52,"column":28},"end":{"line":52,"column":57}},{"start":{"line":52,"column":61},"end":{"line":52,"column":72}}],"line":52},"14":{"loc":{"start":{"line":53,"column":32},"end":{"line":53,"column":87}},"type":"binary-expr","locations":[{"start":{"line":53,"column":32},"end":{"line":53,"column":78}},{"start":{"line":53,"column":82},"end":{"line":53,"column":87}}],"line":53},"15":{"loc":{"start":{"line":56,"column":2},"end":{"line":62,"column":3}},"type":"if","locations":[{"start":{"line":56,"column":2},"end":{"line":62,"column":3}},{"start":{},"end":{}}],"line":56},"16":{"loc":{"start":{"line":58,"column":6},"end":{"line":58,"column":79}},"type":"if","locations":[{"start":{"line":58,"column":6},"end":{"line":58,"column":79}},{"start":{},"end":{}}],"line":58},"17":{"loc":{"start":{"line":60,"column":57},"end":{"line":60,"column":72}},"type":"binary-expr","locations":[{"start":{"line":60,"column":57},"end":{"line":60,"column":67}},{"start":{"line":60,"column":71},"end":{"line":60,"column":72}}],"line":60},"18":{"loc":{"start":{"line":64,"column":21},"end":{"line":64,"column":161}},"type":"cond-expr","locations":[{"start":{"line":64,"column":34},"end":{"line":64,"column":154}},{"start":{"line":64,"column":157},"end":{"line":64,"column":161}}],"line":64},"19":{"loc":{"start":{"line":65,"column":28},"end":{"line":65,"column":201}},"type":"cond-expr","locations":[{"start":{"line":65,"column":41},"end":{"line":65,"column":194}},{"start":{"line":65,"column":197},"end":{"line":65,"column":201}}],"line":65},"20":{"loc":{"start":{"line":68,"column":4},"end":{"line":68,"column":28}},"type":"if","locations":[{"start":{"line":68,"column":4},"end":{"line":68,"column":28}},{"start":{},"end":{}}],"line":68},"21":{"loc":{"start":{"line":70,"column":6},"end":{"line":113,"column":7}},"type":"if","locations":[{"start":{"line":70,"column":6},"end":{"line":113,"column":7}},{"start":{},"end":{}}],"line":70},"22":{"loc":{"start":{"line":72,"column":8},"end":{"line":85,"column":9}},"type":"if","locations":[{"start":{"line":72,"column":8},"end":{"line":85,"column":9}},{"start":{},"end":{}}],"line":72},"23":{"loc":{"start":{"line":76,"column":12},"end":{"line":78,"column":13}},"type":"if","locations":[{"start":{"line":76,"column":12},"end":{"line":78,"column":13}},{"start":{},"end":{}}],"line":76},"24":{"loc":{"start":{"line":79,"column":36},"end":{"line":79,"column":84}},"type":"binary-expr","locations":[{"start":{"line":79,"column":36},"end":{"line":79,"column":71}},{"start":{"line":79,"column":75},"end":{"line":79,"column":84}}],"line":79},"25":{"loc":{"start":{"line":79,"column":88},"end":{"line":79,"column":121}},"type":"cond-expr","locations":[{"start":{"line":79,"column":114},"end":{"line":79,"column":117}},{"start":{"line":79,"column":120},"end":{"line":79,"column":121}}],"line":79},"26":{"loc":{"start":{"line":81,"column":12},"end":{"line":81,"column":115}},"type":"binary-expr","locations":[{"start":{"line":81,"column":12},"end":{"line":81,"column":29}},{"start":{"line":81,"column":33},"end":{"line":81,"column":115}}],"line":81},"27":{"loc":{"start":{"line":81,"column":64},"end":{"line":81,"column":112}},"type":"binary-expr","locations":[{"start":{"line":81,"column":64},"end":{"line":81,"column":99}},{"start":{"line":81,"column":103},"end":{"line":81,"column":112}}],"line":81},"28":{"loc":{"start":{"line":88,"column":8},"end":{"line":102,"column":9}},"type":"if","locations":[{"start":{"line":88,"column":8},"end":{"line":102,"column":9}},{"start":{},"end":{}}],"line":88},"29":{"loc":{"start":{"line":93,"column":12},"end":{"line":95,"column":13}},"type":"if","locations":[{"start":{"line":93,"column":12},"end":{"line":95,"column":13}},{"start":{},"end":{}}],"line":93},"30":{"loc":{"start":{"line":96,"column":36},"end":{"line":96,"column":84}},"type":"binary-expr","locations":[{"start":{"line":96,"column":36},"end":{"line":96,"column":71}},{"start":{"line":96,"column":75},"end":{"line":96,"column":84}}],"line":96},"31":{"loc":{"start":{"line":96,"column":88},"end":{"line":96,"column":121}},"type":"cond-expr","locations":[{"start":{"line":96,"column":114},"end":{"line":96,"column":117}},{"start":{"line":96,"column":120},"end":{"line":96,"column":121}}],"line":96},"32":{"loc":{"start":{"line":98,"column":12},"end":{"line":98,"column":115}},"type":"binary-expr","locations":[{"start":{"line":98,"column":12},"end":{"line":98,"column":29}},{"start":{"line":98,"column":33},"end":{"line":98,"column":115}}],"line":98},"33":{"loc":{"start":{"line":98,"column":64},"end":{"line":98,"column":112}},"type":"binary-expr","locations":[{"start":{"line":98,"column":64},"end":{"line":98,"column":99}},{"start":{"line":98,"column":103},"end":{"line":98,"column":112}}],"line":98},"34":{"loc":{"start":{"line":105,"column":18},"end":{"line":105,"column":63}},"type":"binary-expr","locations":[{"start":{"line":105,"column":18},"end":{"line":105,"column":57}},{"start":{"line":105,"column":61},"end":{"line":105,"column":63}}],"line":105},"35":{"loc":{"start":{"line":106,"column":44},"end":{"line":106,"column":58}},"type":"binary-expr","locations":[{"start":{"line":106,"column":44},"end":{"line":106,"column":50}},{"start":{"line":106,"column":54},"end":{"line":106,"column":58}}],"line":106},"36":{"loc":{"start":{"line":107,"column":8},"end":{"line":111,"column":9}},"type":"if","locations":[{"start":{"line":107,"column":8},"end":{"line":111,"column":9}},{"start":{"line":109,"column":15},"end":{"line":111,"column":9}}],"line":107},"37":{"loc":{"start":{"line":108,"column":34},"end":{"line":108,"column":82}},"type":"binary-expr","locations":[{"start":{"line":108,"column":34},"end":{"line":108,"column":69}},{"start":{"line":108,"column":73},"end":{"line":108,"column":82}}],"line":108},"38":{"loc":{"start":{"line":110,"column":10},"end":{"line":110,"column":113}},"type":"binary-expr","locations":[{"start":{"line":110,"column":10},"end":{"line":110,"column":27}},{"start":{"line":110,"column":31},"end":{"line":110,"column":113}}],"line":110},"39":{"loc":{"start":{"line":110,"column":62},"end":{"line":110,"column":110}},"type":"binary-expr","locations":[{"start":{"line":110,"column":62},"end":{"line":110,"column":97}},{"start":{"line":110,"column":101},"end":{"line":110,"column":110}}],"line":110},"40":{"loc":{"start":{"line":115,"column":6},"end":{"line":140,"column":7}},"type":"if","locations":[{"start":{"line":115,"column":6},"end":{"line":140,"column":7}},{"start":{},"end":{}}],"line":115},"41":{"loc":{"start":{"line":117,"column":8},"end":{"line":134,"column":9}},"type":"if","locations":[{"start":{"line":117,"column":8},"end":{"line":134,"column":9}},{"start":{},"end":{}}],"line":117},"42":{"loc":{"start":{"line":121,"column":12},"end":{"line":128,"column":13}},"type":"if","locations":[{"start":{"line":121,"column":12},"end":{"line":128,"column":13}},{"start":{},"end":{}}],"line":121},"43":{"loc":{"start":{"line":124,"column":40},"end":{"line":124,"column":88}},"type":"binary-expr","locations":[{"start":{"line":124,"column":40},"end":{"line":124,"column":75}},{"start":{"line":124,"column":79},"end":{"line":124,"column":88}}],"line":124},"44":{"loc":{"start":{"line":124,"column":92},"end":{"line":124,"column":154}},"type":"cond-expr","locations":[{"start":{"line":124,"column":133},"end":{"line":124,"column":150}},{"start":{"line":124,"column":153},"end":{"line":124,"column":154}}],"line":124},"45":{"loc":{"start":{"line":126,"column":16},"end":{"line":126,"column":119}},"type":"binary-expr","locations":[{"start":{"line":126,"column":16},"end":{"line":126,"column":33}},{"start":{"line":126,"column":37},"end":{"line":126,"column":119}}],"line":126},"46":{"loc":{"start":{"line":126,"column":68},"end":{"line":126,"column":116}},"type":"binary-expr","locations":[{"start":{"line":126,"column":68},"end":{"line":126,"column":103}},{"start":{"line":126,"column":107},"end":{"line":126,"column":116}}],"line":126},"47":{"loc":{"start":{"line":131,"column":12},"end":{"line":131,"column":115}},"type":"binary-expr","locations":[{"start":{"line":131,"column":12},"end":{"line":131,"column":29}},{"start":{"line":131,"column":33},"end":{"line":131,"column":115}}],"line":131},"48":{"loc":{"start":{"line":131,"column":64},"end":{"line":131,"column":112}},"type":"binary-expr","locations":[{"start":{"line":131,"column":64},"end":{"line":131,"column":99}},{"start":{"line":131,"column":103},"end":{"line":131,"column":112}}],"line":131},"49":{"loc":{"start":{"line":136,"column":18},"end":{"line":136,"column":66}},"type":"binary-expr","locations":[{"start":{"line":136,"column":18},"end":{"line":136,"column":60}},{"start":{"line":136,"column":64},"end":{"line":136,"column":66}}],"line":136},"50":{"loc":{"start":{"line":137,"column":44},"end":{"line":137,"column":58}},"type":"binary-expr","locations":[{"start":{"line":137,"column":44},"end":{"line":137,"column":50}},{"start":{"line":137,"column":54},"end":{"line":137,"column":58}}],"line":137},"51":{"loc":{"start":{"line":138,"column":8},"end":{"line":138,"column":121}},"type":"if","locations":[{"start":{"line":138,"column":8},"end":{"line":138,"column":121}},{"start":{},"end":{}}],"line":138},"52":{"loc":{"start":{"line":138,"column":17},"end":{"line":138,"column":120}},"type":"binary-expr","locations":[{"start":{"line":138,"column":17},"end":{"line":138,"column":34}},{"start":{"line":138,"column":38},"end":{"line":138,"column":120}}],"line":138},"53":{"loc":{"start":{"line":138,"column":69},"end":{"line":138,"column":117}},"type":"binary-expr","locations":[{"start":{"line":138,"column":69},"end":{"line":138,"column":104}},{"start":{"line":138,"column":108},"end":{"line":138,"column":117}}],"line":138},"54":{"loc":{"start":{"line":142,"column":6},"end":{"line":142,"column":109}},"type":"binary-expr","locations":[{"start":{"line":142,"column":6},"end":{"line":142,"column":23}},{"start":{"line":142,"column":27},"end":{"line":142,"column":109}}],"line":142},"55":{"loc":{"start":{"line":142,"column":58},"end":{"line":142,"column":106}},"type":"binary-expr","locations":[{"start":{"line":142,"column":58},"end":{"line":142,"column":93}},{"start":{"line":142,"column":97},"end":{"line":142,"column":106}}],"line":142},"56":{"loc":{"start":{"line":146,"column":2},"end":{"line":165,"column":3}},"type":"if","locations":[{"start":{"line":146,"column":2},"end":{"line":165,"column":3}},{"start":{},"end":{}}],"line":146},"57":{"loc":{"start":{"line":153,"column":8},"end":{"line":157,"column":9}},"type":"if","locations":[{"start":{"line":153,"column":8},"end":{"line":157,"column":9}},{"start":{},"end":{}}],"line":153},"58":{"loc":{"start":{"line":163,"column":49},"end":{"line":163,"column":64}},"type":"binary-expr","locations":[{"start":{"line":163,"column":49},"end":{"line":163,"column":59}},{"start":{"line":163,"column":63},"end":{"line":163,"column":64}}],"line":163},"59":{"loc":{"start":{"line":169,"column":4},"end":{"line":173,"column":5}},"type":"if","locations":[{"start":{"line":169,"column":4},"end":{"line":173,"column":5}},{"start":{},"end":{}}],"line":169},"60":{"loc":{"start":{"line":180,"column":6},"end":{"line":199,"column":7}},"type":"if","locations":[{"start":{"line":180,"column":6},"end":{"line":199,"column":7}},{"start":{"line":197,"column":13},"end":{"line":199,"column":7}}],"line":180},"61":{"loc":{"start":{"line":182,"column":8},"end":{"line":196,"column":9}},"type":"if","locations":[{"start":{"line":182,"column":8},"end":{"line":196,"column":9}},{"start":{"line":191,"column":15},"end":{"line":196,"column":9}}],"line":182},"62":{"loc":{"start":{"line":182,"column":12},"end":{"line":182,"column":41}},"type":"binary-expr","locations":[{"start":{"line":182,"column":12},"end":{"line":182,"column":18}},{"start":{"line":182,"column":22},"end":{"line":182,"column":41}}],"line":182},"63":{"loc":{"start":{"line":192,"column":21},"end":{"line":192,"column":69}},"type":"binary-expr","locations":[{"start":{"line":192,"column":21},"end":{"line":192,"column":63}},{"start":{"line":192,"column":67},"end":{"line":192,"column":69}}],"line":192},"64":{"loc":{"start":{"line":194,"column":26},"end":{"line":194,"column":45}},"type":"cond-expr","locations":[{"start":{"line":194,"column":31},"end":{"line":194,"column":35}},{"start":{"line":194,"column":38},"end":{"line":194,"column":45}}],"line":194},"65":{"loc":{"start":{"line":195,"column":10},"end":{"line":195,"column":30}},"type":"if","locations":[{"start":{"line":195,"column":10},"end":{"line":195,"column":30}},{"start":{},"end":{}}],"line":195},"66":{"loc":{"start":{"line":206,"column":6},"end":{"line":279,"column":7}},"type":"if","locations":[{"start":{"line":206,"column":6},"end":{"line":279,"column":7}},{"start":{"line":245,"column":13},"end":{"line":279,"column":7}}],"line":206},"67":{"loc":{"start":{"line":209,"column":8},"end":{"line":244,"column":9}},"type":"if","locations":[{"start":{"line":209,"column":8},"end":{"line":244,"column":9}},{"start":{"line":222,"column":15},"end":{"line":244,"column":9}}],"line":209},"68":{"loc":{"start":{"line":214,"column":12},"end":{"line":217,"column":13}},"type":"if","locations":[{"start":{"line":214,"column":12},"end":{"line":217,"column":13}},{"start":{},"end":{}}],"line":214},"69":{"loc":{"start":{"line":216,"column":37},"end":{"line":216,"column":73}},"type":"cond-expr","locations":[{"start":{"line":216,"column":63},"end":{"line":216,"column":66}},{"start":{"line":216,"column":69},"end":{"line":216,"column":73}}],"line":216},"70":{"loc":{"start":{"line":224,"column":10},"end":{"line":243,"column":11}},"type":"if","locations":[{"start":{"line":224,"column":10},"end":{"line":243,"column":11}},{"start":{"line":238,"column":17},"end":{"line":243,"column":11}}],"line":224},"71":{"loc":{"start":{"line":230,"column":14},"end":{"line":233,"column":15}},"type":"if","locations":[{"start":{"line":230,"column":14},"end":{"line":233,"column":15}},{"start":{},"end":{}}],"line":230},"72":{"loc":{"start":{"line":232,"column":39},"end":{"line":232,"column":75}},"type":"cond-expr","locations":[{"start":{"line":232,"column":65},"end":{"line":232,"column":68}},{"start":{"line":232,"column":71},"end":{"line":232,"column":75}}],"line":232},"73":{"loc":{"start":{"line":239,"column":22},"end":{"line":239,"column":67}},"type":"binary-expr","locations":[{"start":{"line":239,"column":22},"end":{"line":239,"column":61}},{"start":{"line":239,"column":65},"end":{"line":239,"column":67}}],"line":239},"74":{"loc":{"start":{"line":240,"column":48},"end":{"line":240,"column":62}},"type":"binary-expr","locations":[{"start":{"line":240,"column":48},"end":{"line":240,"column":54}},{"start":{"line":240,"column":58},"end":{"line":240,"column":62}}],"line":240},"75":{"loc":{"start":{"line":241,"column":38},"end":{"line":241,"column":57}},"type":"cond-expr","locations":[{"start":{"line":241,"column":43},"end":{"line":241,"column":47}},{"start":{"line":241,"column":50},"end":{"line":241,"column":57}}],"line":241},"76":{"loc":{"start":{"line":242,"column":12},"end":{"line":242,"column":32}},"type":"if","locations":[{"start":{"line":242,"column":12},"end":{"line":242,"column":32}},{"start":{},"end":{}}],"line":242},"77":{"loc":{"start":{"line":245,"column":13},"end":{"line":279,"column":7}},"type":"if","locations":[{"start":{"line":245,"column":13},"end":{"line":279,"column":7}},{"start":{"line":277,"column":13},"end":{"line":279,"column":7}}],"line":245},"78":{"loc":{"start":{"line":248,"column":8},"end":{"line":276,"column":9}},"type":"if","locations":[{"start":{"line":248,"column":8},"end":{"line":276,"column":9}},{"start":{"line":271,"column":15},"end":{"line":276,"column":9}}],"line":248},"79":{"loc":{"start":{"line":252,"column":12},"end":{"line":262,"column":13}},"type":"if","locations":[{"start":{"line":252,"column":12},"end":{"line":262,"column":13}},{"start":{"line":260,"column":19},"end":{"line":262,"column":13}}],"line":252},"80":{"loc":{"start":{"line":256,"column":39},"end":{"line":256,"column":104}},"type":"cond-expr","locations":[{"start":{"line":256,"column":80},"end":{"line":256,"column":97}},{"start":{"line":256,"column":100},"end":{"line":256,"column":104}}],"line":256},"81":{"loc":{"start":{"line":266,"column":22},"end":{"line":266,"column":70}},"type":"binary-expr","locations":[{"start":{"line":266,"column":22},"end":{"line":266,"column":64}},{"start":{"line":266,"column":68},"end":{"line":266,"column":70}}],"line":266},"82":{"loc":{"start":{"line":267,"column":48},"end":{"line":267,"column":62}},"type":"binary-expr","locations":[{"start":{"line":267,"column":48},"end":{"line":267,"column":54}},{"start":{"line":267,"column":58},"end":{"line":267,"column":62}}],"line":267},"83":{"loc":{"start":{"line":268,"column":38},"end":{"line":268,"column":57}},"type":"cond-expr","locations":[{"start":{"line":268,"column":43},"end":{"line":268,"column":47}},{"start":{"line":268,"column":50},"end":{"line":268,"column":57}}],"line":268},"84":{"loc":{"start":{"line":269,"column":12},"end":{"line":269,"column":32}},"type":"if","locations":[{"start":{"line":269,"column":12},"end":{"line":269,"column":32}},{"start":{},"end":{}}],"line":269},"85":{"loc":{"start":{"line":272,"column":20},"end":{"line":272,"column":68}},"type":"binary-expr","locations":[{"start":{"line":272,"column":20},"end":{"line":272,"column":62}},{"start":{"line":272,"column":66},"end":{"line":272,"column":68}}],"line":272},"86":{"loc":{"start":{"line":273,"column":46},"end":{"line":273,"column":60}},"type":"binary-expr","locations":[{"start":{"line":273,"column":46},"end":{"line":273,"column":52}},{"start":{"line":273,"column":56},"end":{"line":273,"column":60}}],"line":273},"87":{"loc":{"start":{"line":274,"column":36},"end":{"line":274,"column":55}},"type":"cond-expr","locations":[{"start":{"line":274,"column":41},"end":{"line":274,"column":45}},{"start":{"line":274,"column":48},"end":{"line":274,"column":55}}],"line":274},"88":{"loc":{"start":{"line":275,"column":10},"end":{"line":275,"column":30}},"type":"if","locations":[{"start":{"line":275,"column":10},"end":{"line":275,"column":30}},{"start":{},"end":{}}],"line":275},"89":{"loc":{"start":{"line":285,"column":18},"end":{"line":285,"column":32}},"type":"cond-expr","locations":[{"start":{"line":285,"column":23},"end":{"line":285,"column":26}},{"start":{"line":285,"column":29},"end":{"line":285,"column":32}}],"line":285},"90":{"loc":{"start":{"line":286,"column":37},"end":{"line":286,"column":56}},"type":"cond-expr","locations":[{"start":{"line":286,"column":42},"end":{"line":286,"column":46}},{"start":{"line":286,"column":49},"end":{"line":286,"column":56}}],"line":286},"91":{"loc":{"start":{"line":296,"column":54},"end":{"line":296,"column":69}},"type":"binary-expr","locations":[{"start":{"line":296,"column":54},"end":{"line":296,"column":64}},{"start":{"line":296,"column":68},"end":{"line":296,"column":69}}],"line":296},"92":{"loc":{"start":{"line":302,"column":51},"end":{"line":302,"column":66}},"type":"binary-expr","locations":[{"start":{"line":302,"column":51},"end":{"line":302,"column":61}},{"start":{"line":302,"column":65},"end":{"line":302,"column":66}}],"line":302}},"s":{"0":0,"1":0,"2":0,"3":0,"4":0,"5":0,"6":0,"7":0,"8":0,"9":0,"10":0,"11":0,"12":0,"13":0,"14":0,"15":0,"16":0,"17":0,"18":0,"19":0,"20":0,"21":0,"22":0,"23":0,"24":0,"25":0,"26":0,"27":0,"28":0,"29":0,"30":0,"31":0,"32":0,"33":0,"34":0,"35":0,"36":0,"37":0,"38":0,"39":0,"40":0,"41":0,"42":0,"43":0,"44":0,"45":0,"46":0,"47":0,"48":0,"49":0,"50":0,"51":0,"52":0,"53":0,"54":0,"55":0,"56":0,"57":0,"58":0,"59":0,"60":0,"61":0,"62":0,"63":0,"64":0,"65":0,"66":0,"67":0,"68":0,"69":0,"70":0,"71":0,"72":0,"73":0,"74":0,"75":0,"76":0,"77":0,"78":0,"79":0,"80":0,"81":0,"82":0,"83":0,"84":0,"85":0,"86":0,"87":0,"88":0,"89":0,"90":0,"91":0,"92":0,"93":0,"94":0,"95":0,"96":0,"97":0,"98":0,"99":0,"100":0,"101":0,"102":0,"103":0,"104":0,"105":0,"106":0,"107":0,"108":0,"109":0,"110":0,"111":0,"112":0,"113":0,"114":0,"115":0,"116":0,"117":0,"118":0,"119":0,"120":0,"121":0,"122":0,"123":0,"124":0,"125":0,"126":0,"127":0,"128":0,"129":0,"130":0,"131":0,"132":0,"133":0,"134":0,"135":0,"136":0,"137":0,"138":0,"139":0,"140":0,"141":0,"142":0,"143":0,"144":0,"145":0,"146":0,"147":0,"148":0,"149":0,"150":0,"151":0,"152":0,"153":0,"154":0,"155":0,"156":0,"157":0,"158":0,"159":0,"160":0,"161":0,"162":0,"163":0,"164":0,"165":0,"166":0,"167":0,"168":0,"169":0,"170":0,"171":0,"172":0,"173":0,"174":0,"175":0,"176":0,"177":0,"178":0,"179":0,"180":0,"181":0,"182":0,"183":0,"184":0,"185":0,"186":0,"187":0,"188":0,"189":0,"190":0,"191":0,"192":0,"193":0,"194":0,"195":0,"196":0,"197":0,"198":0,"199":0,"200":0,"201":0,"202":0,"203":0,"204":0,"205":0,"206":0,"207":0,"208":0,"209":0,"210":0,"211":0,"212":0,"213":0,"214":0,"215":0,"216":0,"217":0,"218":0,"219":0,"220":0,"221":0,"222":0,"223":0,"224":0,"225":0,"226":0,"227":0,"228":0,"229":0,"230":0,"231":0,"232":0,"233":0,"234":0,"235":0,"236":0,"237":0,"238":0,"239":0,"240":0,"241":0,"242":0,"243":0},"f":{"0":0,"1":0,"2":0,"3":0,"4":0,"5":0,"6":0,"7":0,"8":0,"9":0,"10":0,"11":0,"12":0,"13":0,"14":0,"15":0,"16":0,"17":0,"18":0,"19":0,"20":0,"21":0,"22":0,"23":0,"24":0,"25":0,"26":0,"27":0,"28":0,"29":0},"b":{"0":[0,0],"1":[0,0],"2":[0,0],"3":[0,0],"4":[0],"5":[0,0],"6":[0,0],"7":[0,0],"8":[0,0],"9":[0,0],"10":[0,0],"11":[0,0],"12":[0,0],"13":[0,0],"14":[0,0],"15":[0,0],"16":[0,0],"17":[0,0],"18":[0,0],"19":[0,0],"20":[0,0],"21":[0,0],"22":[0,0],"23":[0,0],"24":[0,0],"25":[0,0],"26":[0,0],"27":[0,0],"28":[0,0],"29":[0,0],"30":[0,0],"31":[0,0],"32":[0,0],"33":[0,0],"34":[0,0],"35":[0,0],"36":[0,0],"37":[0,0],"38":[0,0],"39":[0,0],"40":[0,0],"41":[0,0],"42":[0,0],"43":[0,0],"44":[0,0],"45":[0,0],"46":[0,0],"47":[0,0],"48":[0,0],"49":[0,0],"50":[0,0],"51":[0,0],"52":[0,0],"53":[0,0],"54":[0,0],"55":[0,0],"56":[0,0],"57":[0,0],"58":[0,0],"59":[0,0],"60":[0,0],"61":[0,0],"62":[0,0],"63":[0,0],"64":[0,0],"65":[0,0],"66":[0,0],"67":[0,0],"68":[0,0],"69":[0,0],"70":[0,0],"71":[0,0],"72":[0,0],"73":[0,0],"74":[0,0],"75":[0,0],"76":[0,0],"77":[0,0],"78":[0,0],"79":[0,0],"80":[0,0],"81":[0,0],"82":[0,0],"83":[0,0],"84":[0,0],"85":[0,0],"86":[0,0],"87":[0,0],"88":[0,0],"89":[0,0],"90":[0,0],"91":[0,0],"92":[0,0]}}
,"A:\\Proyecto\\PAT-AH\\Backend-Huancavelica-Alertas-Agricolas\\services\\notification-service\\src\\notification.controller.js": {"path":"A:\\Proyecto\\PAT-AH\\Backend-Huancavelica-Alertas-Agricolas\\services\\notification-service\\src\\notification.controller.js","statementMap":{"0":{"start":{"line":1,"column":31},"end":{"line":1,"column":56}},"1":{"start":{"line":2,"column":36},"end":{"line":2,"column":68}},"2":{"start":{"line":3,"column":32},"end":{"line":3,"column":65}},"3":{"start":{"line":7,"column":4},"end":{"line":7,"column":51}},"4":{"start":{"line":8,"column":4},"end":{"line":8,"column":58}},"5":{"start":{"line":12,"column":4},"end":{"line":12,"column":62}},"6":{"start":{"line":13,"column":4},"end":{"line":13,"column":69}},"7":{"start":{"line":14,"column":74},"end":{"line":14,"column":83}},"8":{"start":{"line":16,"column":4},"end":{"line":16,"column":107}},"9":{"start":{"line":19,"column":4},"end":{"line":23,"column":5}},"10":{"start":{"line":21,"column":6},"end":{"line":21,"column":57}},"11":{"start":{"line":22,"column":6},"end":{"line":22,"column":86}},"12":{"start":{"line":25,"column":4},"end":{"line":29,"column":5}},"13":{"start":{"line":27,"column":6},"end":{"line":27,"column":56}},"14":{"start":{"line":28,"column":6},"end":{"line":28,"column":71}},"15":{"start":{"line":32,"column":4},"end":{"line":35,"column":5}},"16":{"start":{"line":33,"column":6},"end":{"line":33,"column":65}},"17":{"start":{"line":34,"column":6},"end":{"line":34,"column":86}},"18":{"start":{"line":38,"column":4},"end":{"line":41,"column":5}},"19":{"start":{"line":39,"column":6},"end":{"line":39,"column":55}},"20":{"start":{"line":40,"column":6},"end":{"line":40,"column":82}},"21":{"start":{"line":44,"column":4},"end":{"line":48,"column":6}},"22":{"start":{"line":52,"column":4},"end":{"line":52,"column":67}},"23":{"start":{"line":53,"column":4},"end":{"line":53,"column":84}},"24":{"start":{"line":54,"column":47},"end":{"line":54,"column":51}},"25":{"start":{"line":55,"column":22},"end":{"line":55,"column":33}},"26":{"start":{"line":56,"column":4},"end":{"line":56,"column":67}},"27":{"start":{"line":59,"column":4},"end":{"line":61,"column":5}},"28":{"start":{"line":60,"column":6},"end":{"line":60,"column":93}},"29":{"start":{"line":63,"column":4},"end":{"line":63,"column":76}},"30":{"start":{"line":67,"column":4},"end":{"line":67,"column":68}},"31":{"start":{"line":68,"column":40},"end":{"line":68,"column":44}},"32":{"start":{"line":69,"column":4},"end":{"line":69,"column":84}},"33":{"start":{"line":73,"column":0},"end":{"line":73,"column":37}},"34":{"start":{"line":74,"column":0},"end":{"line":74,"column":156}},"35":{"start":{"line":75,"column":0},"end":{"line":75,"column":178}},"36":{"start":{"line":76,"column":0},"end":{"line":76,"column":178}},"37":{"start":{"line":78,"column":0},"end":{"line":78,"column":44}}},"fnMap":{"0":{"name":"(anonymous_0)","decl":{"start":{"line":6,"column":2},"end":{"line":6,"column":3}},"loc":{"start":{"line":6,"column":35},"end":{"line":9,"column":3}},"line":6},"1":{"name":"(anonymous_1)","decl":{"start":{"line":11,"column":2},"end":{"line":11,"column":3}},"loc":{"start":{"line":11,"column":29},"end":{"line":49,"column":3}},"line":11},"2":{"name":"(anonymous_2)","decl":{"start":{"line":51,"column":2},"end":{"line":51,"column":3}},"loc":{"start":{"line":51,"column":31},"end":{"line":64,"column":3}},"line":51},"3":{"name":"(anonymous_3)","decl":{"start":{"line":66,"column":2},"end":{"line":66,"column":3}},"loc":{"start":{"line":66,"column":31},"end":{"line":70,"column":3}},"line":66}},"branchMap":{"0":{"loc":{"start":{"line":19,"column":4},"end":{"line":23,"column":5}},"type":"if","locations":[{"start":{"line":19,"column":4},"end":{"line":23,"column":5}},{"start":{},"end":{}}],"line":19},"1":{"loc":{"start":{"line":19,"column":8},"end":{"line":19,"column":29}},"type":"binary-expr","locations":[{"start":{"line":19,"column":8},"end":{"line":19,"column":12}},{"start":{"line":19,"column":16},"end":{"line":19,"column":29}}],"line":19},"2":{"loc":{"start":{"line":25,"column":4},"end":{"line":29,"column":5}},"type":"if","locations":[{"start":{"line":25,"column":4},"end":{"line":29,"column":5}},{"start":{},"end":{}}],"line":25},"3":{"loc":{"start":{"line":25,"column":8},"end":{"line":25,"column":39}},"type":"binary-expr","locations":[{"start":{"line":25,"column":8},"end":{"line":25,"column":12}},{"start":{"line":25,"column":16},"end":{"line":25,"column":30}},{"start":{"line":25,"column":34},"end":{"line":25,"column":39}}],"line":25},"4":{"loc":{"start":{"line":32,"column":4},"end":{"line":35,"column":5}},"type":"if","locations":[{"start":{"line":32,"column":4},"end":{"line":35,"column":5}},{"start":{},"end":{}}],"line":32},"5":{"loc":{"start":{"line":32,"column":8},"end":{"line":32,"column":27}},"type":"binary-expr","locations":[{"start":{"line":32,"column":8},"end":{"line":32,"column":16}},{"start":{"line":32,"column":20},"end":{"line":32,"column":27}}],"line":32},"6":{"loc":{"start":{"line":38,"column":4},"end":{"line":41,"column":5}},"type":"if","locations":[{"start":{"line":38,"column":4},"end":{"line":41,"column":5}},{"start":{},"end":{}}],"line":38},"7":{"loc":{"start":{"line":55,"column":22},"end":{"line":55,"column":33}},"type":"binary-expr","locations":[{"start":{"line":55,"column":22},"end":{"line":55,"column":24}},{"start":{"line":55,"column":28},"end":{"line":55,"column":33}}],"line":55},"8":{"loc":{"start":{"line":59,"column":4},"end":{"line":61,"column":5}},"type":"if","locations":[{"start":{"line":59,"column":4},"end":{"line":61,"column":5}},{"start":{},"end":{}}],"line":59}},"s":{"0":0,"1":0,"2":0,"3":0,"4":0,"5":0,"6":0,"7":0,"8":0,"9":0,"10":0,"11":0,"12":0,"13":0,"14":0,"15":0,"16":0,"17":0,"18":0,"19":0,"20":0,"21":0,"22":0,"23":0,"24":0,"25":0,"26":0,"27":0,"28":0,"29":0,"30":0,"31":0,"32":0,"33":0,"34":0,"35":0,"36":0,"37":0},"f":{"0":0,"1":0,"2":0,"3":0},"b":{"0":[0,0],"1":[0,0],"2":[0,0],"3":[0,0,0],"4":[0,0],"5":[0,0],"6":[0,0],"7":[0,0],"8":[0,0]}}
,"A:\\Proyecto\\PAT-AH\\Backend-Huancavelica-Alertas-Agricolas\\services\\notification-service\\src\\notification.service.js": {"path":"A:\\Proyecto\\PAT-AH\\Backend-Huancavelica-Alertas-Agricolas\\services\\notification-service\\src\\notification.service.js","statementMap":{"0":{"start":{"line":1,"column":19},"end":{"line":1,"column":44}},"1":{"start":{"line":2,"column":20},"end":{"line":2,"column":50}},"2":{"start":{"line":6,"column":4},"end":{"line":6,"column":35}},"3":{"start":{"line":7,"column":4},"end":{"line":7,"column":55}},"4":{"start":{"line":11,"column":4},"end":{"line":24,"column":5}},"5":{"start":{"line":12,"column":6},"end":{"line":12,"column":70}},"6":{"start":{"line":13,"column":6},"end":{"line":16,"column":8}},"7":{"start":{"line":18,"column":6},"end":{"line":18,"column":70}},"8":{"start":{"line":19,"column":6},"end":{"line":23,"column":8}},"9":{"start":{"line":28,"column":4},"end":{"line":41,"column":5}},"10":{"start":{"line":29,"column":6},"end":{"line":29,"column":66}},"11":{"start":{"line":30,"column":6},"end":{"line":33,"column":8}},"12":{"start":{"line":35,"column":6},"end":{"line":35,"column":70}},"13":{"start":{"line":36,"column":6},"end":{"line":40,"column":8}},"14":{"start":{"line":45,"column":4},"end":{"line":58,"column":5}},"15":{"start":{"line":46,"column":6},"end":{"line":46,"column":56}},"16":{"start":{"line":47,"column":6},"end":{"line":50,"column":8}},"17":{"start":{"line":52,"column":6},"end":{"line":52,"column":84}},"18":{"start":{"line":53,"column":6},"end":{"line":57,"column":8}},"19":{"start":{"line":62,"column":4},"end":{"line":75,"column":5}},"20":{"start":{"line":63,"column":6},"end":{"line":63,"column":71}},"21":{"start":{"line":64,"column":6},"end":{"line":67,"column":8}},"22":{"start":{"line":69,"column":6},"end":{"line":69,"column":85}},"23":{"start":{"line":70,"column":6},"end":{"line":74,"column":8}},"24":{"start":{"line":79,"column":0},"end":{"line":79,"column":37}}},"fnMap":{"0":{"name":"(anonymous_0)","decl":{"start":{"line":5,"column":2},"end":{"line":5,"column":3}},"loc":{"start":{"line":5,"column":27},"end":{"line":8,"column":3}},"line":5},"1":{"name":"(anonymous_1)","decl":{"start":{"line":10,"column":2},"end":{"line":10,"column":3}},"loc":{"start":{"line":10,"column":50},"end":{"line":25,"column":3}},"line":10},"2":{"name":"(anonymous_2)","decl":{"start":{"line":27,"column":2},"end":{"line":27,"column":3}},"loc":{"start":{"line":27,"column":46},"end":{"line":42,"column":3}},"line":27},"3":{"name":"(anonymous_3)","decl":{"start":{"line":44,"column":2},"end":{"line":44,"column":3}},"loc":{"start":{"line":44,"column":35},"end":{"line":59,"column":3}},"line":44},"4":{"name":"(anonymous_4)","decl":{"start":{"line":61,"column":2},"end":{"line":61,"column":3}},"loc":{"start":{"line":61,"column":50},"end":{"line":76,"column":3}},"line":61}},"branchMap":{},"s":{"0":1,"1":1,"2":4,"3":4,"4":1,"5":1,"6":1,"7":0,"8":0,"9":1,"10":1,"11":1,"12":0,"13":0,"14":1,"15":1,"16":1,"17":0,"18":0,"19":0,"20":0,"21":0,"22":0,"23":0,"24":1},"f":{"0":4,"1":1,"2":1,"3":1,"4":0},"b":{},"_coverageSchema":"1a1c01bbd47fc00a2c39e90264f33305004495a9","hash":"e11f17c1431da5614195286934783ee3c8030c9f"}
,"A:\\Proyecto\\PAT-AH\\Backend-Huancavelica-Alertas-Agricolas\\services\\notification-service\\src\\mail\\mail.module.js": {"path":"A:\\Proyecto\\PAT-AH\\Backend-Huancavelica-Alertas-Agricolas\\services\\notification-service\\src\\mail\\mail.module.js","statementMap":{"0":{"start":{"line":1,"column":25},"end":{"line":1,"column":58}},"1":{"start":{"line":2,"column":30},"end":{"line":2,"column":96}},"2":{"start":{"line":3,"column":19},"end":{"line":3,"column":44}},"3":{"start":{"line":4,"column":40},"end":{"line":4,"column":65}},"4":{"start":{"line":5,"column":17},"end":{"line":5,"column":32}},"5":{"start":{"line":6,"column":24},"end":{"line":6,"column":49}},"6":{"start":{"line":8,"column":21},"end":{"line":38,"column":1}},"7":{"start":{"line":12,"column":38},"end":{"line":32,"column":7}},"8":{"start":{"line":42,"column":0},"end":{"line":42,"column":32}}},"fnMap":{"0":{"name":"(anonymous_0)","decl":{"start":{"line":12,"column":18},"end":{"line":12,"column":19}},"loc":{"start":{"line":12,"column":38},"end":{"line":32,"column":7}},"line":12}},"branchMap":{"0":{"loc":{"start":{"line":14,"column":16},"end":{"line":14,"column":100}},"type":"binary-expr","locations":[{"start":{"line":14,"column":16},"end":{"line":14,"column":46}},{"start":{"line":14,"column":50},"end":{"line":14,"column":80}},{"start":{"line":14,"column":84},"end":{"line":14,"column":100}}],"line":14},"1":{"loc":{"start":{"line":18,"column":18},"end":{"line":18,"column":82}},"type":"binary-expr","locations":[{"start":{"line":18,"column":18},"end":{"line":18,"column":48}},{"start":{"line":18,"column":52},"end":{"line":18,"column":82}}],"line":18},"2":{"loc":{"start":{"line":19,"column":18},"end":{"line":19,"column":82}},"type":"binary-expr","locations":[{"start":{"line":19,"column":18},"end":{"line":19,"column":48}},{"start":{"line":19,"column":52},"end":{"line":19,"column":82}}],"line":19},"3":{"loc":{"start":{"line":23,"column":20},"end":{"line":23,"column":68}},"type":"binary-expr","locations":[{"start":{"line":23,"column":20},"end":{"line":23,"column":50}},{"start":{"line":23,"column":54},"end":{"line":23,"column":68}}],"line":23},"4":{"loc":{"start":{"line":23,"column":74},"end":{"line":23,"column":138}},"type":"binary-expr","locations":[{"start":{"line":23,"column":74},"end":{"line":23,"column":104}},{"start":{"line":23,"column":108},"end":{"line":23,"column":138}}],"line":23}},"s":{"0":0,"1":0,"2":0,"3":0,"4":0,"5":0,"6":0,"7":0,"8":0},"f":{"0":0},"b":{"0":[0,0,0],"1":[0,0],"2":[0,0],"3":[0,0],"4":[0,0]}}
,"A:\\Proyecto\\PAT-AH\\Backend-Huancavelica-Alertas-Agricolas\\services\\notification-service\\src\\mail\\mail.service.js": {"path":"A:\\Proyecto\\PAT-AH\\Backend-Huancavelica-Alertas-Agricolas\\services\\notification-service\\src\\mail\\mail.service.js","statementMap":{"0":{"start":{"line":1,"column":19},"end":{"line":1,"column":40}},"1":{"start":{"line":5,"column":4},"end":{"line":5,"column":27}},"2":{"start":{"line":8,"column":4},"end":{"line":8,"column":54}},"3":{"start":{"line":11,"column":4},"end":{"line":11,"column":58}},"4":{"start":{"line":12,"column":4},"end":{"line":14,"column":5}},"5":{"start":{"line":13,"column":6},"end":{"line":13,"column":27}},"6":{"start":{"line":20,"column":4},"end":{"line":20,"column":39}},"7":{"start":{"line":21,"column":4},"end":{"line":21,"column":44}},"8":{"start":{"line":25,"column":4},"end":{"line":37,"column":5}},"9":{"start":{"line":26,"column":6},"end":{"line":26,"column":75}},"10":{"start":{"line":27,"column":6},"end":{"line":32,"column":9}},"11":{"start":{"line":33,"column":6},"end":{"line":33,"column":61}},"12":{"start":{"line":35,"column":6},"end":{"line":35,"column":70}},"13":{"start":{"line":36,"column":6},"end":{"line":36,"column":18}},"14":{"start":{"line":41,"column":4},"end":{"line":66,"column":5}},"15":{"start":{"line":42,"column":6},"end":{"line":42,"column":64}},"16":{"start":{"line":45,"column":26},"end":{"line":53,"column":8}},"17":{"start":{"line":55,"column":6},"end":{"line":60,"column":9}},"18":{"start":{"line":62,"column":6},"end":{"line":62,"column":61}},"19":{"start":{"line":64,"column":6},"end":{"line":64,"column":70}},"20":{"start":{"line":65,"column":6},"end":{"line":65,"column":18}},"21":{"start":{"line":70,"column":4},"end":{"line":70,"column":74}},"22":{"start":{"line":73,"column":4},"end":{"line":78,"column":5}},"23":{"start":{"line":74,"column":28},"end":{"line":74,"column":96}},"24":{"start":{"line":75,"column":24},"end":{"line":75,"column":44}},"25":{"start":{"line":76,"column":6},"end":{"line":76,"column":87}},"26":{"start":{"line":77,"column":6},"end":{"line":77,"column":71}},"27":{"start":{"line":80,"column":4},"end":{"line":85,"column":6}},"28":{"start":{"line":89,"column":4},"end":{"line":110,"column":5}},"29":{"start":{"line":90,"column":6},"end":{"line":90,"column":99}},"30":{"start":{"line":93,"column":6},"end":{"line":104,"column":9}},"31":{"start":{"line":106,"column":6},"end":{"line":106,"column":94}},"32":{"start":{"line":108,"column":6},"end":{"line":108,"column":85}},"33":{"start":{"line":109,"column":6},"end":{"line":109,"column":18}},"34":{"start":{"line":114,"column":0},"end":{"line":114,"column":41}}},"fnMap":{"0":{"name":"(anonymous_0)","decl":{"start":{"line":4,"column":2},"end":{"line":4,"column":3}},"loc":{"start":{"line":4,"column":23},"end":{"line":6,"column":3}},"line":4},"1":{"name":"(anonymous_1)","decl":{"start":{"line":7,"column":2},"end":{"line":7,"column":3}},"loc":{"start":{"line":7,"column":15},"end":{"line":9,"column":3}},"line":7},"2":{"name":"(anonymous_2)","decl":{"start":{"line":10,"column":2},"end":{"line":10,"column":3}},"loc":{"start":{"line":10,"column":24},"end":{"line":15,"column":3}},"line":10},"3":{"name":"(anonymous_3)","decl":{"start":{"line":19,"column":2},"end":{"line":19,"column":3}},"loc":{"start":{"line":19,"column":29},"end":{"line":22,"column":3}},"line":19},"4":{"name":"(anonymous_4)","decl":{"start":{"line":24,"column":2},"end":{"line":24,"column":3}},"loc":{"start":{"line":24,"column":49},"end":{"line":38,"column":3}},"line":24},"5":{"name":"(anonymous_5)","decl":{"start":{"line":40,"column":2},"end":{"line":40,"column":3}},"loc":{"start":{"line":40,"column":45},"end":{"line":67,"column":3}},"line":40},"6":{"name":"(anonymous_6)","decl":{"start":{"line":69,"column":2},"end":{"line":69,"column":3}},"loc":{"start":{"line":69,"column":35},"end":{"line":86,"column":3}},"line":69},"7":{"name":"(anonymous_7)","decl":{"start":{"line":88,"column":2},"end":{"line":88,"column":3}},"loc":{"start":{"line":88,"column":50},"end":{"line":111,"column":3}},"line":88}},"branchMap":{"0":{"loc":{"start":{"line":12,"column":4},"end":{"line":14,"column":5}},"type":"if","locations":[{"start":{"line":12,"column":4},"end":{"line":14,"column":5}},{"start":{},"end":{}}],"line":12},"1":{"loc":{"start":{"line":46,"column":14},"end":{"line":46,"column":55}},"type":"binary-expr","locations":[{"start":{"line":46,"column":14},"end":{"line":46,"column":35}},{"start":{"line":46,"column":39},"end":{"line":46,"column":55}}],"line":46},"2":{"loc":{"start":{"line":73,"column":4},"end":{"line":78,"column":5}},"type":"if","locations":[{"start":{"line":73,"column":4},"end":{"line":78,"column":5}},{"start":{},"end":{}}],"line":73},"3":{"loc":{"start":{"line":73,"column":8},"end":{"line":73,"column":39}},"type":"binary-expr","locations":[{"start":{"line":73,"column":8},"end":{"line":73,"column":12}},{"start":{"line":73,"column":16},"end":{"line":73,"column":39}}],"line":73},"4":{"loc":{"start":{"line":74,"column":28},"end":{"line":74,"column":96}},"type":"binary-expr","locations":[{"start":{"line":74,"column":28},"end":{"line":74,"column":48}},{"start":{"line":74,"column":52},"end":{"line":74,"column":96}}],"line":74}},"s":{"0":1,"1":0,"2":0,"3":0,"4":0,"5":0,"6":0,"7":0,"8":0,"9":0,"10":0,"11":0,"12":0,"13":0,"14":0,"15":0,"16":0,"17":0,"18":0,"19":0,"20":0,"21":0,"22":0,"23":0,"24":0,"25":0,"26":0,"27":0,"28":0,"29":0,"30":0,"31":0,"32":0,"33":0,"34":1},"f":{"0":0,"1":0,"2":0,"3":0,"4":0,"5":0,"6":0,"7":0},"b":{"0":[0,0],"1":[0,0],"2":[0,0],"3":[0,0],"4":[0,0]},"_coverageSchema":"1a1c01bbd47fc00a2c39e90264f33305004495a9","hash":"b023c3c5623b185e287f422a439fe767a8e05047"}
}
