{"total": {"lines":{"total":325,"covered":16,"skipped":0,"pct":4.92},"statements":{"total":377,"covered":16,"skipped":0,"pct":4.24},"functions":{"total":50,"covered":4,"skipped":0,"pct":8},"branches":{"total":232,"covered":0,"skipped":0,"pct":0},"branchesTrue":{"total":0,"covered":0,"skipped":0,"pct":100}}
,"A:\\Proyecto\\PAT-AH\\Backend-Huancavelica-Alertas-Agricolas\\services\\notification-service\\src\\all-exceptions.filter.js": {"lines":{"total":15,"covered":0,"skipped":0,"pct":0},"functions":{"total":2,"covered":0,"skipped":0,"pct":0},"statements":{"total":15,"covered":0,"skipped":0,"pct":0},"branches":{"total":7,"covered":0,"skipped":0,"pct":0}}
,"A:\\Proyecto\\PAT-AH\\Backend-Huancavelica-Alertas-Agricolas\\services\\notification-service\\src\\app.module.js": {"lines":{"total":8,"covered":0,"skipped":0,"pct":0},"functions":{"total":0,"covered":0,"skipped":0,"pct":100},"statements":{"total":8,"covered":0,"skipped":0,"pct":0},"branches":{"total":0,"covered":0,"skipped":0,"pct":100}}
,"A:\\Proyecto\\PAT-AH\\Backend-Huancavelica-Alertas-Agricolas\\services\\notification-service\\src\\logger.js": {"lines":{"total":3,"covered":0,"skipped":0,"pct":0},"functions":{"total":0,"covered":0,"skipped":0,"pct":100},"statements":{"total":3,"covered":0,"skipped":0,"pct":0},"branches":{"total":0,"covered":0,"skipped":0,"pct":100}}
,"A:\\Proyecto\\PAT-AH\\Backend-Huancavelica-Alertas-Agricolas\\services\\notification-service\\src\\main.js": {"lines":{"total":192,"covered":0,"skipped":0,"pct":0},"functions":{"total":30,"covered":0,"skipped":0,"pct":0},"statements":{"total":244,"covered":0,"skipped":0,"pct":0},"branches":{"total":185,"covered":0,"skipped":0,"pct":0}}
,"A:\\Proyecto\\PAT-AH\\Backend-Huancavelica-Alertas-Agricolas\\services\\notification-service\\src\\notification.controller.js": {"lines":{"total":38,"covered":0,"skipped":0,"pct":0},"functions":{"total":4,"covered":0,"skipped":0,"pct":0},"statements":{"total":38,"covered":0,"skipped":0,"pct":0},"branches":{"total":19,"covered":0,"skipped":0,"pct":0}}
,"A:\\Proyecto\\PAT-AH\\Backend-Huancavelica-Alertas-Agricolas\\services\\notification-service\\src\\notification.service.js": {"lines":{"total":25,"covered":14,"skipped":0,"pct":56},"functions":{"total":5,"covered":4,"skipped":0,"pct":80},"statements":{"total":25,"covered":14,"skipped":0,"pct":56},"branches":{"total":0,"covered":0,"skipped":0,"pct":100}}
,"A:\\Proyecto\\PAT-AH\\Backend-Huancavelica-Alertas-Agricolas\\services\\notification-service\\src\\mail\\mail.module.js": {"lines":{"total":9,"covered":0,"skipped":0,"pct":0},"functions":{"total":1,"covered":0,"skipped":0,"pct":0},"statements":{"total":9,"covered":0,"skipped":0,"pct":0},"branches":{"total":11,"covered":0,"skipped":0,"pct":0}}
,"A:\\Proyecto\\PAT-AH\\Backend-Huancavelica-Alertas-Agricolas\\services\\notification-service\\src\\mail\\mail.service.js": {"lines":{"total":35,"covered":2,"skipped":0,"pct":5.71},"functions":{"total":8,"covered":0,"skipped":0,"pct":0},"statements":{"total":35,"covered":2,"skipped":0,"pct":5.71},"branches":{"total":10,"covered":0,"skipped":0,"pct":0}}
}
