TN:
SF:src\all-exceptions.filter.js
FN:6,(anonymous_0)
FN:10,(anonymous_1)
FNF:2
FNH:0
FNDA:0,(anonymous_0)
FNDA:0,(anonymous_1)
DA:1,0
DA:2,0
DA:3,0
DA:7,0
DA:11,0
DA:12,0
DA:13,0
DA:14,0
DA:15,0
DA:16,0
DA:17,0
DA:18,0
DA:20,0
DA:22,0
DA:26,0
LF:15
LH:0
BRDA:6,0,0,0
BRDA:13,1,0,0
BRDA:13,1,1,0
BRDA:15,2,0,0
BRDA:15,2,1,0
BRDA:17,3,0,0
BRDA:17,3,1,0
BRF:7
BRH:0
end_of_record
TN:
SF:src\app.module.js
FNF:0
FNH:0
DA:1,0
DA:2,0
DA:3,0
DA:4,0
DA:5,0
DA:6,0
DA:8,0
DA:20,0
LF:8
LH:0
BRF:0
BRH:0
end_of_record
TN:
SF:src\logger.js
FNF:0
FNH:0
DA:1,0
DA:3,0
DA:17,0
LF:3
LH:0
BRF:0
BRH:0
end_of_record
TN:
SF:src\main.js
FN:9,safeRequire
FN:13,parseUrlHostPort
FN:23,tryConnect
FN:24,(anonymous_3)
FN:30,(anonymous_4)
FN:31,(anonymous_5)
FN:32,(anonymous_6)
FN:36,startNest
FN:47,startHealthAndMetrics
FN:67,updateQueueLength
FN:77,(anonymous_10)
FN:83,(anonymous_11)
FN:94,(anonymous_12)
FN:100,(anonymous_13)
FN:129,(anonymous_14)
FN:129,(anonymous_15)
FN:147,(anonymous_16)
FN:148,(anonymous_17)
FN:148,(anonymous_18)
FN:152,(anonymous_19)
FN:161,(anonymous_20)
FN:168,(anonymous_21)
FN:215,(anonymous_22)
FN:221,(anonymous_23)
FN:231,(anonymous_24)
FN:237,(anonymous_25)
FN:263,(anonymous_26)
FN:264,(anonymous_27)
FN:289,(anonymous_28)
FN:292,main
FNF:30
FNH:0
FNDA:0,safeRequire
FNDA:0,parseUrlHostPort
FNDA:0,tryConnect
FNDA:0,(anonymous_3)
FNDA:0,(anonymous_4)
FNDA:0,(anonymous_5)
FNDA:0,(anonymous_6)
FNDA:0,startNest
FNDA:0,startHealthAndMetrics
FNDA:0,updateQueueLength
FNDA:0,(anonymous_10)
FNDA:0,(anonymous_11)
FNDA:0,(anonymous_12)
FNDA:0,(anonymous_13)
FNDA:0,(anonymous_14)
FNDA:0,(anonymous_15)
FNDA:0,(anonymous_16)
FNDA:0,(anonymous_17)
FNDA:0,(anonymous_18)
FNDA:0,(anonymous_19)
FNDA:0,(anonymous_20)
FNDA:0,(anonymous_21)
FNDA:0,(anonymous_22)
FNDA:0,(anonymous_23)
FNDA:0,(anonymous_24)
FNDA:0,(anonymous_25)
FNDA:0,(anonymous_26)
FNDA:0,(anonymous_27)
FNDA:0,(anonymous_28)
FNDA:0,main
DA:2,0
DA:3,0
DA:4,0
DA:5,0
DA:6,0
DA:7,0
DA:10,0
DA:14,0
DA:15,0
DA:16,0
DA:17,0
DA:19,0
DA:24,0
DA:25,0
DA:26,0
DA:27,0
DA:28,0
DA:29,0
DA:30,0
DA:31,0
DA:32,0
DA:37,0
DA:41,0
DA:42,0
DA:43,0
DA:44,0
DA:48,0
DA:50,0
DA:51,0
DA:52,0
DA:53,0
DA:55,0
DA:56,0
DA:57,0
DA:58,0
DA:60,0
DA:64,0
DA:65,0
DA:68,0
DA:69,0
DA:70,0
DA:71,0
DA:72,0
DA:73,0
DA:74,0
DA:75,0
DA:76,0
DA:77,0
DA:79,0
DA:81,0
DA:83,0
DA:84,0
DA:87,0
DA:88,0
DA:89,0
DA:90,0
DA:91,0
DA:92,0
DA:93,0
DA:94,0
DA:96,0
DA:98,0
DA:100,0
DA:101,0
DA:105,0
DA:106,0
DA:107,0
DA:108,0
DA:110,0
DA:112,0
DA:115,0
DA:116,0
DA:117,0
DA:118,0
DA:119,0
DA:120,0
DA:121,0
DA:122,0
DA:123,0
DA:124,0
DA:126,0
DA:129,0
DA:131,0
DA:133,0
DA:136,0
DA:137,0
DA:138,0
DA:139,0
DA:142,0
DA:146,0
DA:147,0
DA:148,0
DA:151,0
DA:152,0
DA:153,0
DA:154,0
DA:155,0
DA:156,0
DA:158,0
DA:159,0
DA:161,0
DA:163,0
DA:168,0
DA:169,0
DA:170,0
DA:171,0
DA:172,0
DA:175,0
DA:176,0
DA:179,0
DA:180,0
DA:181,0
DA:182,0
DA:183,0
DA:184,0
DA:185,0
DA:186,0
DA:188,0
DA:190,0
DA:192,0
DA:193,0
DA:194,0
DA:195,0
DA:198,0
DA:201,0
DA:205,0
DA:206,0
DA:207,0
DA:208,0
DA:209,0
DA:210,0
DA:211,0
DA:212,0
DA:213,0
DA:214,0
DA:215,0
DA:216,0
DA:219,0
DA:221,0
DA:223,0
DA:224,0
DA:225,0
DA:226,0
DA:227,0
DA:228,0
DA:229,0
DA:230,0
DA:231,0
DA:232,0
DA:235,0
DA:237,0
DA:239,0
DA:240,0
DA:241,0
DA:242,0
DA:245,0
DA:246,0
DA:247,0
DA:248,0
DA:249,0
DA:250,0
DA:251,0
DA:252,0
DA:253,0
DA:254,0
DA:255,0
DA:256,0
DA:258,0
DA:261,0
DA:263,0
DA:264,0
DA:266,0
DA:267,0
DA:268,0
DA:269,0
DA:272,0
DA:273,0
DA:274,0
DA:275,0
DA:278,0
DA:281,0
DA:282,0
DA:285,0
DA:286,0
DA:289,0
DA:293,0
DA:294,0
DA:296,0
DA:299,0
DA:300,0
DA:302,0
DA:306,0
LF:192
LH:0
BRDA:16,0,0,0
BRDA:16,0,1,0
BRDA:16,1,0,0
BRDA:16,1,1,0
BRDA:16,2,0,0
BRDA:16,2,1,0
BRDA:17,3,0,0
BRDA:17,3,1,0
BRDA:23,4,0,0
BRDA:25,5,0,0
BRDA:25,5,1,0
BRDA:25,6,0,0
BRDA:25,6,1,0
BRDA:30,7,0,0
BRDA:30,7,1,0
BRDA:31,8,0,0
BRDA:31,8,1,0
BRDA:32,9,0,0
BRDA:32,9,1,0
BRDA:39,10,0,0
BRDA:39,10,1,0
BRDA:50,11,0,0
BRDA:50,11,1,0
BRDA:51,12,0,0
BRDA:51,12,1,0
BRDA:52,13,0,0
BRDA:52,13,1,0
BRDA:53,14,0,0
BRDA:53,14,1,0
BRDA:56,15,0,0
BRDA:56,15,1,0
BRDA:58,16,0,0
BRDA:58,16,1,0
BRDA:60,17,0,0
BRDA:60,17,1,0
BRDA:64,18,0,0
BRDA:64,18,1,0
BRDA:65,19,0,0
BRDA:65,19,1,0
BRDA:68,20,0,0
BRDA:68,20,1,0
BRDA:70,21,0,0
BRDA:70,21,1,0
BRDA:72,22,0,0
BRDA:72,22,1,0
BRDA:76,23,0,0
BRDA:76,23,1,0
BRDA:79,24,0,0
BRDA:79,24,1,0
BRDA:79,25,0,0
BRDA:79,25,1,0
BRDA:81,26,0,0
BRDA:81,26,1,0
BRDA:81,27,0,0
BRDA:81,27,1,0
BRDA:88,28,0,0
BRDA:88,28,1,0
BRDA:93,29,0,0
BRDA:93,29,1,0
BRDA:96,30,0,0
BRDA:96,30,1,0
BRDA:96,31,0,0
BRDA:96,31,1,0
BRDA:98,32,0,0
BRDA:98,32,1,0
BRDA:98,33,0,0
BRDA:98,33,1,0
BRDA:105,34,0,0
BRDA:105,34,1,0
BRDA:106,35,0,0
BRDA:106,35,1,0
BRDA:107,36,0,0
BRDA:107,36,1,0
BRDA:108,37,0,0
BRDA:108,37,1,0
BRDA:110,38,0,0
BRDA:110,38,1,0
BRDA:110,39,0,0
BRDA:110,39,1,0
BRDA:115,40,0,0
BRDA:115,40,1,0
BRDA:117,41,0,0
BRDA:117,41,1,0
BRDA:121,42,0,0
BRDA:121,42,1,0
BRDA:124,43,0,0
BRDA:124,43,1,0
BRDA:124,44,0,0
BRDA:124,44,1,0
BRDA:126,45,0,0
BRDA:126,45,1,0
BRDA:126,46,0,0
BRDA:126,46,1,0
BRDA:131,47,0,0
BRDA:131,47,1,0
BRDA:131,48,0,0
BRDA:131,48,1,0
BRDA:136,49,0,0
BRDA:136,49,1,0
BRDA:137,50,0,0
BRDA:137,50,1,0
BRDA:138,51,0,0
BRDA:138,51,1,0
BRDA:138,52,0,0
BRDA:138,52,1,0
BRDA:138,53,0,0
BRDA:138,53,1,0
BRDA:142,54,0,0
BRDA:142,54,1,0
BRDA:142,55,0,0
BRDA:142,55,1,0
BRDA:146,56,0,0
BRDA:146,56,1,0
BRDA:153,57,0,0
BRDA:153,57,1,0
BRDA:163,58,0,0
BRDA:163,58,1,0
BRDA:169,59,0,0
BRDA:169,59,1,0
BRDA:180,60,0,0
BRDA:180,60,1,0
BRDA:182,61,0,0
BRDA:182,61,1,0
BRDA:182,62,0,0
BRDA:182,62,1,0
BRDA:192,63,0,0
BRDA:192,63,1,0
BRDA:194,64,0,0
BRDA:194,64,1,0
BRDA:195,65,0,0
BRDA:195,65,1,0
BRDA:206,66,0,0
BRDA:206,66,1,0
BRDA:209,67,0,0
BRDA:209,67,1,0
BRDA:214,68,0,0
BRDA:214,68,1,0
BRDA:216,69,0,0
BRDA:216,69,1,0
BRDA:224,70,0,0
BRDA:224,70,1,0
BRDA:230,71,0,0
BRDA:230,71,1,0
BRDA:232,72,0,0
BRDA:232,72,1,0
BRDA:239,73,0,0
BRDA:239,73,1,0
BRDA:240,74,0,0
BRDA:240,74,1,0
BRDA:241,75,0,0
BRDA:241,75,1,0
BRDA:242,76,0,0
BRDA:242,76,1,0
BRDA:245,77,0,0
BRDA:245,77,1,0
BRDA:248,78,0,0
BRDA:248,78,1,0
BRDA:252,79,0,0
BRDA:252,79,1,0
BRDA:256,80,0,0
BRDA:256,80,1,0
BRDA:266,81,0,0
BRDA:266,81,1,0
BRDA:267,82,0,0
BRDA:267,82,1,0
BRDA:268,83,0,0
BRDA:268,83,1,0
BRDA:269,84,0,0
BRDA:269,84,1,0
BRDA:272,85,0,0
BRDA:272,85,1,0
BRDA:273,86,0,0
BRDA:273,86,1,0
BRDA:274,87,0,0
BRDA:274,87,1,0
BRDA:275,88,0,0
BRDA:275,88,1,0
BRDA:285,89,0,0
BRDA:285,89,1,0
BRDA:286,90,0,0
BRDA:286,90,1,0
BRDA:296,91,0,0
BRDA:296,91,1,0
BRDA:302,92,0,0
BRDA:302,92,1,0
BRF:185
BRH:0
end_of_record
TN:
SF:src\notification.controller.js
FN:6,(anonymous_0)
FN:11,(anonymous_1)
FN:51,(anonymous_2)
FN:66,(anonymous_3)
FNF:4
FNH:0
FNDA:0,(anonymous_0)
FNDA:0,(anonymous_1)
FNDA:0,(anonymous_2)
FNDA:0,(anonymous_3)
DA:1,0
DA:2,0
DA:3,0
DA:7,0
DA:8,0
DA:12,0
DA:13,0
DA:14,0
DA:16,0
DA:19,0
DA:21,0
DA:22,0
DA:25,0
DA:27,0
DA:28,0
DA:32,0
DA:33,0
DA:34,0
DA:38,0
DA:39,0
DA:40,0
DA:44,0
DA:52,0
DA:53,0
DA:54,0
DA:55,0
DA:56,0
DA:59,0
DA:60,0
DA:63,0
DA:67,0
DA:68,0
DA:69,0
DA:73,0
DA:74,0
DA:75,0
DA:76,0
DA:78,0
LF:38
LH:0
BRDA:19,0,0,0
BRDA:19,0,1,0
BRDA:19,1,0,0
BRDA:19,1,1,0
BRDA:25,2,0,0
BRDA:25,2,1,0
BRDA:25,3,0,0
BRDA:25,3,1,0
BRDA:25,3,2,0
BRDA:32,4,0,0
BRDA:32,4,1,0
BRDA:32,5,0,0
BRDA:32,5,1,0
BRDA:38,6,0,0
BRDA:38,6,1,0
BRDA:55,7,0,0
BRDA:55,7,1,0
BRDA:59,8,0,0
BRDA:59,8,1,0
BRF:19
BRH:0
end_of_record
TN:
SF:src\notification.service.js
FN:5,(anonymous_0)
FN:10,(anonymous_1)
FN:27,(anonymous_2)
FN:44,(anonymous_3)
FN:61,(anonymous_4)
FNF:5
FNH:4
FNDA:4,(anonymous_0)
FNDA:1,(anonymous_1)
FNDA:1,(anonymous_2)
FNDA:1,(anonymous_3)
FNDA:0,(anonymous_4)
DA:1,1
DA:2,1
DA:6,4
DA:7,4
DA:11,1
DA:12,1
DA:13,1
DA:18,0
DA:19,0
DA:28,1
DA:29,1
DA:30,1
DA:35,0
DA:36,0
DA:45,1
DA:46,1
DA:47,1
DA:52,0
DA:53,0
DA:62,0
DA:63,0
DA:64,0
DA:69,0
DA:70,0
DA:79,1
LF:25
LH:14
BRF:0
BRH:0
end_of_record
TN:
SF:src\mail\mail.module.js
FN:12,(anonymous_0)
FNF:1
FNH:0
FNDA:0,(anonymous_0)
DA:1,0
DA:2,0
DA:3,0
DA:4,0
DA:5,0
DA:6,0
DA:8,0
DA:12,0
DA:42,0
LF:9
LH:0
BRDA:14,0,0,0
BRDA:14,0,1,0
BRDA:14,0,2,0
BRDA:18,1,0,0
BRDA:18,1,1,0
BRDA:19,2,0,0
BRDA:19,2,1,0
BRDA:23,3,0,0
BRDA:23,3,1,0
BRDA:23,4,0,0
BRDA:23,4,1,0
BRF:11
BRH:0
end_of_record
TN:
SF:src\mail\mail.service.js
FN:4,(anonymous_0)
FN:7,(anonymous_1)
FN:10,(anonymous_2)
FN:19,(anonymous_3)
FN:24,(anonymous_4)
FN:40,(anonymous_5)
FN:69,(anonymous_6)
FN:88,(anonymous_7)
FNF:8
FNH:0
FNDA:0,(anonymous_0)
FNDA:0,(anonymous_1)
FNDA:0,(anonymous_2)
FNDA:0,(anonymous_3)
FNDA:0,(anonymous_4)
FNDA:0,(anonymous_5)
FNDA:0,(anonymous_6)
FNDA:0,(anonymous_7)
DA:1,1
DA:5,0
DA:8,0
DA:11,0
DA:12,0
DA:13,0
DA:20,0
DA:21,0
DA:25,0
DA:26,0
DA:27,0
DA:33,0
DA:35,0
DA:36,0
DA:41,0
DA:42,0
DA:45,0
DA:55,0
DA:62,0
DA:64,0
DA:65,0
DA:70,0
DA:73,0
DA:74,0
DA:75,0
DA:76,0
DA:77,0
DA:80,0
DA:89,0
DA:90,0
DA:93,0
DA:106,0
DA:108,0
DA:109,0
DA:114,1
LF:35
LH:2
BRDA:12,0,0,0
BRDA:12,0,1,0
BRDA:46,1,0,0
BRDA:46,1,1,0
BRDA:73,2,0,0
BRDA:73,2,1,0
BRDA:73,3,0,0
BRDA:73,3,1,0
BRDA:74,4,0,0
BRDA:74,4,1,0
BRF:10
BRH:0
end_of_record
