{"A:\\Proyecto\\PAT-AH\\Backend-Huancavelica-Alertas-Agricolas\\services\\alert-service\\src\\alert.controller.js": {"path":"A:\\Proyecto\\PAT-AH\\Backend-Huancavelica-Alertas-Agricolas\\services\\alert-service\\src\\alert.controller.js","statementMap":{"0":{"start":{"line":1,"column":19},"end":{"line":1,"column":44}},"1":{"start":{"line":5,"column":4},"end":{"line":5,"column":51}},"2":{"start":{"line":6,"column":4},"end":{"line":6,"column":37}},"3":{"start":{"line":10,"column":4},"end":{"line":10,"column":83}},"4":{"start":{"line":12,"column":4},"end":{"line":12,"column":69}},"5":{"start":{"line":16,"column":4},"end":{"line":16,"column":79}},"6":{"start":{"line":17,"column":4},"end":{"line":17,"column":68}},"7":{"start":{"line":21,"column":4},"end":{"line":21,"column":85}},"8":{"start":{"line":22,"column":4},"end":{"line":22,"column":66}},"9":{"start":{"line":26,"column":4},"end":{"line":26,"column":50}},"10":{"start":{"line":27,"column":4},"end":{"line":41,"column":5}},"11":{"start":{"line":28,"column":21},"end":{"line":28,"column":62}},"12":{"start":{"line":29,"column":6},"end":{"line":33,"column":8}},"13":{"start":{"line":35,"column":6},"end":{"line":35,"column":68}},"14":{"start":{"line":36,"column":6},"end":{"line":40,"column":8}},"15":{"start":{"line":45,"column":4},"end":{"line":45,"column":70}},"16":{"start":{"line":46,"column":4},"end":{"line":60,"column":5}},"17":{"start":{"line":47,"column":25},"end":{"line":47,"column":75}},"18":{"start":{"line":48,"column":6},"end":{"line":52,"column":8}},"19":{"start":{"line":54,"column":6},"end":{"line":54,"column":72}},"20":{"start":{"line":55,"column":6},"end":{"line":59,"column":8}},"21":{"start":{"line":64,"column":4},"end":{"line":64,"column":71}},"22":{"start":{"line":65,"column":4},"end":{"line":79,"column":5}},"23":{"start":{"line":66,"column":24},"end":{"line":66,"column":81}},"24":{"start":{"line":67,"column":6},"end":{"line":71,"column":8}},"25":{"start":{"line":73,"column":6},"end":{"line":73,"column":68}},"26":{"start":{"line":74,"column":6},"end":{"line":78,"column":8}},"27":{"start":{"line":84,"column":4},"end":{"line":91,"column":6}}},"fnMap":{"0":{"name":"(anonymous_0)","decl":{"start":{"line":4,"column":2},"end":{"line":4,"column":3}},"loc":{"start":{"line":4,"column":28},"end":{"line":7,"column":3}},"line":4},"1":{"name":"(anonymous_1)","decl":{"start":{"line":9,"column":2},"end":{"line":9,"column":3}},"loc":{"start":{"line":9,"column":43},"end":{"line":13,"column":3}},"line":9},"2":{"name":"(anonymous_2)","decl":{"start":{"line":15,"column":2},"end":{"line":15,"column":3}},"loc":{"start":{"line":15,"column":41},"end":{"line":18,"column":3}},"line":15},"3":{"name":"(anonymous_3)","decl":{"start":{"line":20,"column":2},"end":{"line":20,"column":3}},"loc":{"start":{"line":20,"column":39},"end":{"line":23,"column":3}},"line":20},"4":{"name":"(anonymous_4)","decl":{"start":{"line":25,"column":2},"end":{"line":25,"column":3}},"loc":{"start":{"line":25,"column":26},"end":{"line":42,"column":3}},"line":25},"5":{"name":"(anonymous_5)","decl":{"start":{"line":44,"column":2},"end":{"line":44,"column":3}},"loc":{"start":{"line":44,"column":28},"end":{"line":61,"column":3}},"line":44},"6":{"name":"(anonymous_6)","decl":{"start":{"line":63,"column":2},"end":{"line":63,"column":3}},"loc":{"start":{"line":63,"column":30},"end":{"line":80,"column":3}},"line":63},"7":{"name":"(anonymous_7)","decl":{"start":{"line":83,"column":2},"end":{"line":83,"column":3}},"loc":{"start":{"line":83,"column":21},"end":{"line":92,"column":3}},"line":83}},"branchMap":{},"s":{"0":0,"1":0,"2":0,"3":0,"4":0,"5":0,"6":0,"7":0,"8":0,"9":0,"10":0,"11":0,"12":0,"13":0,"14":0,"15":0,"16":0,"17":0,"18":0,"19":0,"20":0,"21":0,"22":0,"23":0,"24":0,"25":0,"26":0,"27":0},"f":{"0":0,"1":0,"2":0,"3":0,"4":0,"5":0,"6":0,"7":0},"b":{}}
,"A:\\Proyecto\\PAT-AH\\Backend-Huancavelica-Alertas-Agricolas\\services\\alert-service\\src\\alert.service.js": {"path":"A:\\Proyecto\\PAT-AH\\Backend-Huancavelica-Alertas-Agricolas\\services\\alert-service\\src\\alert.service.js","statementMap":{"0":{"start":{"line":1,"column":14},"end":{"line":1,"column":30}},"1":{"start":{"line":2,"column":39},"end":{"line":2,"column":64}},"2":{"start":{"line":3,"column":24},"end":{"line":3,"column":56}},"3":{"start":{"line":4,"column":29},"end":{"line":4,"column":55}},"4":{"start":{"line":5,"column":23},"end":{"line":5,"column":41}},"5":{"start":{"line":6,"column":27},"end":{"line":6,"column":42}},"6":{"start":{"line":7,"column":18},"end":{"line":7,"column":52}},"7":{"start":{"line":8,"column":22},"end":{"line":8,"column":61}},"8":{"start":{"line":33,"column":4},"end":{"line":33,"column":48}},"9":{"start":{"line":34,"column":4},"end":{"line":34,"column":41}},"10":{"start":{"line":35,"column":4},"end":{"line":35,"column":51}},"11":{"start":{"line":36,"column":4},"end":{"line":36,"column":35}},"12":{"start":{"line":37,"column":4},"end":{"line":37,"column":43}},"13":{"start":{"line":38,"column":4},"end":{"line":38,"column":51}},"14":{"start":{"line":42,"column":4},"end":{"line":48,"column":6}},"15":{"start":{"line":52,"column":4},"end":{"line":52,"column":87}},"16":{"start":{"line":56,"column":4},"end":{"line":56,"column":42}},"17":{"start":{"line":60,"column":20},"end":{"line":60,"column":58}},"18":{"start":{"line":61,"column":4},"end":{"line":61,"column":76}},"19":{"start":{"line":61,"column":28},"end":{"line":61,"column":76}},"20":{"start":{"line":62,"column":4},"end":{"line":62,"column":60}},"21":{"start":{"line":67,"column":4},"end":{"line":67,"column":79}},"22":{"start":{"line":68,"column":4},"end":{"line":173,"column":5}},"23":{"start":{"line":70,"column":20},"end":{"line":81,"column":8}},"24":{"start":{"line":84,"column":20},"end":{"line":84,"column":84}},"25":{"start":{"line":87,"column":28},"end":{"line":98,"column":12}},"26":{"start":{"line":89,"column":27},"end":{"line":89,"column":60}},"27":{"start":{"line":90,"column":25},"end":{"line":97,"column":13}},"28":{"start":{"line":101,"column":24},"end":{"line":101,"column":33}},"29":{"start":{"line":102,"column":6},"end":{"line":104,"column":7}},"30":{"start":{"line":103,"column":8},"end":{"line":103,"column":71}},"31":{"start":{"line":103,"column":45},"end":{"line":103,"column":71}},"32":{"start":{"line":105,"column":25},"end":{"line":105,"column":55}},"33":{"start":{"line":107,"column":6},"end":{"line":107,"column":76}},"34":{"start":{"line":109,"column":6},"end":{"line":111,"column":7}},"35":{"start":{"line":110,"column":8},"end":{"line":110,"column":91}},"36":{"start":{"line":114,"column":6},"end":{"line":114,"column":79}},"37":{"start":{"line":114,"column":72},"end":{"line":114,"column":76}},"38":{"start":{"line":116,"column":28},"end":{"line":116,"column":49}},"39":{"start":{"line":117,"column":21},"end":{"line":117,"column":88}},"40":{"start":{"line":119,"column":6},"end":{"line":149,"column":7}},"41":{"start":{"line":121,"column":24},"end":{"line":128,"column":9}},"42":{"start":{"line":125,"column":44},"end":{"line":125,"column":51}},"43":{"start":{"line":129,"column":8},"end":{"line":129,"column":120}},"44":{"start":{"line":130,"column":8},"end":{"line":130,"column":38}},"45":{"start":{"line":133,"column":8},"end":{"line":148,"column":9}},"46":{"start":{"line":134,"column":10},"end":{"line":144,"column":12}},"47":{"start":{"line":136,"column":14},"end":{"line":142,"column":15}},"48":{"start":{"line":145,"column":10},"end":{"line":145,"column":120}},"49":{"start":{"line":147,"column":10},"end":{"line":147,"column":94}},"50":{"start":{"line":152,"column":22},"end":{"line":159,"column":7}},"51":{"start":{"line":156,"column":42},"end":{"line":156,"column":49}},"52":{"start":{"line":161,"column":6},"end":{"line":165,"column":8}},"53":{"start":{"line":164,"column":50},"end":{"line":164,"column":57}},"54":{"start":{"line":167,"column":6},"end":{"line":167,"column":73}},"55":{"start":{"line":168,"column":6},"end":{"line":172,"column":8}},"56":{"start":{"line":177,"column":4},"end":{"line":177,"column":78}},"57":{"start":{"line":179,"column":4},"end":{"line":281,"column":5}},"58":{"start":{"line":181,"column":6},"end":{"line":181,"column":68}},"59":{"start":{"line":182,"column":28},"end":{"line":184,"column":7}},"60":{"start":{"line":186,"column":6},"end":{"line":193,"column":7}},"61":{"start":{"line":187,"column":8},"end":{"line":187,"column":83}},"62":{"start":{"line":188,"column":8},"end":{"line":192,"column":10}},"63":{"start":{"line":196,"column":20},"end":{"line":207,"column":8}},"64":{"start":{"line":210,"column":6},"end":{"line":210,"column":80}},"65":{"start":{"line":211,"column":20},"end":{"line":211,"column":84}},"66":{"start":{"line":212,"column":28},"end":{"line":223,"column":12}},"67":{"start":{"line":214,"column":27},"end":{"line":214,"column":66}},"68":{"start":{"line":215,"column":25},"end":{"line":222,"column":13}},"69":{"start":{"line":224,"column":19},"end":{"line":224,"column":28}},"70":{"start":{"line":225,"column":6},"end":{"line":227,"column":7}},"71":{"start":{"line":226,"column":8},"end":{"line":226,"column":61}},"72":{"start":{"line":226,"column":40},"end":{"line":226,"column":61}},"73":{"start":{"line":228,"column":25},"end":{"line":228,"column":50}},"74":{"start":{"line":231,"column":6},"end":{"line":233,"column":7}},"75":{"start":{"line":232,"column":8},"end":{"line":232,"column":81}},"76":{"start":{"line":232,"column":74},"end":{"line":232,"column":78}},"77":{"start":{"line":235,"column":28},"end":{"line":235,"column":85}},"78":{"start":{"line":236,"column":21},"end":{"line":236,"column":88}},"79":{"start":{"line":237,"column":22},"end":{"line":244,"column":7}},"80":{"start":{"line":241,"column":42},"end":{"line":241,"column":49}},"81":{"start":{"line":245,"column":6},"end":{"line":261,"column":7}},"82":{"start":{"line":246,"column":8},"end":{"line":246,"column":98}},"83":{"start":{"line":247,"column":8},"end":{"line":247,"column":38}},"84":{"start":{"line":249,"column":8},"end":{"line":249,"column":102}},"85":{"start":{"line":250,"column":8},"end":{"line":260,"column":10}},"86":{"start":{"line":252,"column":12},"end":{"line":258,"column":13}},"87":{"start":{"line":264,"column":6},"end":{"line":264,"column":80}},"88":{"start":{"line":265,"column":6},"end":{"line":272,"column":8}},"89":{"start":{"line":270,"column":44},"end":{"line":270,"column":51}},"90":{"start":{"line":275,"column":6},"end":{"line":275,"column":89}},"91":{"start":{"line":276,"column":6},"end":{"line":280,"column":8}},"92":{"start":{"line":285,"column":4},"end":{"line":285,"column":78}},"93":{"start":{"line":287,"column":4},"end":{"line":363,"column":5}},"94":{"start":{"line":289,"column":26},"end":{"line":291,"column":7}},"95":{"start":{"line":293,"column":6},"end":{"line":299,"column":7}},"96":{"start":{"line":294,"column":8},"end":{"line":298,"column":10}},"97":{"start":{"line":302,"column":24},"end":{"line":302,"column":80}},"98":{"start":{"line":302,"column":59},"end":{"line":302,"column":79}},"99":{"start":{"line":304,"column":6},"end":{"line":310,"column":7}},"100":{"start":{"line":305,"column":8},"end":{"line":309,"column":10}},"101":{"start":{"line":313,"column":20},"end":{"line":324,"column":8}},"102":{"start":{"line":330,"column":26},"end":{"line":341,"column":7}},"103":{"start":{"line":343,"column":6},"end":{"line":354,"column":8}},"104":{"start":{"line":357,"column":6},"end":{"line":357,"column":74}},"105":{"start":{"line":358,"column":6},"end":{"line":362,"column":8}},"106":{"start":{"line":368,"column":18},"end":{"line":368,"column":56}},"107":{"start":{"line":369,"column":4},"end":{"line":369,"column":50}},"108":{"start":{"line":373,"column":23},"end":{"line":379,"column":5}},"109":{"start":{"line":374,"column":6},"end":{"line":378,"column":8}},"110":{"start":{"line":380,"column":4},"end":{"line":380,"column":59}},"111":{"start":{"line":384,"column":24},"end":{"line":391,"column":5}},"112":{"start":{"line":392,"column":4},"end":{"line":392,"column":45}},"113":{"start":{"line":396,"column":16},"end":{"line":396,"column":26}},"114":{"start":{"line":397,"column":23},"end":{"line":397,"column":55}},"115":{"start":{"line":398,"column":4},"end":{"line":398,"column":65}},"116":{"start":{"line":403,"column":4},"end":{"line":413,"column":7}},"117":{"start":{"line":417,"column":4},"end":{"line":425,"column":7}},"118":{"start":{"line":429,"column":22},"end":{"line":431,"column":6}},"119":{"start":{"line":433,"column":4},"end":{"line":436,"column":5}},"120":{"start":{"line":434,"column":6},"end":{"line":434,"column":31}},"121":{"start":{"line":435,"column":6},"end":{"line":435,"column":60}},"122":{"start":{"line":438,"column":4},"end":{"line":438,"column":44}},"123":{"start":{"line":442,"column":0},"end":{"line":442,"column":34}}},"fnMap":{"0":{"name":"(anonymous_0)","decl":{"start":{"line":26,"column":2},"end":{"line":26,"column":3}},"loc":{"start":{"line":32,"column":4},"end":{"line":39,"column":3}},"line":32},"1":{"name":"(anonymous_1)","decl":{"start":{"line":41,"column":2},"end":{"line":41,"column":3}},"loc":{"start":{"line":41,"column":28},"end":{"line":49,"column":3}},"line":41},"2":{"name":"(anonymous_2)","decl":{"start":{"line":51,"column":2},"end":{"line":51,"column":3}},"loc":{"start":{"line":51,"column":19},"end":{"line":53,"column":3}},"line":51},"3":{"name":"(anonymous_3)","decl":{"start":{"line":55,"column":2},"end":{"line":55,"column":3}},"loc":{"start":{"line":55,"column":22},"end":{"line":57,"column":3}},"line":55},"4":{"name":"(anonymous_4)","decl":{"start":{"line":59,"column":2},"end":{"line":59,"column":3}},"loc":{"start":{"line":59,"column":27},"end":{"line":63,"column":3}},"line":59},"5":{"name":"(anonymous_5)","decl":{"start":{"line":66,"column":2},"end":{"line":66,"column":3}},"loc":{"start":{"line":66,"column":39},"end":{"line":174,"column":3}},"line":66},"6":{"name":"(anonymous_6)","decl":{"start":{"line":89,"column":20},"end":{"line":89,"column":21}},"loc":{"start":{"line":89,"column":27},"end":{"line":89,"column":60}},"line":89},"7":{"name":"(anonymous_7)","decl":{"start":{"line":90,"column":17},"end":{"line":90,"column":18}},"loc":{"start":{"line":90,"column":25},"end":{"line":97,"column":13}},"line":90},"8":{"name":"(anonymous_8)","decl":{"start":{"line":114,"column":67},"end":{"line":114,"column":68}},"loc":{"start":{"line":114,"column":72},"end":{"line":114,"column":76}},"line":114},"9":{"name":"(anonymous_9)","decl":{"start":{"line":125,"column":37},"end":{"line":125,"column":38}},"loc":{"start":{"line":125,"column":44},"end":{"line":125,"column":51}},"line":125},"10":{"name":"(anonymous_10)","decl":{"start":{"line":135,"column":27},"end":{"line":135,"column":28}},"loc":{"start":{"line":136,"column":14},"end":{"line":142,"column":15}},"line":136},"11":{"name":"(anonymous_11)","decl":{"start":{"line":156,"column":35},"end":{"line":156,"column":36}},"loc":{"start":{"line":156,"column":42},"end":{"line":156,"column":49}},"line":156},"12":{"name":"(anonymous_12)","decl":{"start":{"line":164,"column":43},"end":{"line":164,"column":44}},"loc":{"start":{"line":164,"column":50},"end":{"line":164,"column":57}},"line":164},"13":{"name":"(anonymous_13)","decl":{"start":{"line":176,"column":2},"end":{"line":176,"column":3}},"loc":{"start":{"line":176,"column":43},"end":{"line":282,"column":3}},"line":176},"14":{"name":"(anonymous_14)","decl":{"start":{"line":214,"column":20},"end":{"line":214,"column":21}},"loc":{"start":{"line":214,"column":27},"end":{"line":214,"column":66}},"line":214},"15":{"name":"(anonymous_15)","decl":{"start":{"line":215,"column":17},"end":{"line":215,"column":18}},"loc":{"start":{"line":215,"column":25},"end":{"line":222,"column":13}},"line":215},"16":{"name":"(anonymous_16)","decl":{"start":{"line":232,"column":69},"end":{"line":232,"column":70}},"loc":{"start":{"line":232,"column":74},"end":{"line":232,"column":78}},"line":232},"17":{"name":"(anonymous_17)","decl":{"start":{"line":241,"column":35},"end":{"line":241,"column":36}},"loc":{"start":{"line":241,"column":42},"end":{"line":241,"column":49}},"line":241},"18":{"name":"(anonymous_18)","decl":{"start":{"line":251,"column":25},"end":{"line":251,"column":26}},"loc":{"start":{"line":252,"column":12},"end":{"line":258,"column":13}},"line":252},"19":{"name":"(anonymous_19)","decl":{"start":{"line":270,"column":37},"end":{"line":270,"column":38}},"loc":{"start":{"line":270,"column":44},"end":{"line":270,"column":51}},"line":270},"20":{"name":"(anonymous_20)","decl":{"start":{"line":284,"column":2},"end":{"line":284,"column":3}},"loc":{"start":{"line":284,"column":41},"end":{"line":364,"column":3}},"line":284},"21":{"name":"(anonymous_21)","decl":{"start":{"line":302,"column":47},"end":{"line":302,"column":48}},"loc":{"start":{"line":302,"column":59},"end":{"line":302,"column":79}},"line":302},"22":{"name":"(anonymous_22)","decl":{"start":{"line":367,"column":2},"end":{"line":367,"column":3}},"loc":{"start":{"line":367,"column":31},"end":{"line":370,"column":3}},"line":367},"23":{"name":"(anonymous_23)","decl":{"start":{"line":372,"column":2},"end":{"line":372,"column":3}},"loc":{"start":{"line":372,"column":45},"end":{"line":381,"column":3}},"line":372},"24":{"name":"(anonymous_24)","decl":{"start":{"line":373,"column":35},"end":{"line":373,"column":36}},"loc":{"start":{"line":374,"column":6},"end":{"line":378,"column":8}},"line":374},"25":{"name":"(anonymous_25)","decl":{"start":{"line":383,"column":2},"end":{"line":383,"column":3}},"loc":{"start":{"line":383,"column":36},"end":{"line":393,"column":3}},"line":383},"26":{"name":"(anonymous_26)","decl":{"start":{"line":395,"column":2},"end":{"line":395,"column":3}},"loc":{"start":{"line":395,"column":37},"end":{"line":399,"column":3}},"line":395},"27":{"name":"(anonymous_27)","decl":{"start":{"line":402,"column":2},"end":{"line":402,"column":3}},"loc":{"start":{"line":402,"column":26},"end":{"line":414,"column":3}},"line":402},"28":{"name":"(anonymous_28)","decl":{"start":{"line":416,"column":2},"end":{"line":416,"column":3}},"loc":{"start":{"line":416,"column":30},"end":{"line":426,"column":3}},"line":416},"29":{"name":"(anonymous_29)","decl":{"start":{"line":428,"column":2},"end":{"line":428,"column":3}},"loc":{"start":{"line":428,"column":37},"end":{"line":439,"column":3}},"line":428}},"branchMap":{"0":{"loc":{"start":{"line":52,"column":11},"end":{"line":52,"column":86}},"type":"binary-expr","locations":[{"start":{"line":52,"column":11},"end":{"line":52,"column":38}},{"start":{"line":52,"column":42},"end":{"line":52,"column":86}}],"line":52},"1":{"loc":{"start":{"line":61,"column":4},"end":{"line":61,"column":76}},"type":"if","locations":[{"start":{"line":61,"column":4},"end":{"line":61,"column":76}},{"start":{},"end":{}}],"line":61},"2":{"loc":{"start":{"line":74,"column":22},"end":{"line":74,"column":78}},"type":"cond-expr","locations":[{"start":{"line":74,"column":40},"end":{"line":74,"column":65}},{"start":{"line":74,"column":68},"end":{"line":74,"column":78}}],"line":74},"3":{"loc":{"start":{"line":87,"column":28},"end":{"line":98,"column":12}},"type":"cond-expr","locations":[{"start":{"line":88,"column":10},"end":{"line":97,"column":15}},{"start":{"line":98,"column":10},"end":{"line":98,"column":12}}],"line":87},"4":{"loc":{"start":{"line":89,"column":27},"end":{"line":89,"column":60}},"type":"binary-expr","locations":[{"start":{"line":89,"column":27},"end":{"line":89,"column":35}},{"start":{"line":89,"column":39},"end":{"line":89,"column":60}}],"line":89},"5":{"loc":{"start":{"line":91,"column":18},"end":{"line":91,"column":47}},"type":"binary-expr","locations":[{"start":{"line":91,"column":18},"end":{"line":91,"column":22}},{"start":{"line":91,"column":26},"end":{"line":91,"column":35}},{"start":{"line":91,"column":39},"end":{"line":91,"column":47}}],"line":91},"6":{"loc":{"start":{"line":94,"column":16},"end":{"line":96,"column":30}},"type":"binary-expr","locations":[{"start":{"line":94,"column":16},"end":{"line":94,"column":24}},{"start":{"line":94,"column":28},"end":{"line":94,"column":37}},{"start":{"line":94,"column":41},"end":{"line":94,"column":47}},{"start":{"line":95,"column":16},"end":{"line":95,"column":118}},{"start":{"line":96,"column":16},"end":{"line":96,"column":30}}],"line":94},"7":{"loc":{"start":{"line":95,"column":20},"end":{"line":95,"column":35}},"type":"binary-expr","locations":[{"start":{"line":95,"column":20},"end":{"line":95,"column":29}},{"start":{"line":95,"column":33},"end":{"line":95,"column":35}}],"line":95},"8":{"loc":{"start":{"line":95,"column":59},"end":{"line":95,"column":90}},"type":"binary-expr","locations":[{"start":{"line":95,"column":59},"end":{"line":95,"column":70}},{"start":{"line":95,"column":74},"end":{"line":95,"column":84}},{"start":{"line":95,"column":88},"end":{"line":95,"column":90}}],"line":95},"9":{"loc":{"start":{"line":103,"column":8},"end":{"line":103,"column":71}},"type":"if","locations":[{"start":{"line":103,"column":8},"end":{"line":103,"column":71}},{"start":{},"end":{}}],"line":103},"10":{"loc":{"start":{"line":103,"column":12},"end":{"line":103,"column":43}},"type":"binary-expr","locations":[{"start":{"line":103,"column":12},"end":{"line":103,"column":35}},{"start":{"line":103,"column":39},"end":{"line":103,"column":43}}],"line":103},"11":{"loc":{"start":{"line":109,"column":6},"end":{"line":111,"column":7}},"type":"if","locations":[{"start":{"line":109,"column":6},"end":{"line":111,"column":7}},{"start":{},"end":{}}],"line":109},"12":{"loc":{"start":{"line":117,"column":22},"end":{"line":117,"column":62}},"type":"binary-expr","locations":[{"start":{"line":117,"column":22},"end":{"line":117,"column":51}},{"start":{"line":117,"column":55},"end":{"line":117,"column":62}}],"line":117},"13":{"loc":{"start":{"line":119,"column":6},"end":{"line":149,"column":7}},"type":"if","locations":[{"start":{"line":119,"column":6},"end":{"line":149,"column":7}},{"start":{"line":131,"column":13},"end":{"line":149,"column":7}}],"line":119},"14":{"loc":{"start":{"line":123,"column":17},"end":{"line":123,"column":60}},"type":"binary-expr","locations":[{"start":{"line":123,"column":17},"end":{"line":123,"column":32}},{"start":{"line":123,"column":36},"end":{"line":123,"column":60}}],"line":123},"15":{"loc":{"start":{"line":154,"column":15},"end":{"line":154,"column":58}},"type":"binary-expr","locations":[{"start":{"line":154,"column":15},"end":{"line":154,"column":30}},{"start":{"line":154,"column":34},"end":{"line":154,"column":58}}],"line":154},"16":{"loc":{"start":{"line":163,"column":17},"end":{"line":163,"column":94}},"type":"cond-expr","locations":[{"start":{"line":163,"column":26},"end":{"line":163,"column":50}},{"start":{"line":163,"column":53},"end":{"line":163,"column":94}}],"line":163},"17":{"loc":{"start":{"line":186,"column":6},"end":{"line":193,"column":7}},"type":"if","locations":[{"start":{"line":186,"column":6},"end":{"line":193,"column":7}},{"start":{},"end":{}}],"line":186},"18":{"loc":{"start":{"line":191,"column":17},"end":{"line":191,"column":61}},"type":"binary-expr","locations":[{"start":{"line":191,"column":17},"end":{"line":191,"column":36}},{"start":{"line":191,"column":40},"end":{"line":191,"column":61}}],"line":191},"19":{"loc":{"start":{"line":197,"column":20},"end":{"line":197,"column":50}},"type":"binary-expr","locations":[{"start":{"line":197,"column":20},"end":{"line":197,"column":37}},{"start":{"line":197,"column":41},"end":{"line":197,"column":50}}],"line":197},"20":{"loc":{"start":{"line":198,"column":21},"end":{"line":198,"column":78}},"type":"binary-expr","locations":[{"start":{"line":198,"column":21},"end":{"line":198,"column":43}},{"start":{"line":198,"column":47},"end":{"line":198,"column":78}}],"line":198},"21":{"loc":{"start":{"line":201,"column":49},"end":{"line":201,"column":79}},"type":"binary-expr","locations":[{"start":{"line":201,"column":49},"end":{"line":201,"column":66}},{"start":{"line":201,"column":70},"end":{"line":201,"column":79}}],"line":201},"22":{"loc":{"start":{"line":212,"column":28},"end":{"line":223,"column":12}},"type":"cond-expr","locations":[{"start":{"line":213,"column":10},"end":{"line":222,"column":15}},{"start":{"line":223,"column":10},"end":{"line":223,"column":12}}],"line":212},"23":{"loc":{"start":{"line":214,"column":27},"end":{"line":214,"column":66}},"type":"binary-expr","locations":[{"start":{"line":214,"column":27},"end":{"line":214,"column":35}},{"start":{"line":214,"column":40},"end":{"line":214,"column":57}},{"start":{"line":214,"column":61},"end":{"line":214,"column":65}}],"line":214},"24":{"loc":{"start":{"line":216,"column":18},"end":{"line":216,"column":47}},"type":"binary-expr","locations":[{"start":{"line":216,"column":18},"end":{"line":216,"column":22}},{"start":{"line":216,"column":26},"end":{"line":216,"column":35}},{"start":{"line":216,"column":39},"end":{"line":216,"column":47}}],"line":216},"25":{"loc":{"start":{"line":219,"column":16},"end":{"line":221,"column":30}},"type":"binary-expr","locations":[{"start":{"line":219,"column":16},"end":{"line":219,"column":24}},{"start":{"line":219,"column":28},"end":{"line":219,"column":37}},{"start":{"line":219,"column":41},"end":{"line":219,"column":47}},{"start":{"line":220,"column":16},"end":{"line":220,"column":118}},{"start":{"line":221,"column":16},"end":{"line":221,"column":30}}],"line":219},"26":{"loc":{"start":{"line":220,"column":20},"end":{"line":220,"column":35}},"type":"binary-expr","locations":[{"start":{"line":220,"column":20},"end":{"line":220,"column":29}},{"start":{"line":220,"column":33},"end":{"line":220,"column":35}}],"line":220},"27":{"loc":{"start":{"line":220,"column":59},"end":{"line":220,"column":90}},"type":"binary-expr","locations":[{"start":{"line":220,"column":59},"end":{"line":220,"column":70}},{"start":{"line":220,"column":74},"end":{"line":220,"column":84}},{"start":{"line":220,"column":88},"end":{"line":220,"column":90}}],"line":220},"28":{"loc":{"start":{"line":226,"column":8},"end":{"line":226,"column":61}},"type":"if","locations":[{"start":{"line":226,"column":8},"end":{"line":226,"column":61}},{"start":{},"end":{}}],"line":226},"29":{"loc":{"start":{"line":226,"column":12},"end":{"line":226,"column":38}},"type":"binary-expr","locations":[{"start":{"line":226,"column":12},"end":{"line":226,"column":30}},{"start":{"line":226,"column":34},"end":{"line":226,"column":38}}],"line":226},"30":{"loc":{"start":{"line":231,"column":6},"end":{"line":233,"column":7}},"type":"if","locations":[{"start":{"line":231,"column":6},"end":{"line":233,"column":7}},{"start":{},"end":{}}],"line":231},"31":{"loc":{"start":{"line":235,"column":28},"end":{"line":235,"column":85}},"type":"binary-expr","locations":[{"start":{"line":235,"column":28},"end":{"line":235,"column":50}},{"start":{"line":235,"column":54},"end":{"line":235,"column":85}}],"line":235},"32":{"loc":{"start":{"line":236,"column":22},"end":{"line":236,"column":62}},"type":"binary-expr","locations":[{"start":{"line":236,"column":22},"end":{"line":236,"column":51}},{"start":{"line":236,"column":55},"end":{"line":236,"column":62}}],"line":236},"33":{"loc":{"start":{"line":245,"column":6},"end":{"line":261,"column":7}},"type":"if","locations":[{"start":{"line":245,"column":6},"end":{"line":261,"column":7}},{"start":{"line":248,"column":13},"end":{"line":261,"column":7}}],"line":245},"34":{"loc":{"start":{"line":267,"column":17},"end":{"line":267,"column":143}},"type":"cond-expr","locations":[{"start":{"line":267,"column":26},"end":{"line":267,"column":69}},{"start":{"line":267,"column":72},"end":{"line":267,"column":143}}],"line":267},"35":{"loc":{"start":{"line":293,"column":6},"end":{"line":299,"column":7}},"type":"if","locations":[{"start":{"line":293,"column":6},"end":{"line":299,"column":7}},{"start":{},"end":{}}],"line":293},"36":{"loc":{"start":{"line":304,"column":6},"end":{"line":310,"column":7}},"type":"if","locations":[{"start":{"line":304,"column":6},"end":{"line":310,"column":7}},{"start":{},"end":{}}],"line":304},"37":{"loc":{"start":{"line":345,"column":17},"end":{"line":347,"column":45}},"type":"cond-expr","locations":[{"start":{"line":346,"column":12},"end":{"line":346,"column":51}},{"start":{"line":347,"column":12},"end":{"line":347,"column":45}}],"line":345},"38":{"loc":{"start":{"line":392,"column":11},"end":{"line":392,"column":44}},"type":"binary-expr","locations":[{"start":{"line":392,"column":11},"end":{"line":392,"column":33}},{"start":{"line":392,"column":37},"end":{"line":392,"column":44}}],"line":392},"39":{"loc":{"start":{"line":397,"column":23},"end":{"line":397,"column":55}},"type":"cond-expr","locations":[{"start":{"line":397,"column":48},"end":{"line":397,"column":50}},{"start":{"line":397,"column":53},"end":{"line":397,"column":55}}],"line":397},"40":{"loc":{"start":{"line":433,"column":4},"end":{"line":436,"column":5}},"type":"if","locations":[{"start":{"line":433,"column":4},"end":{"line":436,"column":5}},{"start":{},"end":{}}],"line":433}},"s":{"0":1,"1":1,"2":1,"3":1,"4":1,"5":1,"6":1,"7":1,"8":1,"9":1,"10":1,"11":1,"12":1,"13":1,"14":0,"15":0,"16":0,"17":0,"18":0,"19":0,"20":0,"21":0,"22":0,"23":0,"24":0,"25":0,"26":0,"27":0,"28":0,"29":0,"30":0,"31":0,"32":0,"33":0,"34":0,"35":0,"36":0,"37":0,"38":0,"39":0,"40":0,"41":0,"42":0,"43":0,"44":0,"45":0,"46":0,"47":0,"48":0,"49":0,"50":0,"51":0,"52":0,"53":0,"54":0,"55":0,"56":0,"57":0,"58":0,"59":0,"60":0,"61":0,"62":0,"63":0,"64":0,"65":0,"66":0,"67":0,"68":0,"69":0,"70":0,"71":0,"72":0,"73":0,"74":0,"75":0,"76":0,"77":0,"78":0,"79":0,"80":0,"81":0,"82":0,"83":0,"84":0,"85":0,"86":0,"87":0,"88":0,"89":0,"90":0,"91":0,"92":0,"93":0,"94":0,"95":0,"96":0,"97":0,"98":0,"99":0,"100":0,"101":0,"102":0,"103":0,"104":0,"105":0,"106":0,"107":0,"108":0,"109":0,"110":0,"111":0,"112":0,"113":0,"114":0,"115":0,"116":0,"117":0,"118":0,"119":0,"120":0,"121":0,"122":0,"123":1},"f":{"0":1,"1":0,"2":0,"3":0,"4":0,"5":0,"6":0,"7":0,"8":0,"9":0,"10":0,"11":0,"12":0,"13":0,"14":0,"15":0,"16":0,"17":0,"18":0,"19":0,"20":0,"21":0,"22":0,"23":0,"24":0,"25":0,"26":0,"27":0,"28":0,"29":0},"b":{"0":[0,0],"1":[0,0],"2":[0,0],"3":[0,0],"4":[0,0],"5":[0,0,0],"6":[0,0,0,0,0],"7":[0,0],"8":[0,0,0],"9":[0,0],"10":[0,0],"11":[0,0],"12":[0,0],"13":[0,0],"14":[0,0],"15":[0,0],"16":[0,0],"17":[0,0],"18":[0,0],"19":[0,0],"20":[0,0],"21":[0,0],"22":[0,0],"23":[0,0,0],"24":[0,0,0],"25":[0,0,0,0,0],"26":[0,0],"27":[0,0,0],"28":[0,0],"29":[0,0],"30":[0,0],"31":[0,0],"32":[0,0],"33":[0,0],"34":[0,0],"35":[0,0],"36":[0,0],"37":[0,0],"38":[0,0],"39":[0,0],"40":[0,0]},"_coverageSchema":"1a1c01bbd47fc00a2c39e90264f33305004495a9","hash":"116c1d663db33b185f9167e8229614d06d9bb71f"}
,"A:\\Proyecto\\PAT-AH\\Backend-Huancavelica-Alertas-Agricolas\\services\\alert-service\\src\\app.module.js": {"path":"A:\\Proyecto\\PAT-AH\\Backend-Huancavelica-Alertas-Agricolas\\services\\alert-service\\src\\app.module.js","statementMap":{"0":{"start":{"line":1,"column":19},"end":{"line":1,"column":44}},"1":{"start":{"line":2,"column":29},"end":{"line":2,"column":67}},"2":{"start":{"line":3,"column":37},"end":{"line":3,"column":69}},"3":{"start":{"line":4,"column":25},"end":{"line":4,"column":50}},"4":{"start":{"line":5,"column":26},"end":{"line":5,"column":52}},"5":{"start":{"line":6,"column":28},"end":{"line":6,"column":57}},"6":{"start":{"line":7,"column":25},"end":{"line":7,"column":51}},"7":{"start":{"line":8,"column":18},"end":{"line":8,"column":52}},"8":{"start":{"line":9,"column":22},"end":{"line":9,"column":61}},"9":{"start":{"line":11,"column":21},"end":{"line":56,"column":1}},"10":{"start":{"line":60,"column":0},"end":{"line":60,"column":31}}},"fnMap":{},"branchMap":{"0":{"loc":{"start":{"line":16,"column":12},"end":{"line":16,"column":46}},"type":"binary-expr","locations":[{"start":{"line":16,"column":12},"end":{"line":16,"column":31}},{"start":{"line":16,"column":35},"end":{"line":16,"column":46}}],"line":16},"1":{"loc":{"start":{"line":17,"column":12},"end":{"line":17,"column":53}},"type":"binary-expr","locations":[{"start":{"line":17,"column":12},"end":{"line":17,"column":45}},{"start":{"line":17,"column":49},"end":{"line":17,"column":53}}],"line":17},"2":{"loc":{"start":{"line":18,"column":16},"end":{"line":18,"column":50}},"type":"binary-expr","locations":[{"start":{"line":18,"column":16},"end":{"line":18,"column":39}},{"start":{"line":18,"column":43},"end":{"line":18,"column":50}}],"line":18},"3":{"loc":{"start":{"line":19,"column":16},"end":{"line":19,"column":50}},"type":"binary-expr","locations":[{"start":{"line":19,"column":16},"end":{"line":19,"column":39}},{"start":{"line":19,"column":43},"end":{"line":19,"column":50}}],"line":19},"4":{"loc":{"start":{"line":20,"column":16},"end":{"line":20,"column":54}},"type":"binary-expr","locations":[{"start":{"line":20,"column":16},"end":{"line":20,"column":35}},{"start":{"line":20,"column":39},"end":{"line":20,"column":54}}],"line":20},"5":{"loc":{"start":{"line":31,"column":16},"end":{"line":31,"column":63}},"type":"binary-expr","locations":[{"start":{"line":31,"column":16},"end":{"line":31,"column":48}},{"start":{"line":31,"column":52},"end":{"line":31,"column":63}}],"line":31},"6":{"loc":{"start":{"line":32,"column":16},"end":{"line":32,"column":66}},"type":"binary-expr","locations":[{"start":{"line":32,"column":16},"end":{"line":32,"column":58}},{"start":{"line":32,"column":62},"end":{"line":32,"column":66}}],"line":32},"7":{"loc":{"start":{"line":39,"column":16},"end":{"line":39,"column":68}},"type":"binary-expr","locations":[{"start":{"line":39,"column":16},"end":{"line":39,"column":53}},{"start":{"line":39,"column":57},"end":{"line":39,"column":68}}],"line":39},"8":{"loc":{"start":{"line":40,"column":16},"end":{"line":40,"column":71}},"type":"binary-expr","locations":[{"start":{"line":40,"column":16},"end":{"line":40,"column":63}},{"start":{"line":40,"column":67},"end":{"line":40,"column":71}}],"line":40},"9":{"loc":{"start":{"line":47,"column":16},"end":{"line":47,"column":60}},"type":"binary-expr","locations":[{"start":{"line":47,"column":16},"end":{"line":47,"column":45}},{"start":{"line":47,"column":49},"end":{"line":47,"column":60}}],"line":47},"10":{"loc":{"start":{"line":48,"column":16},"end":{"line":48,"column":63}},"type":"binary-expr","locations":[{"start":{"line":48,"column":16},"end":{"line":48,"column":55}},{"start":{"line":48,"column":59},"end":{"line":48,"column":63}}],"line":48}},"s":{"0":0,"1":0,"2":0,"3":0,"4":0,"5":0,"6":0,"7":0,"8":0,"9":0,"10":0},"f":{},"b":{"0":[0,0],"1":[0,0],"2":[0,0],"3":[0,0],"4":[0,0],"5":[0,0],"6":[0,0],"7":[0,0],"8":[0,0],"9":[0,0],"10":[0,0]}}
,"A:\\Proyecto\\PAT-AH\\Backend-Huancavelica-Alertas-Agricolas\\services\\alert-service\\src\\data-source.js": {"path":"A:\\Proyecto\\PAT-AH\\Backend-Huancavelica-Alertas-Agricolas\\services\\alert-service\\src\\data-source.js","statementMap":{"0":{"start":{"line":5,"column":0},"end":{"line":5,"column":16}},"1":{"start":{"line":7,"column":22},"end":{"line":17,"column":2}}},"fnMap":{},"branchMap":{"0":{"loc":{"start":{"line":9,"column":8},"end":{"line":9,"column":42}},"type":"binary-expr","locations":[{"start":{"line":9,"column":8},"end":{"line":9,"column":27}},{"start":{"line":9,"column":31},"end":{"line":9,"column":42}}],"line":9},"1":{"loc":{"start":{"line":10,"column":17},"end":{"line":10,"column":46}},"type":"binary-expr","locations":[{"start":{"line":10,"column":17},"end":{"line":10,"column":36}},{"start":{"line":10,"column":40},"end":{"line":10,"column":46}}],"line":10},"2":{"loc":{"start":{"line":11,"column":12},"end":{"line":11,"column":42}},"type":"binary-expr","locations":[{"start":{"line":11,"column":12},"end":{"line":11,"column":31}},{"start":{"line":11,"column":35},"end":{"line":11,"column":42}}],"line":11},"3":{"loc":{"start":{"line":12,"column":12},"end":{"line":12,"column":46}},"type":"binary-expr","locations":[{"start":{"line":12,"column":12},"end":{"line":12,"column":35}},{"start":{"line":12,"column":39},"end":{"line":12,"column":46}}],"line":12},"4":{"loc":{"start":{"line":13,"column":12},"end":{"line":13,"column":46}},"type":"binary-expr","locations":[{"start":{"line":13,"column":12},"end":{"line":13,"column":31}},{"start":{"line":13,"column":35},"end":{"line":13,"column":46}}],"line":13}},"s":{"0":0,"1":0},"f":{},"b":{"0":[0,0],"1":[0,0],"2":[0,0],"3":[0,0],"4":[0,0]}}
,"A:\\Proyecto\\PAT-AH\\Backend-Huancavelica-Alertas-Agricolas\\services\\alert-service\\src\\logger.js": {"path":"A:\\Proyecto\\PAT-AH\\Backend-Huancavelica-Alertas-Agricolas\\services\\alert-service\\src\\logger.js","statementMap":{"0":{"start":{"line":1,"column":45},"end":{"line":1,"column":63}},"1":{"start":{"line":3,"column":15},"end":{"line":15,"column":2}},"2":{"start":{"line":17,"column":0},"end":{"line":17,"column":24}}},"fnMap":{},"branchMap":{},"s":{"0":0,"1":0,"2":0},"f":{},"b":{}}
,"A:\\Proyecto\\PAT-AH\\Backend-Huancavelica-Alertas-Agricolas\\services\\alert-service\\src\\main.js": {"path":"A:\\Proyecto\\PAT-AH\\Backend-Huancavelica-Alertas-Agricolas\\services\\alert-service\\src\\main.js","statementMap":{"0":{"start":{"line":1,"column":24},"end":{"line":1,"column":47}},"1":{"start":{"line":2,"column":22},"end":{"line":2,"column":45}},"2":{"start":{"line":5,"column":14},"end":{"line":5,"column":49}},"3":{"start":{"line":6,"column":15},"end":{"line":6,"column":39}},"4":{"start":{"line":8,"column":2},"end":{"line":76,"column":3}},"5":{"start":{"line":9,"column":24},"end":{"line":9,"column":66}},"6":{"start":{"line":10,"column":21},"end":{"line":10,"column":88}},"7":{"start":{"line":11,"column":4},"end":{"line":72,"column":5}},"8":{"start":{"line":12,"column":18},"end":{"line":12,"column":32}},"9":{"start":{"line":13,"column":30},"end":{"line":20,"column":7}},"10":{"start":{"line":14,"column":8},"end":{"line":18,"column":21}},"11":{"start":{"line":15,"column":20},"end":{"line":15,"column":53}},"12":{"start":{"line":16,"column":10},"end":{"line":16,"column":71}},"13":{"start":{"line":16,"column":17},"end":{"line":16,"column":71}},"14":{"start":{"line":19,"column":8},"end":{"line":19,"column":20}},"15":{"start":{"line":21,"column":25},"end":{"line":29,"column":8}},"16":{"start":{"line":21,"column":57},"end":{"line":29,"column":8}},"17":{"start":{"line":22,"column":8},"end":{"line":22,"column":50}},"18":{"start":{"line":22,"column":28},"end":{"line":22,"column":50}},"19":{"start":{"line":23,"column":18},"end":{"line":23,"column":34}},"20":{"start":{"line":24,"column":19},"end":{"line":24,"column":24}},"21":{"start":{"line":25,"column":8},"end":{"line":25,"column":30}},"22":{"start":{"line":26,"column":8},"end":{"line":26,"column":92}},"23":{"start":{"line":26,"column":32},"end":{"line":26,"column":88}},"24":{"start":{"line":26,"column":45},"end":{"line":26,"column":57}},"25":{"start":{"line":26,"column":58},"end":{"line":26,"column":70}},"26":{"start":{"line":26,"column":71},"end":{"line":26,"column":86}},"27":{"start":{"line":27,"column":8},"end":{"line":27,"column":94}},"28":{"start":{"line":27,"column":34},"end":{"line":27,"column":90}},"29":{"start":{"line":27,"column":47},"end":{"line":27,"column":59}},"30":{"start":{"line":27,"column":60},"end":{"line":27,"column":72}},"31":{"start":{"line":27,"column":73},"end":{"line":27,"column":88}},"32":{"start":{"line":28,"column":8},"end":{"line":28,"column":93}},"33":{"start":{"line":28,"column":38},"end":{"line":28,"column":89}},"34":{"start":{"line":28,"column":51},"end":{"line":28,"column":63}},"35":{"start":{"line":28,"column":64},"end":{"line":28,"column":72}},"36":{"start":{"line":28,"column":73},"end":{"line":28,"column":87}},"37":{"start":{"line":30,"column":6},"end":{"line":71,"column":9}},"38":{"start":{"line":31,"column":27},"end":{"line":31,"column":141}},"39":{"start":{"line":32,"column":17},"end":{"line":32,"column":21}},"40":{"start":{"line":33,"column":8},"end":{"line":69,"column":9}},"41":{"start":{"line":34,"column":24},"end":{"line":34,"column":48}},"42":{"start":{"line":35,"column":10},"end":{"line":64,"column":11}},"43":{"start":{"line":36,"column":29},"end":{"line":36,"column":34}},"44":{"start":{"line":37,"column":14},"end":{"line":53,"column":13}},"45":{"start":{"line":38,"column":39},"end":{"line":38,"column":64}},"46":{"start":{"line":39,"column":29},"end":{"line":39,"column":47}},"47":{"start":{"line":40,"column":14},"end":{"line":48,"column":15}},"48":{"start":{"line":41,"column":16},"end":{"line":41,"column":49}},"49":{"start":{"line":42,"column":16},"end":{"line":42,"column":44}},"50":{"start":{"line":43,"column":16},"end":{"line":43,"column":34}},"51":{"start":{"line":46,"column":16},"end":{"line":46,"column":47}},"52":{"start":{"line":47,"column":16},"end":{"line":47,"column":27}},"53":{"start":{"line":49,"column":14},"end":{"line":49,"column":63}},"54":{"start":{"line":49,"column":20},"end":{"line":49,"column":47}},"55":{"start":{"line":55,"column":12},"end":{"line":60,"column":13}},"56":{"start":{"line":56,"column":25},"end":{"line":56,"column":47}},"57":{"start":{"line":57,"column":25},"end":{"line":57,"column":61}},"58":{"start":{"line":58,"column":14},"end":{"line":58,"column":57}},"59":{"start":{"line":59,"column":14},"end":{"line":59,"column":34}},"60":{"start":{"line":59,"column":23},"end":{"line":59,"column":34}},"61":{"start":{"line":63,"column":12},"end":{"line":63,"column":52}},"62":{"start":{"line":67,"column":10},"end":{"line":67,"column":41}},"63":{"start":{"line":68,"column":10},"end":{"line":68,"column":21}},"64":{"start":{"line":70,"column":8},"end":{"line":70,"column":85}},"65":{"start":{"line":75,"column":4},"end":{"line":75,"column":78}},"66":{"start":{"line":78,"column":2},"end":{"line":78,"column":25}},"67":{"start":{"line":79,"column":2},"end":{"line":79,"column":63}},"68":{"start":{"line":82,"column":0},"end":{"line":82,"column":12}}},"fnMap":{"0":{"name":"bootstrap","decl":{"start":{"line":4,"column":15},"end":{"line":4,"column":24}},"loc":{"start":{"line":4,"column":27},"end":{"line":80,"column":1}},"line":4},"1":{"name":"(anonymous_1)","decl":{"start":{"line":13,"column":30},"end":{"line":13,"column":31}},"loc":{"start":{"line":13,"column":39},"end":{"line":20,"column":7}},"line":13},"2":{"name":"(anonymous_2)","decl":{"start":{"line":21,"column":25},"end":{"line":21,"column":26}},"loc":{"start":{"line":21,"column":57},"end":{"line":29,"column":8}},"line":21},"3":{"name":"(anonymous_3)","decl":{"start":{"line":21,"column":69},"end":{"line":21,"column":70}},"loc":{"start":{"line":21,"column":82},"end":{"line":29,"column":7}},"line":21},"4":{"name":"(anonymous_4)","decl":{"start":{"line":26,"column":24},"end":{"line":26,"column":25}},"loc":{"start":{"line":26,"column":30},"end":{"line":26,"column":90}},"line":26},"5":{"name":"(anonymous_5)","decl":{"start":{"line":27,"column":26},"end":{"line":27,"column":27}},"loc":{"start":{"line":27,"column":32},"end":{"line":27,"column":92}},"line":27},"6":{"name":"(anonymous_6)","decl":{"start":{"line":28,"column":30},"end":{"line":28,"column":31}},"loc":{"start":{"line":28,"column":36},"end":{"line":28,"column":91}},"line":28},"7":{"name":"(anonymous_7)","decl":{"start":{"line":30,"column":31},"end":{"line":30,"column":32}},"loc":{"start":{"line":30,"column":51},"end":{"line":71,"column":7}},"line":30}},"branchMap":{"0":{"loc":{"start":{"line":6,"column":15},"end":{"line":6,"column":39}},"type":"binary-expr","locations":[{"start":{"line":6,"column":15},"end":{"line":6,"column":31}},{"start":{"line":6,"column":35},"end":{"line":6,"column":39}}],"line":6},"1":{"loc":{"start":{"line":9,"column":24},"end":{"line":9,"column":66}},"type":"binary-expr","locations":[{"start":{"line":9,"column":24},"end":{"line":9,"column":42}},{"start":{"line":9,"column":46},"end":{"line":9,"column":66}}],"line":9},"2":{"loc":{"start":{"line":10,"column":21},"end":{"line":10,"column":88}},"type":"binary-expr","locations":[{"start":{"line":10,"column":21},"end":{"line":10,"column":32}},{"start":{"line":10,"column":36},"end":{"line":10,"column":59}},{"start":{"line":10,"column":63},"end":{"line":10,"column":88}}],"line":10},"3":{"loc":{"start":{"line":11,"column":4},"end":{"line":72,"column":5}},"type":"if","locations":[{"start":{"line":11,"column":4},"end":{"line":72,"column":5}},{"start":{},"end":{}}],"line":11},"4":{"loc":{"start":{"line":11,"column":8},"end":{"line":11,"column":32}},"type":"binary-expr","locations":[{"start":{"line":11,"column":8},"end":{"line":11,"column":16}},{"start":{"line":11,"column":20},"end":{"line":11,"column":32}}],"line":11},"5":{"loc":{"start":{"line":16,"column":10},"end":{"line":16,"column":71}},"type":"if","locations":[{"start":{"line":16,"column":10},"end":{"line":16,"column":71}},{"start":{},"end":{}}],"line":16},"6":{"loc":{"start":{"line":16,"column":53},"end":{"line":16,"column":67}},"type":"binary-expr","locations":[{"start":{"line":16,"column":53},"end":{"line":16,"column":57}},{"start":{"line":16,"column":61},"end":{"line":16,"column":67}}],"line":16},"7":{"loc":{"start":{"line":21,"column":38},"end":{"line":21,"column":52}},"type":"default-arg","locations":[{"start":{"line":21,"column":48},"end":{"line":21,"column":52}}],"line":21},"8":{"loc":{"start":{"line":22,"column":8},"end":{"line":22,"column":50}},"type":"if","locations":[{"start":{"line":22,"column":8},"end":{"line":22,"column":50}},{"start":{},"end":{}}],"line":22},"9":{"loc":{"start":{"line":22,"column":12},"end":{"line":22,"column":26}},"type":"binary-expr","locations":[{"start":{"line":22,"column":12},"end":{"line":22,"column":17}},{"start":{"line":22,"column":21},"end":{"line":22,"column":26}}],"line":22},"10":{"loc":{"start":{"line":26,"column":32},"end":{"line":26,"column":88}},"type":"if","locations":[{"start":{"line":26,"column":32},"end":{"line":26,"column":88}},{"start":{},"end":{}}],"line":26},"11":{"loc":{"start":{"line":27,"column":34},"end":{"line":27,"column":90}},"type":"if","locations":[{"start":{"line":27,"column":34},"end":{"line":27,"column":90}},{"start":{},"end":{}}],"line":27},"12":{"loc":{"start":{"line":28,"column":38},"end":{"line":28,"column":89}},"type":"if","locations":[{"start":{"line":28,"column":38},"end":{"line":28,"column":89}},{"start":{},"end":{}}],"line":28},"13":{"loc":{"start":{"line":35,"column":10},"end":{"line":64,"column":11}},"type":"if","locations":[{"start":{"line":35,"column":10},"end":{"line":64,"column":11}},{"start":{"line":62,"column":15},"end":{"line":64,"column":11}}],"line":35},"14":{"loc":{"start":{"line":55,"column":12},"end":{"line":60,"column":13}},"type":"if","locations":[{"start":{"line":55,"column":12},"end":{"line":60,"column":13}},{"start":{},"end":{}}],"line":55},"15":{"loc":{"start":{"line":58,"column":37},"end":{"line":58,"column":56}},"type":"cond-expr","locations":[{"start":{"line":58,"column":42},"end":{"line":58,"column":46}},{"start":{"line":58,"column":49},"end":{"line":58,"column":56}}],"line":58},"16":{"loc":{"start":{"line":59,"column":14},"end":{"line":59,"column":34}},"type":"if","locations":[{"start":{"line":59,"column":14},"end":{"line":59,"column":34}},{"start":{},"end":{}}],"line":59},"17":{"loc":{"start":{"line":70,"column":19},"end":{"line":70,"column":33}},"type":"cond-expr","locations":[{"start":{"line":70,"column":24},"end":{"line":70,"column":27}},{"start":{"line":70,"column":30},"end":{"line":70,"column":33}}],"line":70},"18":{"loc":{"start":{"line":70,"column":50},"end":{"line":70,"column":69}},"type":"cond-expr","locations":[{"start":{"line":70,"column":55},"end":{"line":70,"column":59}},{"start":{"line":70,"column":62},"end":{"line":70,"column":69}}],"line":70},"19":{"loc":{"start":{"line":75,"column":61},"end":{"line":75,"column":76}},"type":"binary-expr","locations":[{"start":{"line":75,"column":61},"end":{"line":75,"column":71}},{"start":{"line":75,"column":75},"end":{"line":75,"column":76}}],"line":75}},"s":{"0":0,"1":0,"2":0,"3":0,"4":0,"5":0,"6":0,"7":0,"8":0,"9":0,"10":0,"11":0,"12":0,"13":0,"14":0,"15":0,"16":0,"17":0,"18":0,"19":0,"20":0,"21":0,"22":0,"23":0,"24":0,"25":0,"26":0,"27":0,"28":0,"29":0,"30":0,"31":0,"32":0,"33":0,"34":0,"35":0,"36":0,"37":0,"38":0,"39":0,"40":0,"41":0,"42":0,"43":0,"44":0,"45":0,"46":0,"47":0,"48":0,"49":0,"50":0,"51":0,"52":0,"53":0,"54":0,"55":0,"56":0,"57":0,"58":0,"59":0,"60":0,"61":0,"62":0,"63":0,"64":0,"65":0,"66":0,"67":0,"68":0},"f":{"0":0,"1":0,"2":0,"3":0,"4":0,"5":0,"6":0,"7":0},"b":{"0":[0,0],"1":[0,0],"2":[0,0,0],"3":[0,0],"4":[0,0],"5":[0,0],"6":[0,0],"7":[0],"8":[0,0],"9":[0,0],"10":[0,0],"11":[0,0],"12":[0,0],"13":[0,0],"14":[0,0],"15":[0,0],"16":[0,0],"17":[0,0],"18":[0,0],"19":[0,0]}}
,"A:\\Proyecto\\PAT-AH\\Backend-Huancavelica-Alertas-Agricolas\\services\\alert-service\\src\\dto\\create-alert.dto.js": {"path":"A:\\Proyecto\\PAT-AH\\Backend-Huancavelica-Alertas-Agricolas\\services\\alert-service\\src\\dto\\create-alert.dto.js","statementMap":{"0":{"start":{"line":3,"column":4},"end":{"line":3,"column":26}},"1":{"start":{"line":4,"column":4},"end":{"line":4,"column":33}},"2":{"start":{"line":5,"column":4},"end":{"line":5,"column":27}},"3":{"start":{"line":6,"column":4},"end":{"line":6,"column":28}},"4":{"start":{"line":7,"column":4},"end":{"line":7,"column":31}},"5":{"start":{"line":11,"column":0},"end":{"line":11,"column":36}}},"fnMap":{"0":{"name":"(anonymous_0)","decl":{"start":{"line":2,"column":2},"end":{"line":2,"column":3}},"loc":{"start":{"line":2,"column":16},"end":{"line":8,"column":3}},"line":2}},"branchMap":{},"s":{"0":0,"1":0,"2":0,"3":0,"4":0,"5":0},"f":{"0":0},"b":{}}
,"A:\\Proyecto\\PAT-AH\\Backend-Huancavelica-Alertas-Agricolas\\services\\alert-service\\src\\entities\\alert-canal.entity.js": {"path":"A:\\Proyecto\\PAT-AH\\Backend-Huancavelica-Alertas-Agricolas\\services\\alert-service\\src\\entities\\alert-canal.entity.js","statementMap":{"0":{"start":{"line":1,"column":18},"end":{"line":5,"column":1}},"1":{"start":{"line":7,"column":20},"end":{"line":12,"column":1}},"2":{"start":{"line":16,"column":4},"end":{"line":16,"column":24}},"3":{"start":{"line":17,"column":4},"end":{"line":17,"column":29}},"4":{"start":{"line":18,"column":4},"end":{"line":18,"column":29}},"5":{"start":{"line":19,"column":4},"end":{"line":19,"column":31}},"6":{"start":{"line":20,"column":4},"end":{"line":20,"column":40}},"7":{"start":{"line":21,"column":4},"end":{"line":21,"column":28}},"8":{"start":{"line":22,"column":4},"end":{"line":22,"column":34}},"9":{"start":{"line":23,"column":4},"end":{"line":23,"column":30}},"10":{"start":{"line":24,"column":4},"end":{"line":24,"column":27}},"11":{"start":{"line":25,"column":4},"end":{"line":25,"column":31}},"12":{"start":{"line":29,"column":0},"end":{"line":29,"column":56}}},"fnMap":{"0":{"name":"(anonymous_0)","decl":{"start":{"line":15,"column":2},"end":{"line":15,"column":3}},"loc":{"start":{"line":15,"column":16},"end":{"line":26,"column":3}},"line":15}},"branchMap":{},"s":{"0":0,"1":0,"2":0,"3":0,"4":0,"5":0,"6":0,"7":0,"8":0,"9":0,"10":0,"11":0,"12":0},"f":{"0":0},"b":{}}
,"A:\\Proyecto\\PAT-AH\\Backend-Huancavelica-Alertas-Agricolas\\services\\alert-service\\src\\entities\\alert.entity.js": {"path":"A:\\Proyecto\\PAT-AH\\Backend-Huancavelica-Alertas-Agricolas\\services\\alert-service\\src\\entities\\alert.entity.js","statementMap":{"0":{"start":{"line":3,"column":4},"end":{"line":3,"column":30}},"1":{"start":{"line":4,"column":4},"end":{"line":4,"column":32}},"2":{"start":{"line":5,"column":4},"end":{"line":5,"column":33}},"3":{"start":{"line":6,"column":4},"end":{"line":6,"column":36}},"4":{"start":{"line":7,"column":4},"end":{"line":7,"column":31}},"5":{"start":{"line":8,"column":4},"end":{"line":8,"column":34}},"6":{"start":{"line":9,"column":4},"end":{"line":9,"column":32}},"7":{"start":{"line":10,"column":4},"end":{"line":10,"column":37}},"8":{"start":{"line":11,"column":4},"end":{"line":11,"column":33}},"9":{"start":{"line":15,"column":0},"end":{"line":15,"column":27}}},"fnMap":{"0":{"name":"(anonymous_0)","decl":{"start":{"line":2,"column":2},"end":{"line":2,"column":3}},"loc":{"start":{"line":2,"column":16},"end":{"line":12,"column":3}},"line":2}},"branchMap":{},"s":{"0":0,"1":0,"2":0,"3":0,"4":0,"5":0,"6":0,"7":0,"8":0,"9":1},"f":{"0":0},"b":{},"_coverageSchema":"1a1c01bbd47fc00a2c39e90264f33305004495a9","hash":"a0b41f3a80e97d140f8aedb4e1edaeb92d4746b6"}
,"A:\\Proyecto\\PAT-AH\\Backend-Huancavelica-Alertas-Agricolas\\services\\alert-service\\src\\entities\\user-alert.entity.js": {"path":"A:\\Proyecto\\PAT-AH\\Backend-Huancavelica-Alertas-Agricolas\\services\\alert-service\\src\\entities\\user-alert.entity.js","statementMap":{"0":{"start":{"line":3,"column":4},"end":{"line":3,"column":35}},"1":{"start":{"line":4,"column":4},"end":{"line":4,"column":29}},"2":{"start":{"line":5,"column":4},"end":{"line":5,"column":30}},"3":{"start":{"line":6,"column":4},"end":{"line":6,"column":25}},"4":{"start":{"line":7,"column":4},"end":{"line":7,"column":33}},"5":{"start":{"line":8,"column":4},"end":{"line":8,"column":27}},"6":{"start":{"line":12,"column":0},"end":{"line":12,"column":31}}},"fnMap":{"0":{"name":"(anonymous_0)","decl":{"start":{"line":2,"column":2},"end":{"line":2,"column":3}},"loc":{"start":{"line":2,"column":16},"end":{"line":9,"column":3}},"line":2}},"branchMap":{},"s":{"0":0,"1":0,"2":0,"3":0,"4":0,"5":0,"6":1},"f":{"0":0},"b":{},"_coverageSchema":"1a1c01bbd47fc00a2c39e90264f33305004495a9","hash":"fa238a70940c6a709d5df20785dc047b78449c29"}
,"A:\\Proyecto\\PAT-AH\\Backend-Huancavelica-Alertas-Agricolas\\services\\alert-service\\src\\migrations\\1760210072998-init_schema_alert_service.ts": {"path":"A:\\Proyecto\\PAT-AH\\Backend-Huancavelica-Alertas-Agricolas\\services\\alert-service\\src\\migrations\\1760210072998-init_schema_alert_service.ts","statementMap":{"0":{"start":{"line":4,"column":4},"end":{"line":4,"column":null}},"1":{"start":{"line":7,"column":8},"end":{"line":7,"column":138}},"2":{"start":{"line":8,"column":8},"end":{"line":8,"column":131}},"3":{"start":{"line":9,"column":8},"end":{"line":9,"column":510}},"4":{"start":{"line":10,"column":8},"end":{"line":10,"column":129}},"5":{"start":{"line":11,"column":8},"end":{"line":11,"column":141}},"6":{"start":{"line":12,"column":8},"end":{"line":12,"column":460}},"7":{"start":{"line":13,"column":8},"end":{"line":13,"column":202}},"8":{"start":{"line":17,"column":8},"end":{"line":17,"column":113}},"9":{"start":{"line":18,"column":8},"end":{"line":18,"column":63}},"10":{"start":{"line":19,"column":8},"end":{"line":19,"column":83}},"11":{"start":{"line":20,"column":8},"end":{"line":20,"column":84}},"12":{"start":{"line":21,"column":8},"end":{"line":21,"column":55}},"13":{"start":{"line":22,"column":8},"end":{"line":22,"column":75}},"14":{"start":{"line":23,"column":8},"end":{"line":23,"column":73}},"15":{"start":{"line":3,"column":0},"end":{"line":3,"column":13}}},"fnMap":{"0":{"name":"(anonymous_0)","decl":{"start":{"line":3,"column":0},"end":{"line":3,"column":13}},"loc":{"start":{"line":3,"column":0},"end":{"line":26,"column":1}}},"1":{"name":"(anonymous_1)","decl":{"start":{"line":6,"column":11},"end":{"line":6,"column":16}},"loc":{"start":{"line":6,"column":44},"end":{"line":14,"column":5}}},"2":{"name":"(anonymous_2)","decl":{"start":{"line":16,"column":11},"end":{"line":16,"column":16}},"loc":{"start":{"line":16,"column":46},"end":{"line":24,"column":5}}}},"branchMap":{},"s":{"0":0,"1":0,"2":0,"3":0,"4":0,"5":0,"6":0,"7":0,"8":0,"9":0,"10":0,"11":0,"12":0,"13":0,"14":0,"15":0},"f":{"0":0,"1":0,"2":0},"b":{}}
,"A:\\Proyecto\\PAT-AH\\Backend-Huancavelica-Alertas-Agricolas\\services\\alert-service\\src\\migrations\\1760212001000-update_channel_enum_alert_service.ts": {"path":"A:\\Proyecto\\PAT-AH\\Backend-Huancavelica-Alertas-Agricolas\\services\\alert-service\\src\\migrations\\1760212001000-update_channel_enum_alert_service.ts","statementMap":{"0":{"start":{"line":4,"column":4},"end":{"line":4,"column":null}},"1":{"start":{"line":8,"column":8},"end":{"line":8,"column":124}},"2":{"start":{"line":9,"column":8},"end":{"line":9,"column":199}},"3":{"start":{"line":10,"column":8},"end":{"line":10,"column":94}},"4":{"start":{"line":11,"column":8},"end":{"line":11,"column":129}},"5":{"start":{"line":3,"column":0},"end":{"line":3,"column":13}}},"fnMap":{"0":{"name":"(anonymous_0)","decl":{"start":{"line":3,"column":0},"end":{"line":3,"column":13}},"loc":{"start":{"line":3,"column":0},"end":{"line":17,"column":1}}},"1":{"name":"(anonymous_1)","decl":{"start":{"line":6,"column":11},"end":{"line":6,"column":16}},"loc":{"start":{"line":6,"column":44},"end":{"line":12,"column":5}}},"2":{"name":"(anonymous_2)","decl":{"start":{"line":14,"column":11},"end":{"line":14,"column":16}},"loc":{"start":{"line":14,"column":46},"end":{"line":16,"column":5}}}},"branchMap":{},"s":{"0":0,"1":0,"2":0,"3":0,"4":0,"5":0},"f":{"0":0,"1":0,"2":0},"b":{}}
}
