TN:
SF:src\alert.controller.js
FN:4,(anonymous_0)
FN:9,(anonymous_1)
FN:15,(anonymous_2)
FN:20,(anonymous_3)
FN:25,(anonymous_4)
FN:44,(anonymous_5)
FN:63,(anonymous_6)
FN:83,(anonymous_7)
FNF:8
FNH:0
FNDA:0,(anonymous_0)
FNDA:0,(anonymous_1)
FNDA:0,(anonymous_2)
FNDA:0,(anonymous_3)
FNDA:0,(anonymous_4)
FNDA:0,(anonymous_5)
FNDA:0,(anonymous_6)
FNDA:0,(anonymous_7)
DA:1,0
DA:5,0
DA:6,0
DA:10,0
DA:12,0
DA:16,0
DA:17,0
DA:21,0
DA:22,0
DA:26,0
DA:27,0
DA:28,0
DA:29,0
DA:35,0
DA:36,0
DA:45,0
DA:46,0
DA:47,0
DA:48,0
DA:54,0
DA:55,0
DA:64,0
DA:65,0
DA:66,0
DA:67,0
DA:73,0
DA:74,0
DA:84,0
LF:28
LH:0
BRF:0
BRH:0
end_of_record
TN:
SF:src\alert.service.js
FN:26,(anonymous_0)
FN:41,(anonymous_1)
FN:51,(anonymous_2)
FN:55,(anonymous_3)
FN:59,(anonymous_4)
FN:66,(anonymous_5)
FN:89,(anonymous_6)
FN:90,(anonymous_7)
FN:114,(anonymous_8)
FN:125,(anonymous_9)
FN:135,(anonymous_10)
FN:156,(anonymous_11)
FN:164,(anonymous_12)
FN:176,(anonymous_13)
FN:214,(anonymous_14)
FN:215,(anonymous_15)
FN:232,(anonymous_16)
FN:241,(anonymous_17)
FN:251,(anonymous_18)
FN:270,(anonymous_19)
FN:284,(anonymous_20)
FN:302,(anonymous_21)
FN:367,(anonymous_22)
FN:372,(anonymous_23)
FN:373,(anonymous_24)
FN:383,(anonymous_25)
FN:395,(anonymous_26)
FN:402,(anonymous_27)
FN:416,(anonymous_28)
FN:428,(anonymous_29)
FNF:30
FNH:1
FNDA:1,(anonymous_0)
FNDA:0,(anonymous_1)
FNDA:0,(anonymous_2)
FNDA:0,(anonymous_3)
FNDA:0,(anonymous_4)
FNDA:0,(anonymous_5)
FNDA:0,(anonymous_6)
FNDA:0,(anonymous_7)
FNDA:0,(anonymous_8)
FNDA:0,(anonymous_9)
FNDA:0,(anonymous_10)
FNDA:0,(anonymous_11)
FNDA:0,(anonymous_12)
FNDA:0,(anonymous_13)
FNDA:0,(anonymous_14)
FNDA:0,(anonymous_15)
FNDA:0,(anonymous_16)
FNDA:0,(anonymous_17)
FNDA:0,(anonymous_18)
FNDA:0,(anonymous_19)
FNDA:0,(anonymous_20)
FNDA:0,(anonymous_21)
FNDA:0,(anonymous_22)
FNDA:0,(anonymous_23)
FNDA:0,(anonymous_24)
FNDA:0,(anonymous_25)
FNDA:0,(anonymous_26)
FNDA:0,(anonymous_27)
FNDA:0,(anonymous_28)
FNDA:0,(anonymous_29)
DA:1,1
DA:2,1
DA:3,1
DA:4,1
DA:5,1
DA:6,1
DA:7,1
DA:8,1
DA:33,1
DA:34,1
DA:35,1
DA:36,1
DA:37,1
DA:38,1
DA:42,0
DA:52,0
DA:56,0
DA:60,0
DA:61,0
DA:62,0
DA:67,0
DA:68,0
DA:70,0
DA:84,0
DA:87,0
DA:89,0
DA:90,0
DA:101,0
DA:102,0
DA:103,0
DA:105,0
DA:107,0
DA:109,0
DA:110,0
DA:114,0
DA:116,0
DA:117,0
DA:119,0
DA:121,0
DA:125,0
DA:129,0
DA:130,0
DA:133,0
DA:134,0
DA:136,0
DA:145,0
DA:147,0
DA:152,0
DA:156,0
DA:161,0
DA:164,0
DA:167,0
DA:168,0
DA:177,0
DA:179,0
DA:181,0
DA:182,0
DA:186,0
DA:187,0
DA:188,0
DA:196,0
DA:210,0
DA:211,0
DA:212,0
DA:214,0
DA:215,0
DA:224,0
DA:225,0
DA:226,0
DA:228,0
DA:231,0
DA:232,0
DA:235,0
DA:236,0
DA:237,0
DA:241,0
DA:245,0
DA:246,0
DA:247,0
DA:249,0
DA:250,0
DA:252,0
DA:264,0
DA:265,0
DA:270,0
DA:275,0
DA:276,0
DA:285,0
DA:287,0
DA:289,0
DA:293,0
DA:294,0
DA:302,0
DA:304,0
DA:305,0
DA:313,0
DA:330,0
DA:343,0
DA:357,0
DA:358,0
DA:368,0
DA:369,0
DA:373,0
DA:374,0
DA:380,0
DA:384,0
DA:392,0
DA:396,0
DA:397,0
DA:398,0
DA:403,0
DA:417,0
DA:429,0
DA:433,0
DA:434,0
DA:435,0
DA:438,0
DA:442,1
LF:118
LH:15
BRDA:52,0,0,0
BRDA:52,0,1,0
BRDA:61,1,0,0
BRDA:61,1,1,0
BRDA:74,2,0,0
BRDA:74,2,1,0
BRDA:87,3,0,0
BRDA:87,3,1,0
BRDA:89,4,0,0
BRDA:89,4,1,0
BRDA:91,5,0,0
BRDA:91,5,1,0
BRDA:91,5,2,0
BRDA:94,6,0,0
BRDA:94,6,1,0
BRDA:94,6,2,0
BRDA:94,6,3,0
BRDA:94,6,4,0
BRDA:95,7,0,0
BRDA:95,7,1,0
BRDA:95,8,0,0
BRDA:95,8,1,0
BRDA:95,8,2,0
BRDA:103,9,0,0
BRDA:103,9,1,0
BRDA:103,10,0,0
BRDA:103,10,1,0
BRDA:109,11,0,0
BRDA:109,11,1,0
BRDA:117,12,0,0
BRDA:117,12,1,0
BRDA:119,13,0,0
BRDA:119,13,1,0
BRDA:123,14,0,0
BRDA:123,14,1,0
BRDA:154,15,0,0
BRDA:154,15,1,0
BRDA:163,16,0,0
BRDA:163,16,1,0
BRDA:186,17,0,0
BRDA:186,17,1,0
BRDA:191,18,0,0
BRDA:191,18,1,0
BRDA:197,19,0,0
BRDA:197,19,1,0
BRDA:198,20,0,0
BRDA:198,20,1,0
BRDA:201,21,0,0
BRDA:201,21,1,0
BRDA:212,22,0,0
BRDA:212,22,1,0
BRDA:214,23,0,0
BRDA:214,23,1,0
BRDA:214,23,2,0
BRDA:216,24,0,0
BRDA:216,24,1,0
BRDA:216,24,2,0
BRDA:219,25,0,0
BRDA:219,25,1,0
BRDA:219,25,2,0
BRDA:219,25,3,0
BRDA:219,25,4,0
BRDA:220,26,0,0
BRDA:220,26,1,0
BRDA:220,27,0,0
BRDA:220,27,1,0
BRDA:220,27,2,0
BRDA:226,28,0,0
BRDA:226,28,1,0
BRDA:226,29,0,0
BRDA:226,29,1,0
BRDA:231,30,0,0
BRDA:231,30,1,0
BRDA:235,31,0,0
BRDA:235,31,1,0
BRDA:236,32,0,0
BRDA:236,32,1,0
BRDA:245,33,0,0
BRDA:245,33,1,0
BRDA:267,34,0,0
BRDA:267,34,1,0
BRDA:293,35,0,0
BRDA:293,35,1,0
BRDA:304,36,0,0
BRDA:304,36,1,0
BRDA:345,37,0,0
BRDA:345,37,1,0
BRDA:392,38,0,0
BRDA:392,38,1,0
BRDA:397,39,0,0
BRDA:397,39,1,0
BRDA:433,40,0,0
BRDA:433,40,1,0
BRF:93
BRH:0
end_of_record
TN:
SF:src\app.module.js
FNF:0
FNH:0
DA:1,0
DA:2,0
DA:3,0
DA:4,0
DA:5,0
DA:6,0
DA:7,0
DA:8,0
DA:9,0
DA:11,0
DA:60,0
LF:11
LH:0
BRDA:16,0,0,0
BRDA:16,0,1,0
BRDA:17,1,0,0
BRDA:17,1,1,0
BRDA:18,2,0,0
BRDA:18,2,1,0
BRDA:19,3,0,0
BRDA:19,3,1,0
BRDA:20,4,0,0
BRDA:20,4,1,0
BRDA:31,5,0,0
BRDA:31,5,1,0
BRDA:32,6,0,0
BRDA:32,6,1,0
BRDA:39,7,0,0
BRDA:39,7,1,0
BRDA:40,8,0,0
BRDA:40,8,1,0
BRDA:47,9,0,0
BRDA:47,9,1,0
BRDA:48,10,0,0
BRDA:48,10,1,0
BRF:22
BRH:0
end_of_record
TN:
SF:src\data-source.js
FNF:0
FNH:0
DA:5,0
DA:7,0
LF:2
LH:0
BRDA:9,0,0,0
BRDA:9,0,1,0
BRDA:10,1,0,0
BRDA:10,1,1,0
BRDA:11,2,0,0
BRDA:11,2,1,0
BRDA:12,3,0,0
BRDA:12,3,1,0
BRDA:13,4,0,0
BRDA:13,4,1,0
BRF:10
BRH:0
end_of_record
TN:
SF:src\logger.js
FNF:0
FNH:0
DA:1,0
DA:3,0
DA:17,0
LF:3
LH:0
BRF:0
BRH:0
end_of_record
TN:
SF:src\main.js
FN:4,bootstrap
FN:13,(anonymous_1)
FN:21,(anonymous_2)
FN:21,(anonymous_3)
FN:26,(anonymous_4)
FN:27,(anonymous_5)
FN:28,(anonymous_6)
FN:30,(anonymous_7)
FNF:8
FNH:0
FNDA:0,bootstrap
FNDA:0,(anonymous_1)
FNDA:0,(anonymous_2)
FNDA:0,(anonymous_3)
FNDA:0,(anonymous_4)
FNDA:0,(anonymous_5)
FNDA:0,(anonymous_6)
FNDA:0,(anonymous_7)
DA:1,0
DA:2,0
DA:5,0
DA:6,0
DA:8,0
DA:9,0
DA:10,0
DA:11,0
DA:12,0
DA:13,0
DA:14,0
DA:15,0
DA:16,0
DA:19,0
DA:21,0
DA:22,0
DA:23,0
DA:24,0
DA:25,0
DA:26,0
DA:27,0
DA:28,0
DA:30,0
DA:31,0
DA:32,0
DA:33,0
DA:34,0
DA:35,0
DA:36,0
DA:37,0
DA:38,0
DA:39,0
DA:40,0
DA:41,0
DA:42,0
DA:43,0
DA:46,0
DA:47,0
DA:49,0
DA:55,0
DA:56,0
DA:57,0
DA:58,0
DA:59,0
DA:63,0
DA:67,0
DA:68,0
DA:70,0
DA:75,0
DA:78,0
DA:79,0
DA:82,0
LF:52
LH:0
BRDA:6,0,0,0
BRDA:6,0,1,0
BRDA:9,1,0,0
BRDA:9,1,1,0
BRDA:10,2,0,0
BRDA:10,2,1,0
BRDA:10,2,2,0
BRDA:11,3,0,0
BRDA:11,3,1,0
BRDA:11,4,0,0
BRDA:11,4,1,0
BRDA:16,5,0,0
BRDA:16,5,1,0
BRDA:16,6,0,0
BRDA:16,6,1,0
BRDA:21,7,0,0
BRDA:22,8,0,0
BRDA:22,8,1,0
BRDA:22,9,0,0
BRDA:22,9,1,0
BRDA:26,10,0,0
BRDA:26,10,1,0
BRDA:27,11,0,0
BRDA:27,11,1,0
BRDA:28,12,0,0
BRDA:28,12,1,0
BRDA:35,13,0,0
BRDA:35,13,1,0
BRDA:55,14,0,0
BRDA:55,14,1,0
BRDA:58,15,0,0
BRDA:58,15,1,0
BRDA:59,16,0,0
BRDA:59,16,1,0
BRDA:70,17,0,0
BRDA:70,17,1,0
BRDA:70,18,0,0
BRDA:70,18,1,0
BRDA:75,19,0,0
BRDA:75,19,1,0
BRF:40
BRH:0
end_of_record
TN:
SF:src\dto\create-alert.dto.js
FN:2,(anonymous_0)
FNF:1
FNH:0
FNDA:0,(anonymous_0)
DA:3,0
DA:4,0
DA:5,0
DA:6,0
DA:7,0
DA:11,0
LF:6
LH:0
BRF:0
BRH:0
end_of_record
TN:
SF:src\entities\alert-canal.entity.js
FN:15,(anonymous_0)
FNF:1
FNH:0
FNDA:0,(anonymous_0)
DA:1,0
DA:7,0
DA:16,0
DA:17,0
DA:18,0
DA:19,0
DA:20,0
DA:21,0
DA:22,0
DA:23,0
DA:24,0
DA:25,0
DA:29,0
LF:13
LH:0
BRF:0
BRH:0
end_of_record
TN:
SF:src\entities\alert.entity.js
FN:2,(anonymous_0)
FNF:1
FNH:0
FNDA:0,(anonymous_0)
DA:3,0
DA:4,0
DA:5,0
DA:6,0
DA:7,0
DA:8,0
DA:9,0
DA:10,0
DA:11,0
DA:15,1
LF:10
LH:1
BRF:0
BRH:0
end_of_record
TN:
SF:src\entities\user-alert.entity.js
FN:2,(anonymous_0)
FNF:1
FNH:0
FNDA:0,(anonymous_0)
DA:3,0
DA:4,0
DA:5,0
DA:6,0
DA:7,0
DA:8,0
DA:12,1
LF:7
LH:1
BRF:0
BRH:0
end_of_record
TN:
SF:src\migrations\1760210072998-init_schema_alert_service.ts
FN:3,(anonymous_0)
FN:6,(anonymous_1)
FN:16,(anonymous_2)
FNF:3
FNH:0
FNDA:0,(anonymous_0)
FNDA:0,(anonymous_1)
FNDA:0,(anonymous_2)
DA:3,0
DA:4,0
DA:7,0
DA:8,0
DA:9,0
DA:10,0
DA:11,0
DA:12,0
DA:13,0
DA:17,0
DA:18,0
DA:19,0
DA:20,0
DA:21,0
DA:22,0
DA:23,0
LF:16
LH:0
BRF:0
BRH:0
end_of_record
TN:
SF:src\migrations\1760212001000-update_channel_enum_alert_service.ts
FN:3,(anonymous_0)
FN:6,(anonymous_1)
FN:14,(anonymous_2)
FNF:3
FNH:0
FNDA:0,(anonymous_0)
FNDA:0,(anonymous_1)
FNDA:0,(anonymous_2)
DA:3,0
DA:4,0
DA:8,0
DA:9,0
DA:10,0
DA:11,0
LF:6
LH:0
BRF:0
BRH:0
end_of_record
