{"total": {"lines":{"total":165,"covered":54,"skipped":0,"pct":32.72},"statements":{"total":202,"covered":63,"skipped":0,"pct":31.18},"functions":{"total":28,"covered":8,"skipped":0,"pct":28.57},"branches":{"total":85,"covered":19,"skipped":0,"pct":22.35},"branchesTrue":{"total":0,"covered":0,"skipped":0,"pct":100}}
,"A:\\Proyecto\\PAT-AH\\Backend-Huancavelica-Alertas-Agricolas\\services\\rest-service\\src\\app.module.ts": {"lines":{"total":4,"covered":0,"skipped":0,"pct":0},"functions":{"total":0,"covered":0,"skipped":0,"pct":100},"statements":{"total":6,"covered":0,"skipped":0,"pct":0},"branches":{"total":0,"covered":0,"skipped":0,"pct":100}}
,"A:\\Proyecto\\PAT-AH\\Backend-Huancavelica-Alertas-Agricolas\\services\\rest-service\\src\\prisma.service.ts": {"lines":{"total":2,"covered":0,"skipped":0,"pct":0},"functions":{"total":1,"covered":0,"skipped":0,"pct":0},"statements":{"total":2,"covered":0,"skipped":0,"pct":0},"branches":{"total":0,"covered":0,"skipped":0,"pct":100}}
,"A:\\Proyecto\\PAT-AH\\Backend-Huancavelica-Alertas-Agricolas\\services\\rest-service\\src\\auth\\auth.module.ts": {"lines":{"total":5,"covered":0,"skipped":0,"pct":0},"functions":{"total":0,"covered":0,"skipped":0,"pct":100},"statements":{"total":6,"covered":0,"skipped":0,"pct":0},"branches":{"total":0,"covered":0,"skipped":0,"pct":100}}
,"A:\\Proyecto\\PAT-AH\\Backend-Huancavelica-Alertas-Agricolas\\services\\rest-service\\src\\auth\\auth.resolver.ts": {"lines":{"total":14,"covered":0,"skipped":0,"pct":0},"functions":{"total":5,"covered":0,"skipped":0,"pct":0},"statements":{"total":16,"covered":0,"skipped":0,"pct":0},"branches":{"total":0,"covered":0,"skipped":0,"pct":100}}
,"A:\\Proyecto\\PAT-AH\\Backend-Huancavelica-Alertas-Agricolas\\services\\rest-service\\src\\auth\\auth.service.ts": {"lines":{"total":23,"covered":15,"skipped":0,"pct":65.21},"functions":{"total":3,"covered":2,"skipped":0,"pct":66.66},"statements":{"total":25,"covered":16,"skipped":0,"pct":64},"branches":{"total":24,"covered":1,"skipped":0,"pct":4.16}}
,"A:\\Proyecto\\PAT-AH\\Backend-Huancavelica-Alertas-Agricolas\\services\\rest-service\\src\\auth\\jwt.middleware.ts": {"lines":{"total":11,"covered":11,"skipped":0,"pct":100},"functions":{"total":1,"covered":1,"skipped":0,"pct":100},"statements":{"total":11,"covered":11,"skipped":0,"pct":100},"branches":{"total":10,"covered":10,"skipped":0,"pct":100}}
,"A:\\Proyecto\\PAT-AH\\Backend-Huancavelica-Alertas-Agricolas\\services\\rest-service\\src\\auth\\dto\\auth-payload.dto.ts": {"lines":{"total":6,"covered":0,"skipped":0,"pct":0},"functions":{"total":1,"covered":0,"skipped":0,"pct":0},"statements":{"total":8,"covered":0,"skipped":0,"pct":0},"branches":{"total":0,"covered":0,"skipped":0,"pct":100}}
,"A:\\Proyecto\\PAT-AH\\Backend-Huancavelica-Alertas-Agricolas\\services\\rest-service\\src\\auth\\dto\\register.input.ts": {"lines":{"total":7,"covered":0,"skipped":0,"pct":0},"functions":{"total":0,"covered":0,"skipped":0,"pct":100},"statements":{"total":9,"covered":0,"skipped":0,"pct":0},"branches":{"total":0,"covered":0,"skipped":0,"pct":100}}
,"A:\\Proyecto\\PAT-AH\\Backend-Huancavelica-Alertas-Agricolas\\services\\rest-service\\src\\rest\\rest.controller.ts": {"lines":{"total":18,"covered":18,"skipped":0,"pct":100},"functions":{"total":4,"covered":4,"skipped":0,"pct":100},"statements":{"total":23,"covered":23,"skipped":0,"pct":100},"branches":{"total":6,"covered":6,"skipped":0,"pct":100}}
,"A:\\Proyecto\\PAT-AH\\Backend-Huancavelica-Alertas-Agricolas\\services\\rest-service\\src\\rest\\rest.module.ts": {"lines":{"total":7,"covered":0,"skipped":0,"pct":0},"functions":{"total":0,"covered":0,"skipped":0,"pct":100},"statements":{"total":7,"covered":0,"skipped":0,"pct":0},"branches":{"total":0,"covered":0,"skipped":0,"pct":100}}
,"A:\\Proyecto\\PAT-AH\\Backend-Huancavelica-Alertas-Agricolas\\services\\rest-service\\src\\shared\\index.js": {"lines":{"total":4,"covered":4,"skipped":0,"pct":100},"functions":{"total":1,"covered":1,"skipped":0,"pct":100},"statements":{"total":5,"covered":5,"skipped":0,"pct":100},"branches":{"total":0,"covered":0,"skipped":0,"pct":100}}
,"A:\\Proyecto\\PAT-AH\\Backend-Huancavelica-Alertas-Agricolas\\services\\rest-service\\src\\shared\\shared.module.js": {"lines":{"total":12,"covered":0,"skipped":0,"pct":0},"functions":{"total":1,"covered":0,"skipped":0,"pct":0},"statements":{"total":17,"covered":0,"skipped":0,"pct":0},"branches":{"total":22,"covered":0,"skipped":0,"pct":0}}
,"A:\\Proyecto\\PAT-AH\\Backend-Huancavelica-Alertas-Agricolas\\services\\rest-service\\src\\shared\\prisma\\prisma.service.ts": {"lines":{"total":2,"covered":1,"skipped":0,"pct":50},"functions":{"total":1,"covered":0,"skipped":0,"pct":0},"statements":{"total":2,"covered":1,"skipped":0,"pct":50},"branches":{"total":0,"covered":0,"skipped":0,"pct":100}}
,"A:\\Proyecto\\PAT-AH\\Backend-Huancavelica-Alertas-Agricolas\\services\\rest-service\\src\\users\\users.client.ts": {"lines":{"total":20,"covered":3,"skipped":0,"pct":15},"functions":{"total":5,"covered":0,"skipped":0,"pct":0},"statements":{"total":26,"covered":5,"skipped":0,"pct":19.23},"branches":{"total":9,"covered":2,"skipped":0,"pct":22.22}}
,"A:\\Proyecto\\PAT-AH\\Backend-Huancavelica-Alertas-Agricolas\\services\\rest-service\\src\\users\\users.module.ts": {"lines":{"total":6,"covered":0,"skipped":0,"pct":0},"functions":{"total":0,"covered":0,"skipped":0,"pct":100},"statements":{"total":7,"covered":0,"skipped":0,"pct":0},"branches":{"total":0,"covered":0,"skipped":0,"pct":100}}
,"A:\\Proyecto\\PAT-AH\\Backend-Huancavelica-Alertas-Agricolas\\services\\rest-service\\src\\users\\users.resolver.ts": {"lines":{"total":11,"covered":0,"skipped":0,"pct":0},"functions":{"total":3,"covered":0,"skipped":0,"pct":0},"statements":{"total":14,"covered":0,"skipped":0,"pct":0},"branches":{"total":12,"covered":0,"skipped":0,"pct":0}}
,"A:\\Proyecto\\PAT-AH\\Backend-Huancavelica-Alertas-Agricolas\\services\\rest-service\\src\\users\\users.service.ts": {"lines":{"total":6,"covered":2,"skipped":0,"pct":33.33},"functions":{"total":2,"covered":0,"skipped":0,"pct":0},"statements":{"total":9,"covered":2,"skipped":0,"pct":22.22},"branches":{"total":2,"covered":0,"skipped":0,"pct":0}}
,"A:\\Proyecto\\PAT-AH\\Backend-Huancavelica-Alertas-Agricolas\\services\\rest-service\\src\\users\\dto\\user.dto.ts": {"lines":{"total":7,"covered":0,"skipped":0,"pct":0},"functions":{"total":0,"covered":0,"skipped":0,"pct":100},"statements":{"total":9,"covered":0,"skipped":0,"pct":0},"branches":{"total":0,"covered":0,"skipped":0,"pct":100}}
}
