TN:
SF:src\app.module.ts
FNF:0
FNH:0
DA:1,0
DA:2,0
DA:3,0
DA:9,0
LF:4
LH:0
BRF:0
BRH:0
end_of_record
TN:
SF:src\prisma.service.ts
FN:3,(anonymous_0)
FNF:1
FNH:0
FNDA:0,(anonymous_0)
DA:1,0
DA:3,0
LF:2
LH:0
BRF:0
BRH:0
end_of_record
TN:
SF:src\auth\auth.module.ts
FNF:0
FNH:0
DA:1,0
DA:2,0
DA:3,0
DA:4,0
DA:11,0
LF:5
LH:0
BRF:0
BRH:0
end_of_record
TN:
SF:src\auth\auth.resolver.ts
FN:8,(anonymous_4)
FN:11,(anonymous_5)
FN:17,(anonymous_6)
FN:10,(anonymous_7)
FN:16,(anonymous_8)
FNF:5
FNH:0
FNDA:0,(anonymous_4)
FNDA:0,(anonymous_5)
FNDA:0,(anonymous_6)
FNDA:0,(anonymous_7)
FNDA:0,(anonymous_8)
DA:1,0
DA:2,0
DA:3,0
DA:4,0
DA:7,0
DA:8,0
DA:10,0
DA:11,0
DA:12,0
DA:13,0
DA:16,0
DA:17,0
DA:18,0
DA:19,0
LF:14
LH:0
BRF:0
BRH:0
end_of_record
TN:
SF:src\auth\auth.service.ts
FN:8,(anonymous_11)
FN:12,(anonymous_12)
FN:26,(anonymous_13)
FNF:3
FNH:2
FNDA:3,(anonymous_11)
FNDA:1,(anonymous_12)
FNDA:0,(anonymous_13)
DA:1,3
DA:2,3
DA:3,3
DA:4,3
DA:7,3
DA:8,3
DA:10,3
DA:13,1
DA:14,1
DA:15,1
DA:16,1
DA:17,1
DA:19,1
DA:20,1
DA:21,0
DA:23,0
DA:26,0
DA:29,0
DA:31,1
DA:34,0
DA:37,0
DA:38,0
DA:40,0
LF:23
LH:15
BRDA:20,0,0,0
BRDA:20,1,0,1
BRDA:20,1,1,0
BRDA:20,1,2,0
BRDA:20,1,3,0
BRDA:21,2,0,0
BRDA:21,2,1,0
BRDA:26,3,0,0
BRDA:26,3,1,0
BRDA:26,3,2,0
BRDA:26,3,3,0
BRDA:29,4,0,0
BRDA:29,4,1,0
BRDA:29,4,2,0
BRDA:29,4,3,0
BRDA:34,5,0,0
BRDA:34,5,1,0
BRDA:34,5,2,0
BRDA:34,5,3,0
BRDA:37,6,0,0
BRDA:37,7,0,0
BRDA:37,7,1,0
BRDA:37,8,0,0
BRDA:37,8,1,0
BRF:24
BRH:1
end_of_record
TN:
SF:src\auth\jwt.middleware.ts
FN:4,jwtMiddleware
FNF:1
FNH:1
FNDA:5,jwtMiddleware
DA:1,1
DA:4,1
DA:5,5
DA:6,5
DA:7,5
DA:8,5
DA:9,3
DA:10,3
DA:11,3
DA:13,1
DA:21,5
LF:11
LH:11
BRDA:6,0,0,5
BRDA:6,0,1,5
BRDA:6,0,2,2
BRDA:7,1,0,3
BRDA:7,1,1,2
BRDA:7,2,0,5
BRDA:7,2,1,5
BRDA:8,3,0,3
BRDA:9,4,0,3
BRDA:9,4,1,3
BRF:10
BRH:10
end_of_record
TN:
SF:src\auth\dto\auth-payload.dto.ts
FN:9,(anonymous_2)
FNF:1
FNH:0
FNDA:0,(anonymous_2)
DA:1,0
DA:2,0
DA:5,0
DA:7,0
DA:9,0
DA:10,0
LF:6
LH:0
BRF:0
BRH:0
end_of_record
TN:
SF:src\auth\dto\register.input.ts
FNF:0
FNH:0
DA:1,0
DA:4,0
DA:6,0
DA:9,0
DA:12,0
DA:15,0
DA:18,0
LF:7
LH:0
BRF:0
BRH:0
end_of_record
TN:
SF:src\rest\rest.controller.ts
FN:11,(anonymous_4)
FN:15,(anonymous_5)
FN:22,(anonymous_6)
FN:30,(anonymous_7)
FNF:4
FNH:4
FNDA:9,(anonymous_4)
FNDA:3,(anonymous_5)
FNDA:5,(anonymous_6)
FNDA:3,(anonymous_7)
DA:1,2
DA:3,2
DA:5,1
DA:6,3
DA:7,4
DA:9,2
DA:11,1
DA:12,9
DA:13,9
DA:15,2
DA:18,3
DA:19,3
DA:20,2
DA:26,1
DA:27,5
DA:28,2
DA:29,3
DA:32,3
LF:18
LH:18
BRDA:19,0,0,1
BRDA:27,1,0,2
BRDA:6,2,0,1
BRDA:5,3,0,1
BRDA:5,3,1,1
BRDA:5,3,2,1
BRF:6
BRH:6
end_of_record
TN:
SF:src\rest\rest.module.ts
FNF:0
FNH:0
DA:1,0
DA:2,0
DA:3,0
DA:4,0
DA:6,0
DA:8,0
DA:10,0
LF:7
LH:0
BRF:0
BRH:0
end_of_record
TN:
SF:src\shared\index.js
FN:5,(anonymous_0)
FNF:1
FNH:1
FNDA:3,(anonymous_0)
DA:2,3
DA:3,3
DA:4,3
DA:5,3
LF:4
LH:4
BRF:0
BRH:0
end_of_record
TN:
SF:src\shared\shared.module.js
FN:2,(anonymous_0)
FNF:1
FNH:0
FNDA:0,(anonymous_0)
DA:2,0
DA:3,0
DA:4,0
DA:5,0
DA:6,0
DA:8,0
DA:9,0
DA:10,0
DA:11,0
DA:12,0
DA:14,0
DA:15,0
LF:12
LH:0
BRDA:2,0,0,0
BRDA:2,0,1,0
BRDA:2,0,2,0
BRDA:3,1,0,0
BRDA:3,1,1,0
BRDA:3,2,0,0
BRDA:3,2,1,0
BRDA:4,3,0,0
BRDA:4,3,1,0
BRDA:4,4,0,0
BRDA:4,4,1,0
BRDA:5,5,0,0
BRDA:5,5,1,0
BRDA:5,6,0,0
BRDA:5,6,1,0
BRDA:5,7,0,0
BRDA:5,7,1,0
BRDA:5,8,0,0
BRDA:5,8,1,0
BRDA:6,9,0,0
BRDA:6,9,1,0
BRDA:6,9,2,0
BRF:22
BRH:0
end_of_record
TN:
SF:src\shared\prisma\prisma.service.ts
FN:4,(anonymous_0)
FNF:1
FNH:0
FNDA:0,(anonymous_0)
DA:1,3
DA:5,0
LF:2
LH:1
BRF:0
BRH:0
end_of_record
TN:
SF:src\users\users.client.ts
FN:6,(anonymous_1)
FN:9,(anonymous_2)
FN:13,(anonymous_3)
FN:27,(anonymous_4)
FN:33,(anonymous_5)
FNF:5
FNH:0
FNDA:0,(anonymous_1)
FNDA:0,(anonymous_2)
FNDA:0,(anonymous_3)
FNDA:0,(anonymous_4)
FNDA:0,(anonymous_5)
DA:1,2
DA:3,2
DA:6,2
DA:7,0
DA:10,0
DA:14,0
DA:19,0
DA:20,0
DA:21,0
DA:22,0
DA:24,0
DA:28,0
DA:29,0
DA:30,0
DA:34,0
DA:35,0
DA:36,0
DA:38,0
DA:39,0
DA:40,0
LF:20
LH:3
BRDA:3,0,0,2
BRDA:3,0,1,2
BRDA:19,1,0,0
BRDA:29,2,0,0
BRDA:35,3,0,0
BRDA:38,4,0,0
BRDA:39,5,0,0
BRDA:39,6,0,0
BRDA:39,6,1,0
BRF:9
BRH:2
end_of_record
TN:
SF:src\users\users.module.ts
FNF:0
FNH:0
DA:1,0
DA:2,0
DA:3,0
DA:4,0
DA:5,0
DA:11,0
LF:6
LH:0
BRF:0
BRH:0
end_of_record
TN:
SF:src\users\users.resolver.ts
FN:8,(anonymous_2)
FN:11,(anonymous_3)
FN:10,(anonymous_4)
FNF:3
FNH:0
FNDA:0,(anonymous_2)
FNDA:0,(anonymous_3)
FNDA:0,(anonymous_4)
DA:1,0
DA:2,0
DA:3,0
DA:6,0
DA:7,0
DA:8,0
DA:10,0
DA:11,0
DA:12,0
DA:13,0
DA:14,0
LF:11
LH:0
BRDA:12,0,0,0
BRDA:12,0,1,0
BRDA:13,1,0,0
BRDA:13,1,1,0
BRDA:13,2,0,0
BRDA:13,2,1,0
BRDA:13,3,0,0
BRDA:13,3,1,0
BRDA:13,4,0,0
BRDA:13,4,1,0
BRDA:13,5,0,0
BRDA:13,5,1,0
BRF:12
BRH:0
end_of_record
TN:
SF:src\users\users.service.ts
FN:2,normalizePhone
FN:16,(anonymous_3)
FNF:2
FNH:0
FNDA:0,normalizePhone
FNDA:0,(anonymous_3)
DA:5,0
DA:6,0
DA:9,0
DA:12,3
DA:13,3
DA:17,0
LF:6
LH:2
BRDA:5,0,0,0
BRDA:6,1,0,0
BRF:2
BRH:0
end_of_record
TN:
SF:src\users\dto\user.dto.ts
FNF:0
FNH:0
DA:1,0
DA:4,0
DA:6,0
DA:9,0
DA:12,0
DA:15,0
DA:18,0
LF:7
LH:0
BRF:0
BRH:0
end_of_record
