<?xml version="1.0" encoding="UTF-8"?>
<coverage generated="1764529429611" clover="3.2.0">
  <project timestamp="1764529429611" name="All files">
    <metrics statements="615" coveredstatements="46" conditionals="315" coveredconditionals="1" methods="132" coveredmethods="4" elements="1062" coveredelements="51" complexity="0" loc="615" ncloc="615" packages="3" files="5" classes="5"/>
    <package name="ai-microservice">
      <metrics statements="123" coveredstatements="24" conditionals="74" coveredconditionals="1" methods="24" coveredmethods="4"/>
      <file name="ai.controller.ts" path="A:\Proyecto\PAT-AH\Backend-Huancavelica-Alertas-Agricolas\services\ai-service\src\ai-microservice\ai.controller.ts">
        <metrics statements="123" coveredstatements="24" conditionals="74" coveredconditionals="1" methods="24" coveredmethods="4"/>
        <line num="1" count="1" type="stmt"/>
        <line num="13" count="1" type="stmt"/>
        <line num="14" count="1" type="stmt"/>
        <line num="15" count="1" type="stmt"/>
        <line num="16" count="1" type="stmt"/>
        <line num="17" count="1" type="stmt"/>
        <line num="18" count="1" type="stmt"/>
        <line num="19" count="1" type="stmt"/>
        <line num="27" count="1" type="stmt"/>
        <line num="29" count="1" type="stmt"/>
        <line num="32" count="0" type="stmt"/>
        <line num="33" count="0" type="stmt"/>
        <line num="37" count="1" type="stmt"/>
        <line num="38" count="0" type="cond" truecount="0" falsecount="6"/>
        <line num="40" count="0" type="stmt"/>
        <line num="42" count="0" type="stmt"/>
        <line num="48" count="1" type="stmt"/>
        <line num="49" count="1" type="stmt"/>
        <line num="50" count="1" type="stmt"/>
        <line num="51" count="1" type="stmt"/>
        <line num="62" count="0" type="stmt"/>
        <line num="64" count="0" type="cond" truecount="0" falsecount="1"/>
        <line num="65" count="0" type="stmt"/>
        <line num="68" count="0" type="stmt"/>
        <line num="69" count="0" type="stmt"/>
        <line num="74" count="0" type="stmt"/>
        <line num="75" count="0" type="stmt"/>
        <line num="76" count="0" type="stmt"/>
        <line num="84" count="0" type="stmt"/>
        <line num="108" count="0" type="stmt"/>
        <line num="109" count="0" type="stmt"/>
        <line num="130" count="0" type="stmt"/>
        <line num="143" count="0" type="stmt"/>
        <line num="146" count="0" type="stmt"/>
        <line num="150" count="0" type="stmt"/>
        <line num="153" count="0" type="cond" truecount="0" falsecount="2"/>
        <line num="154" count="0" type="cond" truecount="0" falsecount="1"/>
        <line num="159" count="0" type="stmt"/>
        <line num="163" count="0" type="stmt"/>
        <line num="171" count="0" type="cond" truecount="0" falsecount="4"/>
        <line num="173" count="0" type="cond" truecount="0" falsecount="1"/>
        <line num="174" count="0" type="stmt"/>
        <line num="175" count="0" type="stmt"/>
        <line num="176" count="0" type="stmt"/>
        <line num="178" count="0" type="stmt"/>
        <line num="179" count="0" type="stmt"/>
        <line num="182" count="0" type="cond" truecount="0" falsecount="2"/>
        <line num="183" count="0" type="stmt"/>
        <line num="185" count="0" type="stmt"/>
        <line num="188" count="0" type="cond" truecount="0" falsecount="4"/>
        <line num="189" count="0" type="stmt"/>
        <line num="190" count="0" type="stmt"/>
        <line num="192" count="0" type="cond" truecount="0" falsecount="2"/>
        <line num="194" count="0" type="stmt"/>
        <line num="196" count="0" type="stmt"/>
        <line num="208" count="0" type="cond" truecount="0" falsecount="2"/>
        <line num="214" count="0" type="stmt"/>
        <line num="217" count="0" type="cond" truecount="0" falsecount="1"/>
        <line num="219" count="0" type="stmt"/>
        <line num="226" count="0" type="stmt"/>
        <line num="228" count="0" type="stmt"/>
        <line num="237" count="0" type="stmt"/>
        <line num="240" count="0" type="cond" truecount="0" falsecount="3"/>
        <line num="241" count="0" type="cond" truecount="0" falsecount="2"/>
        <line num="244" count="0" type="stmt"/>
        <line num="247" count="0" type="stmt"/>
        <line num="249" count="0" type="stmt"/>
        <line num="260" count="0" type="stmt"/>
        <line num="271" count="1" type="cond" truecount="0" falsecount="1"/>
        <line num="272" count="0" type="stmt"/>
        <line num="278" count="1" type="stmt"/>
        <line num="279" count="1" type="stmt"/>
        <line num="280" count="1" type="cond" truecount="0" falsecount="1"/>
        <line num="282" count="0" type="stmt"/>
        <line num="284" count="3" type="cond" truecount="1" falsecount="1"/>
        <line num="287" count="1" type="stmt"/>
        <line num="289" count="1" type="stmt"/>
        <line num="293" count="0" type="stmt"/>
        <line num="302" count="0" type="stmt"/>
        <line num="308" count="1" type="stmt"/>
        <line num="313" count="0" type="stmt"/>
        <line num="314" count="0" type="cond" truecount="0" falsecount="1"/>
        <line num="315" count="0" type="stmt"/>
        <line num="316" count="0" type="stmt"/>
        <line num="321" count="0" type="stmt"/>
        <line num="339" count="0" type="stmt"/>
        <line num="340" count="0" type="cond" truecount="0" falsecount="2"/>
        <line num="341" count="0" type="stmt"/>
        <line num="343" count="0" type="cond" truecount="0" falsecount="4"/>
        <line num="346" count="0" type="stmt"/>
        <line num="349" count="0" type="stmt"/>
        <line num="358" count="0" type="stmt"/>
        <line num="359" count="0" type="cond" truecount="0" falsecount="2"/>
        <line num="361" count="0" type="cond" truecount="0" falsecount="2"/>
        <line num="363" count="0" type="stmt"/>
        <line num="370" count="0" type="stmt"/>
        <line num="373" count="0" type="cond" truecount="0" falsecount="4"/>
        <line num="374" count="0" type="stmt"/>
        <line num="378" count="0" type="stmt"/>
        <line num="385" count="0" type="stmt"/>
        <line num="392" count="0" type="stmt"/>
        <line num="402" count="0" type="stmt"/>
        <line num="403" count="0" type="cond" truecount="0" falsecount="1"/>
        <line num="404" count="0" type="stmt"/>
        <line num="408" count="0" type="cond" truecount="0" falsecount="3"/>
        <line num="409" count="0" type="cond" truecount="0" falsecount="2"/>
        <line num="411" count="0" type="stmt"/>
        <line num="414" count="0" type="stmt"/>
        <line num="420" count="0" type="stmt"/>
        <line num="421" count="0" type="stmt"/>
        <line num="422" count="0" type="stmt"/>
        <line num="423" count="0" type="stmt"/>
        <line num="424" count="0" type="stmt"/>
        <line num="430" count="0" type="stmt"/>
        <line num="436" count="0" type="stmt"/>
        <line num="437" count="0" type="cond" truecount="0" falsecount="2"/>
        <line num="439" count="0" type="stmt"/>
        <line num="441" count="0" type="cond" truecount="0" falsecount="2"/>
        <line num="443" count="1" type="stmt"/>
        <line num="444" count="0" type="stmt"/>
        <line num="454" count="0" type="stmt"/>
        <line num="455" count="0" type="stmt"/>
        <line num="456" count="0" type="stmt"/>
      </file>
    </package>
    <package name="ai-microservice.dto">
      <metrics statements="7" coveredstatements="7" conditionals="0" coveredconditionals="0" methods="0" coveredmethods="0"/>
      <file name="excel-data.dto.ts" path="A:\Proyecto\PAT-AH\Backend-Huancavelica-Alertas-Agricolas\services\ai-service\src\ai-microservice\dto\excel-data.dto.ts">
        <metrics statements="7" coveredstatements="7" conditionals="0" coveredconditionals="0" methods="0" coveredmethods="0"/>
        <line num="1" count="1" type="stmt"/>
        <line num="9" count="1" type="stmt"/>
        <line num="23" count="1" type="stmt"/>
        <line num="29" count="1" type="stmt"/>
        <line num="39" count="1" type="stmt"/>
        <line num="51" count="1" type="stmt"/>
        <line num="60" count="1" type="stmt"/>
      </file>
    </package>
    <package name="ai-microservice.services">
      <metrics statements="485" coveredstatements="15" conditionals="241" coveredconditionals="0" methods="108" coveredmethods="0"/>
      <file name="excel-processor.service.ts" path="A:\Proyecto\PAT-AH\Backend-Huancavelica-Alertas-Agricolas\services\ai-service\src\ai-microservice\services\excel-processor.service.ts">
        <metrics statements="125" coveredstatements="5" conditionals="64" coveredconditionals="0" methods="35" coveredmethods="0"/>
        <line num="1" count="1" type="stmt"/>
        <line num="2" count="1" type="stmt"/>
        <line num="4" count="1" type="stmt"/>
        <line num="5" count="1" type="stmt"/>
        <line num="8" count="1" type="stmt"/>
        <line num="9" count="0" type="stmt"/>
        <line num="13" count="0" type="cond" truecount="0" falsecount="1"/>
        <line num="14" count="0" type="stmt"/>
        <line num="22" count="0" type="stmt"/>
        <line num="23" count="0" type="stmt"/>
        <line num="24" count="0" type="stmt"/>
        <line num="25" count="0" type="stmt"/>
        <line num="28" count="0" type="stmt"/>
        <line num="30" count="0" type="cond" truecount="0" falsecount="1"/>
        <line num="31" count="0" type="stmt"/>
        <line num="34" count="0" type="stmt"/>
        <line num="36" count="0" type="stmt"/>
        <line num="37" count="0" type="cond" truecount="0" falsecount="2"/>
        <line num="39" count="0" type="stmt"/>
        <line num="41" count="0" type="stmt"/>
        <line num="44" count="0" type="stmt"/>
        <line num="45" count="0" type="cond" truecount="0" falsecount="4"/>
        <line num="47" count="0" type="stmt"/>
        <line num="48" count="0" type="stmt"/>
        <line num="50" count="0" type="cond" truecount="0" falsecount="2"/>
        <line num="52" count="0" type="stmt"/>
        <line num="55" count="0" type="stmt"/>
        <line num="63" count="0" type="stmt"/>
        <line num="65" count="0" type="stmt"/>
        <line num="78" count="0" type="stmt"/>
        <line num="80" count="0" type="stmt"/>
        <line num="81" count="0" type="stmt"/>
        <line num="84" count="0" type="cond" truecount="0" falsecount="1"/>
        <line num="85" count="0" type="stmt"/>
        <line num="89" count="0" type="stmt"/>
        <line num="90" count="0" type="stmt"/>
        <line num="92" count="0" type="cond" truecount="0" falsecount="8"/>
        <line num="94" count="0" type="stmt"/>
        <line num="95" count="0" type="cond" truecount="0" falsecount="4"/>
        <line num="97" count="0" type="cond" truecount="0" falsecount="1"/>
        <line num="98" count="0" type="stmt"/>
        <line num="100" count="0" type="stmt"/>
        <line num="101" count="0" type="stmt"/>
        <line num="104" count="0" type="stmt"/>
        <line num="105" count="0" type="stmt"/>
        <line num="106" count="0" type="stmt"/>
        <line num="107" count="0" type="cond" truecount="0" falsecount="1"/>
        <line num="108" count="0" type="stmt"/>
        <line num="111" count="0" type="stmt"/>
        <line num="112" count="0" type="cond" truecount="0" falsecount="1"/>
        <line num="113" count="0" type="stmt"/>
        <line num="116" count="0" type="cond" truecount="0" falsecount="3"/>
        <line num="117" count="0" type="stmt"/>
        <line num="118" count="0" type="stmt"/>
        <line num="122" count="0" type="cond" truecount="0" falsecount="1"/>
        <line num="123" count="0" type="stmt"/>
        <line num="127" count="0" type="cond" truecount="0" falsecount="8"/>
        <line num="128" count="0" type="cond" truecount="0" falsecount="8"/>
        <line num="129" count="0" type="cond" truecount="0" falsecount="4"/>
        <line num="132" count="0" type="stmt"/>
        <line num="133" count="0" type="stmt"/>
        <line num="134" count="0" type="stmt"/>
        <line num="135" count="0" type="stmt"/>
        <line num="136" count="0" type="stmt"/>
        <line num="139" count="0" type="stmt"/>
        <line num="140" count="0" type="stmt"/>
        <line num="142" count="0" type="stmt"/>
        <line num="143" count="0" type="stmt"/>
        <line num="144" count="0" type="stmt"/>
        <line num="145" count="0" type="stmt"/>
        <line num="147" count="0" type="stmt"/>
        <line num="148" count="0" type="stmt"/>
        <line num="149" count="0" type="stmt"/>
        <line num="150" count="0" type="stmt"/>
        <line num="151" count="0" type="stmt"/>
        <line num="152" count="0" type="stmt"/>
        <line num="154" count="0" type="stmt"/>
        <line num="167" count="0" type="stmt"/>
        <line num="173" count="0" type="cond" truecount="0" falsecount="3"/>
        <line num="174" count="0" type="stmt"/>
        <line num="176" count="0" type="stmt"/>
        <line num="177" count="0" type="stmt"/>
        <line num="179" count="0" type="stmt"/>
        <line num="180" count="0" type="stmt"/>
        <line num="188" count="0" type="cond" truecount="0" falsecount="1"/>
        <line num="189" count="0" type="stmt"/>
        <line num="192" count="0" type="cond" truecount="0" falsecount="1"/>
        <line num="194" count="0" type="stmt"/>
        <line num="195" count="0" type="stmt"/>
        <line num="196" count="0" type="cond" truecount="0" falsecount="2"/>
        <line num="199" count="0" type="stmt"/>
        <line num="206" count="0" type="stmt"/>
        <line num="208" count="0" type="stmt"/>
        <line num="209" count="0" type="stmt"/>
        <line num="210" count="0" type="stmt"/>
        <line num="211" count="0" type="stmt"/>
        <line num="213" count="0" type="cond" truecount="0" falsecount="1"/>
        <line num="214" count="0" type="stmt"/>
        <line num="216" count="0" type="stmt"/>
        <line num="224" count="0" type="stmt"/>
        <line num="233" count="0" type="stmt"/>
        <line num="234" count="0" type="stmt"/>
        <line num="235" count="0" type="stmt"/>
        <line num="239" count="0" type="stmt"/>
        <line num="241" count="0" type="stmt"/>
        <line num="242" count="0" type="stmt"/>
        <line num="243" count="0" type="cond" truecount="0" falsecount="3"/>
        <line num="248" count="0" type="stmt"/>
        <line num="251" count="0" type="stmt"/>
        <line num="262" count="0" type="stmt"/>
        <line num="263" count="0" type="stmt"/>
        <line num="266" count="0" type="cond" truecount="0" falsecount="1"/>
        <line num="267" count="0" type="stmt"/>
        <line num="271" count="0" type="stmt"/>
        <line num="272" count="0" type="stmt"/>
        <line num="273" count="0" type="stmt"/>
        <line num="274" count="0" type="cond" truecount="0" falsecount="1"/>
        <line num="275" count="0" type="stmt"/>
        <line num="276" count="0" type="stmt"/>
        <line num="281" count="0" type="stmt"/>
        <line num="282" count="0" type="stmt"/>
        <line num="283" count="0" type="cond" truecount="0" falsecount="1"/>
        <line num="284" count="0" type="stmt"/>
        <line num="285" count="0" type="stmt"/>
        <line num="289" count="0" type="stmt"/>
      </file>
      <file name="machine-learning.service.ts" path="A:\Proyecto\PAT-AH\Backend-Huancavelica-Alertas-Agricolas\services\ai-service\src\ai-microservice\services\machine-learning.service.ts">
        <metrics statements="307" coveredstatements="7" conditionals="127" coveredconditionals="0" methods="62" coveredmethods="0"/>
        <line num="1" count="0" type="stmt"/>
        <line num="12" count="1" type="stmt"/>
        <line num="13" count="1" type="stmt"/>
        <line num="15" count="1" type="stmt"/>
        <line num="16" count="1" type="stmt"/>
        <line num="17" count="1" type="stmt"/>
        <line num="18" count="1" type="stmt"/>
        <line num="19" count="1" type="stmt"/>
        <line num="24" count="0" type="stmt"/>
        <line num="25" count="0" type="stmt"/>
        <line num="29" count="0" type="stmt"/>
        <line num="30" count="0" type="stmt"/>
        <line num="31" count="0" type="stmt"/>
        <line num="32" count="0" type="stmt"/>
        <line num="33" count="0" type="stmt"/>
        <line num="37" count="0" type="stmt"/>
        <line num="41" count="0" type="stmt"/>
        <line num="50" count="0" type="stmt"/>
        <line num="53" count="0" type="stmt"/>
        <line num="54" count="0" type="stmt"/>
        <line num="56" count="0" type="stmt"/>
        <line num="57" count="0" type="stmt"/>
        <line num="59" count="0" type="stmt"/>
        <line num="60" count="0" type="stmt"/>
        <line num="61" count="0" type="stmt"/>
        <line num="63" count="0" type="stmt"/>
        <line num="64" count="0" type="stmt"/>
        <line num="69" count="0" type="stmt"/>
        <line num="70" count="0" type="stmt"/>
        <line num="74" count="0" type="stmt"/>
        <line num="77" count="0" type="stmt"/>
        <line num="78" count="0" type="stmt"/>
        <line num="79" count="0" type="stmt"/>
        <line num="81" count="0" type="stmt"/>
        <line num="83" count="0" type="stmt"/>
        <line num="84" count="0" type="cond" truecount="0" falsecount="1"/>
        <line num="85" count="0" type="stmt"/>
        <line num="87" count="0" type="cond" truecount="0" falsecount="1"/>
        <line num="88" count="0" type="stmt"/>
        <line num="89" count="0" type="stmt"/>
        <line num="90" count="0" type="stmt"/>
        <line num="91" count="0" type="cond" truecount="0" falsecount="1"/>
        <line num="92" count="0" type="stmt"/>
        <line num="95" count="0" type="stmt"/>
        <line num="97" count="0" type="stmt"/>
        <line num="98" count="0" type="stmt"/>
        <line num="99" count="0" type="stmt"/>
        <line num="104" count="0" type="stmt"/>
        <line num="105" count="0" type="stmt"/>
        <line num="107" count="0" type="stmt"/>
        <line num="108" count="0" type="stmt"/>
        <line num="109" count="0" type="stmt"/>
        <line num="110" count="0" type="stmt"/>
        <line num="111" count="0" type="stmt"/>
        <line num="114" count="0" type="stmt"/>
        <line num="120" count="0" type="stmt"/>
        <line num="137" count="0" type="stmt"/>
        <line num="138" count="0" type="stmt"/>
        <line num="140" count="0" type="cond" truecount="0" falsecount="1"/>
        <line num="141" count="0" type="stmt"/>
        <line num="143" count="0" type="stmt"/>
        <line num="145" count="0" type="stmt"/>
        <line num="153" count="0" type="stmt"/>
        <line num="154" count="0" type="cond" truecount="0" falsecount="1"/>
        <line num="158" count="0" type="stmt"/>
        <line num="162" count="0" type="stmt"/>
        <line num="163" count="0" type="stmt"/>
        <line num="166" count="0" type="stmt"/>
        <line num="169" count="0" type="stmt"/>
        <line num="170" count="0" type="stmt"/>
        <line num="173" count="0" type="stmt"/>
        <line num="174" count="0" type="stmt"/>
        <line num="193" count="0" type="stmt"/>
        <line num="194" count="0" type="stmt"/>
        <line num="195" count="0" type="stmt"/>
        <line num="206" count="0" type="stmt"/>
        <line num="207" count="0" type="stmt"/>
        <line num="222" count="0" type="stmt"/>
        <line num="227" count="0" type="stmt"/>
        <line num="229" count="0" type="stmt"/>
        <line num="230" count="0" type="stmt"/>
        <line num="231" count="0" type="stmt"/>
        <line num="232" count="0" type="stmt"/>
        <line num="233" count="0" type="stmt"/>
        <line num="234" count="0" type="cond" truecount="0" falsecount="2"/>
        <line num="235" count="0" type="stmt"/>
        <line num="236" count="0" type="stmt"/>
        <line num="238" count="0" type="cond" truecount="0" falsecount="4"/>
        <line num="242" count="0" type="stmt"/>
        <line num="244" count="0" type="cond" truecount="0" falsecount="2"/>
        <line num="246" count="0" type="stmt"/>
        <line num="248" count="0" type="stmt"/>
        <line num="249" count="0" type="stmt"/>
        <line num="250" count="0" type="stmt"/>
        <line num="251" count="0" type="stmt"/>
        <line num="254" count="0" type="stmt"/>
        <line num="255" count="0" type="cond" truecount="0" falsecount="2"/>
        <line num="257" count="0" type="stmt"/>
        <line num="267" count="0" type="stmt"/>
        <line num="268" count="0" type="stmt"/>
        <line num="269" count="0" type="stmt"/>
        <line num="270" count="0" type="stmt"/>
        <line num="271" count="0" type="stmt"/>
        <line num="272" count="0" type="stmt"/>
        <line num="280" count="0" type="stmt"/>
        <line num="281" count="0" type="stmt"/>
        <line num="301" count="0" type="stmt"/>
        <line num="302" count="0" type="stmt"/>
        <line num="303" count="0" type="stmt"/>
        <line num="314" count="0" type="stmt"/>
        <line num="315" count="0" type="stmt"/>
        <line num="330" count="0" type="stmt"/>
        <line num="336" count="0" type="stmt"/>
        <line num="339" count="0" type="stmt"/>
        <line num="340" count="0" type="stmt"/>
        <line num="343" count="0" type="stmt"/>
        <line num="346" count="0" type="stmt"/>
        <line num="353" count="0" type="stmt"/>
        <line num="354" count="0" type="stmt"/>
        <line num="359" count="0" type="stmt"/>
        <line num="362" count="0" type="stmt"/>
        <line num="365" count="0" type="stmt"/>
        <line num="372" count="0" type="stmt"/>
        <line num="373" count="0" type="stmt"/>
        <line num="376" count="0" type="stmt"/>
        <line num="377" count="0" type="stmt"/>
        <line num="380" count="0" type="stmt"/>
        <line num="381" count="0" type="stmt"/>
        <line num="386" count="0" type="stmt"/>
        <line num="391" count="0" type="cond" truecount="0" falsecount="3"/>
        <line num="392" count="0" type="stmt"/>
        <line num="393" count="0" type="stmt"/>
        <line num="395" count="0" type="stmt"/>
        <line num="396" count="0" type="cond" truecount="0" falsecount="3"/>
        <line num="397" count="0" type="stmt"/>
        <line num="398" count="0" type="cond" truecount="0" falsecount="2"/>
        <line num="399" count="0" type="cond" truecount="0" falsecount="1"/>
        <line num="400" count="0" type="stmt"/>
        <line num="402" count="0" type="cond" truecount="0" falsecount="1"/>
        <line num="404" count="0" type="cond" truecount="0" falsecount="3"/>
        <line num="408" count="0" type="stmt"/>
        <line num="415" count="0" type="stmt"/>
        <line num="426" count="0" type="stmt"/>
        <line num="427" count="0" type="stmt"/>
        <line num="428" count="0" type="stmt"/>
        <line num="430" count="0" type="stmt"/>
        <line num="431" count="0" type="stmt"/>
        <line num="436" count="0" type="stmt"/>
        <line num="438" count="0" type="stmt"/>
        <line num="442" count="0" type="stmt"/>
        <line num="443" count="0" type="cond" truecount="0" falsecount="1"/>
        <line num="444" count="0" type="stmt"/>
        <line num="446" count="0" type="stmt"/>
        <line num="458" count="0" type="stmt"/>
        <line num="461" count="0" type="cond" truecount="0" falsecount="1"/>
        <line num="462" count="0" type="stmt"/>
        <line num="464" count="0" type="stmt"/>
        <line num="466" count="0" type="stmt"/>
        <line num="475" count="0" type="stmt"/>
        <line num="476" count="0" type="stmt"/>
        <line num="504" count="0" type="stmt"/>
        <line num="506" count="0" type="stmt"/>
        <line num="508" count="0" type="cond" truecount="0" falsecount="3"/>
        <line num="509" count="0" type="stmt"/>
        <line num="511" count="0" type="stmt"/>
        <line num="514" count="0" type="stmt"/>
        <line num="519" count="0" type="stmt"/>
        <line num="520" count="0" type="stmt"/>
        <line num="521" count="0" type="stmt"/>
        <line num="522" count="0" type="stmt"/>
        <line num="533" count="0" type="stmt"/>
        <line num="534" count="0" type="stmt"/>
        <line num="548" count="0" type="stmt"/>
        <line num="549" count="0" type="stmt"/>
        <line num="550" count="0" type="cond" truecount="0" falsecount="1"/>
        <line num="551" count="0" type="stmt"/>
        <line num="555" count="0" type="stmt"/>
        <line num="558" count="0" type="stmt"/>
        <line num="559" count="0" type="cond" truecount="0" falsecount="5"/>
        <line num="560" count="0" type="stmt"/>
        <line num="565" count="0" type="stmt"/>
        <line num="567" count="0" type="cond" truecount="0" falsecount="4"/>
        <line num="569" count="0" type="cond" truecount="0" falsecount="1"/>
        <line num="570" count="0" type="stmt"/>
        <line num="572" count="0" type="stmt"/>
        <line num="574" count="0" type="stmt"/>
        <line num="575" count="0" type="stmt"/>
        <line num="577" count="0" type="stmt"/>
        <line num="581" count="0" type="cond" truecount="0" falsecount="4"/>
        <line num="582" count="0" type="stmt"/>
        <line num="583" count="0" type="stmt"/>
        <line num="584" count="0" type="stmt"/>
        <line num="585" count="0" type="cond" truecount="0" falsecount="2"/>
        <line num="589" count="0" type="cond" truecount="0" falsecount="4"/>
        <line num="591" count="0" type="stmt"/>
        <line num="593" count="0" type="stmt"/>
        <line num="599" count="0" type="stmt"/>
        <line num="604" count="0" type="cond" truecount="0" falsecount="2"/>
        <line num="608" count="0" type="stmt"/>
        <line num="609" count="0" type="stmt"/>
        <line num="617" count="0" type="stmt"/>
        <line num="618" count="0" type="stmt"/>
        <line num="624" count="0" type="stmt"/>
        <line num="626" count="0" type="stmt"/>
        <line num="627" count="0" type="stmt"/>
        <line num="628" count="0" type="stmt"/>
        <line num="629" count="0" type="stmt"/>
        <line num="631" count="0" type="stmt"/>
        <line num="634" count="0" type="stmt"/>
        <line num="636" count="0" type="stmt"/>
        <line num="649" count="0" type="stmt"/>
        <line num="652" count="0" type="stmt"/>
        <line num="657" count="0" type="stmt"/>
        <line num="659" count="0" type="stmt"/>
        <line num="660" count="0" type="stmt"/>
        <line num="662" count="0" type="stmt"/>
        <line num="665" count="0" type="stmt"/>
        <line num="667" count="0" type="stmt"/>
        <line num="668" count="0" type="cond" truecount="0" falsecount="3"/>
        <line num="669" count="0" type="stmt"/>
        <line num="670" count="0" type="stmt"/>
        <line num="671" count="0" type="stmt"/>
        <line num="673" count="0" type="stmt"/>
        <line num="685" count="0" type="stmt"/>
        <line num="686" count="0" type="stmt"/>
        <line num="692" count="0" type="stmt"/>
        <line num="711" count="0" type="stmt"/>
        <line num="712" count="0" type="cond" truecount="0" falsecount="1"/>
        <line num="713" count="0" type="stmt"/>
        <line num="715" count="0" type="stmt"/>
        <line num="716" count="0" type="cond" truecount="0" falsecount="4"/>
        <line num="719" count="0" type="cond" truecount="0" falsecount="1"/>
        <line num="720" count="0" type="stmt"/>
        <line num="721" count="0" type="stmt"/>
        <line num="722" count="0" type="cond" truecount="0" falsecount="2"/>
        <line num="723" count="0" type="stmt"/>
        <line num="724" count="0" type="cond" truecount="0" falsecount="4"/>
        <line num="726" count="0" type="stmt"/>
        <line num="730" count="0" type="stmt"/>
        <line num="733" count="0" type="stmt"/>
        <line num="734" count="0" type="stmt"/>
        <line num="736" count="0" type="stmt"/>
        <line num="740" count="0" type="stmt"/>
        <line num="741" count="0" type="stmt"/>
        <line num="742" count="0" type="stmt"/>
        <line num="743" count="0" type="stmt"/>
        <line num="744" count="0" type="stmt"/>
        <line num="746" count="0" type="stmt"/>
        <line num="747" count="0" type="stmt"/>
        <line num="757" count="0" type="stmt"/>
        <line num="761" count="0" type="stmt"/>
        <line num="762" count="0" type="stmt"/>
        <line num="763" count="0" type="stmt"/>
        <line num="764" count="0" type="stmt"/>
        <line num="766" count="0" type="cond" truecount="0" falsecount="3"/>
        <line num="768" count="0" type="stmt"/>
        <line num="770" count="0" type="cond" truecount="0" falsecount="3"/>
        <line num="771" count="0" type="stmt"/>
        <line num="772" count="0" type="cond" truecount="0" falsecount="3"/>
        <line num="774" count="0" type="stmt"/>
        <line num="779" count="0" type="stmt"/>
        <line num="782" count="0" type="stmt"/>
        <line num="785" count="0" type="stmt"/>
        <line num="787" count="0" type="stmt"/>
        <line num="788" count="0" type="stmt"/>
        <line num="795" count="0" type="stmt"/>
        <line num="796" count="0" type="stmt"/>
        <line num="798" count="0" type="cond" truecount="0" falsecount="1"/>
        <line num="803" count="0" type="stmt"/>
        <line num="807" count="0" type="cond" truecount="0" falsecount="3"/>
        <line num="808" count="0" type="stmt"/>
        <line num="809" count="0" type="cond" truecount="0" falsecount="1"/>
        <line num="810" count="0" type="stmt"/>
        <line num="816" count="0" type="stmt"/>
        <line num="817" count="0" type="cond" truecount="0" falsecount="1"/>
        <line num="819" count="0" type="stmt"/>
        <line num="824" count="0" type="stmt"/>
        <line num="825" count="0" type="stmt"/>
        <line num="829" count="0" type="stmt"/>
        <line num="830" count="0" type="stmt"/>
        <line num="835" count="0" type="stmt"/>
        <line num="839" count="0" type="stmt"/>
        <line num="841" count="0" type="stmt"/>
        <line num="842" count="0" type="stmt"/>
        <line num="846" count="0" type="stmt"/>
        <line num="849" count="0" type="stmt"/>
        <line num="850" count="0" type="stmt"/>
        <line num="851" count="0" type="stmt"/>
        <line num="852" count="0" type="stmt"/>
        <line num="853" count="0" type="stmt"/>
        <line num="855" count="0" type="stmt"/>
        <line num="856" count="0" type="stmt"/>
        <line num="861" count="0" type="stmt"/>
        <line num="862" count="0" type="stmt"/>
        <line num="863" count="0" type="stmt"/>
        <line num="864" count="0" type="stmt"/>
        <line num="865" count="0" type="stmt"/>
        <line num="866" count="0" type="stmt"/>
        <line num="867" count="0" type="stmt"/>
        <line num="868" count="0" type="cond" truecount="0" falsecount="2"/>
        <line num="871" count="0" type="stmt"/>
        <line num="872" count="0" type="cond" truecount="0" falsecount="2"/>
        <line num="875" count="0" type="stmt"/>
        <line num="877" count="0" type="stmt"/>
        <line num="878" count="0" type="stmt"/>
        <line num="889" count="0" type="stmt"/>
        <line num="890" count="0" type="stmt"/>
      </file>
      <file name="weather.service.ts" path="A:\Proyecto\PAT-AH\Backend-Huancavelica-Alertas-Agricolas\services\ai-service\src\ai-microservice\services\weather.service.ts">
        <metrics statements="53" coveredstatements="3" conditionals="50" coveredconditionals="0" methods="11" coveredmethods="0"/>
        <line num="1" count="1" type="stmt"/>
        <line num="2" count="1" type="stmt"/>
        <line num="6" count="1" type="stmt"/>
        <line num="7" count="0" type="stmt"/>
        <line num="8" count="0" type="cond" truecount="0" falsecount="2"/>
        <line num="9" count="0" type="cond" truecount="0" falsecount="2"/>
        <line num="15" count="0" type="stmt"/>
        <line num="16" count="0" type="stmt"/>
        <line num="26" count="0" type="stmt"/>
        <line num="28" count="0" type="stmt"/>
        <line num="38" count="0" type="stmt"/>
        <line num="39" count="0" type="stmt"/>
        <line num="47" count="0" type="stmt"/>
        <line num="48" count="0" type="stmt"/>
        <line num="58" count="0" type="stmt"/>
        <line num="60" count="0" type="stmt"/>
        <line num="70" count="0" type="stmt"/>
        <line num="71" count="0" type="stmt"/>
        <line num="79" count="0" type="stmt"/>
        <line num="80" count="0" type="stmt"/>
        <line num="89" count="0" type="stmt"/>
        <line num="91" count="0" type="stmt"/>
        <line num="101" count="0" type="stmt"/>
        <line num="102" count="0" type="stmt"/>
        <line num="116" count="0" type="stmt"/>
        <line num="119" count="0" type="stmt"/>
        <line num="120" count="0" type="stmt"/>
        <line num="122" count="0" type="stmt"/>
        <line num="123" count="0" type="stmt"/>
        <line num="125" count="0" type="stmt"/>
        <line num="127" count="0" type="stmt"/>
        <line num="137" count="0" type="stmt"/>
        <line num="140" count="0" type="stmt"/>
        <line num="142" count="0" type="stmt"/>
        <line num="143" count="0" type="stmt"/>
        <line num="151" count="0" type="stmt"/>
        <line num="166" count="0" type="stmt"/>
        <line num="167" count="0" type="cond" truecount="0" falsecount="3"/>
        <line num="168" count="0" type="cond" truecount="0" falsecount="3"/>
        <line num="169" count="0" type="cond" truecount="0" falsecount="3"/>
        <line num="170" count="0" type="stmt"/>
        <line num="177" count="0" type="stmt"/>
        <line num="178" count="0" type="stmt"/>
        <line num="179" count="0" type="stmt"/>
        <line num="180" count="0" type="stmt"/>
        <line num="181" count="0" type="stmt"/>
        <line num="188" count="0" type="cond" truecount="0" falsecount="2"/>
        <line num="195" count="0" type="cond" truecount="0" falsecount="1"/>
        <line num="196" count="0" type="stmt"/>
        <line num="202" count="0" type="stmt"/>
        <line num="204" count="0" type="stmt"/>
        <line num="205" count="0" type="stmt"/>
        <line num="210" count="0" type="stmt"/>
      </file>
    </package>
  </project>
</coverage>
