{"total": {"lines":{"total":615,"covered":46,"skipped":0,"pct":7.47},"statements":{"total":693,"covered":52,"skipped":0,"pct":7.5},"functions":{"total":132,"covered":4,"skipped":0,"pct":3.03},"branches":{"total":315,"covered":1,"skipped":0,"pct":0.31},"branchesTrue":{"total":0,"covered":0,"skipped":0,"pct":100}}
,"A:\\Proyecto\\PAT-AH\\Backend-Huancavelica-Alertas-Agricolas\\services\\ai-service\\src\\ai-microservice\\ai.controller.ts": {"lines":{"total":123,"covered":24,"skipped":0,"pct":19.51},"functions":{"total":24,"covered":4,"skipped":0,"pct":16.66},"statements":{"total":130,"covered":25,"skipped":0,"pct":19.23},"branches":{"total":74,"covered":1,"skipped":0,"pct":1.35}}
,"A:\\Proyecto\\PAT-AH\\Backend-Huancavelica-Alertas-Agricolas\\services\\ai-service\\src\\ai-microservice\\dto\\excel-data.dto.ts": {"lines":{"total":7,"covered":7,"skipped":0,"pct":100},"functions":{"total":0,"covered":0,"skipped":0,"pct":100},"statements":{"total":7,"covered":7,"skipped":0,"pct":100},"branches":{"total":0,"covered":0,"skipped":0,"pct":100}}
,"A:\\Proyecto\\PAT-AH\\Backend-Huancavelica-Alertas-Agricolas\\services\\ai-service\\src\\ai-microservice\\services\\excel-processor.service.ts": {"lines":{"total":125,"covered":5,"skipped":0,"pct":4},"functions":{"total":35,"covered":0,"skipped":0,"pct":0},"statements":{"total":140,"covered":7,"skipped":0,"pct":5},"branches":{"total":64,"covered":0,"skipped":0,"pct":0}}
,"A:\\Proyecto\\PAT-AH\\Backend-Huancavelica-Alertas-Agricolas\\services\\ai-service\\src\\ai-microservice\\services\\machine-learning.service.ts": {"lines":{"total":307,"covered":7,"skipped":0,"pct":2.28},"functions":{"total":62,"covered":0,"skipped":0,"pct":0},"statements":{"total":357,"covered":8,"skipped":0,"pct":2.24},"branches":{"total":127,"covered":0,"skipped":0,"pct":0}}
,"A:\\Proyecto\\PAT-AH\\Backend-Huancavelica-Alertas-Agricolas\\services\\ai-service\\src\\ai-microservice\\services\\weather.service.ts": {"lines":{"total":53,"covered":3,"skipped":0,"pct":5.66},"functions":{"total":11,"covered":0,"skipped":0,"pct":0},"statements":{"total":59,"covered":5,"skipped":0,"pct":8.47},"branches":{"total":50,"covered":0,"skipped":0,"pct":0}}
}
