{"A:\\Proyecto\\PAT-AH\\Backend-Huancavelica-Alertas-Agricolas\\services\\ai-service\\src\\ai-microservice\\ai.controller.ts": {"path":"A:\\Proyecto\\PAT-AH\\Backend-Huancavelica-Alertas-Agricolas\\services\\ai-service\\src\\ai-microservice\\ai.controller.ts","statementMap":{"0":{"start":{"line":1,"column":0},"end":{"line":1,"column":null}},"1":{"start":{"line":13,"column":0},"end":{"line":13,"column":59}},"2":{"start":{"line":14,"column":0},"end":{"line":14,"column":33}},"3":{"start":{"line":15,"column":0},"end":{"line":15,"column":29}},"4":{"start":{"line":16,"column":0},"end":{"line":16,"column":75}},"5":{"start":{"line":17,"column":0},"end":{"line":17,"column":77}},"6":{"start":{"line":18,"column":0},"end":{"line":18,"column":60}},"7":{"start":{"line":19,"column":0},"end":{"line":19,"column":null}},"8":{"start":{"line":27,"column":0},"end":{"line":27,"column":50}},"9":{"start":{"line":29,"column":13},"end":{"line":36,"column":6}},"10":{"start":{"line":32,"column":22},"end":{"line":32,"column":85}},"11":{"start":{"line":33,"column":3},"end":{"line":33,"column":null}},"12":{"start":{"line":37,"column":11},"end":{"line":46,"column":13}},"13":{"start":{"line":38,"column":6},"end":{"line":43,"column":null}},"14":{"start":{"line":40,"column":3},"end":{"line":40,"column":9}},"15":{"start":{"line":42,"column":3},"end":{"line":42,"column":null}},"16":{"start":{"line":48,"column":21},"end":{"line":198,"column":21}},"17":{"start":{"line":49,"column":21},"end":{"line":49,"column":null}},"18":{"start":{"line":50,"column":21},"end":{"line":50,"column":35}},"19":{"start":{"line":51,"column":6},"end":{"line":51,"column":null}},"20":{"start":{"line":64,"column":6},"end":{"line":67,"column":8}},"21":{"start":{"line":65,"column":5},"end":{"line":65,"column":null}},"22":{"start":{"line":68,"column":6},"end":{"line":132,"column":10}},"23":{"start":{"line":69,"column":22},"end":{"line":69,"column":76}},"24":{"start":{"line":74,"column":8},"end":{"line":91,"column":null}},"25":{"start":{"line":75,"column":23},"end":{"line":75,"column":null}},"26":{"start":{"line":76,"column":8},"end":{"line":84,"column":6}},"27":{"start":{"line":84,"column":13},"end":{"line":84,"column":null}},"28":{"start":{"line":108,"column":9},"end":{"line":108,"column":null}},"29":{"start":{"line":109,"column":6},"end":{"line":127,"column":15}},"30":{"start":{"line":130,"column":7},"end":{"line":130,"column":null}},"31":{"start":{"line":143,"column":10},"end":{"line":229,"column":null}},"32":{"start":{"line":146,"column":19},"end":{"line":148,"column":27}},"33":{"start":{"line":150,"column":16},"end":{"line":150,"column":null}},"34":{"start":{"line":153,"column":16},"end":{"line":153,"column":68}},"35":{"start":{"line":154,"column":10},"end":{"line":161,"column":null}},"36":{"start":{"line":159,"column":10},"end":{"line":159,"column":null}},"37":{"start":{"line":163,"column":7},"end":{"line":169,"column":30}},"38":{"start":{"line":171,"column":10},"end":{"line":186,"column":7}},"39":{"start":{"line":173,"column":10},"end":{"line":174,"column":17}},"40":{"start":{"line":174,"column":9},"end":{"line":174,"column":10}},"41":{"start":{"line":175,"column":10},"end":{"line":175,"column":null}},"42":{"start":{"line":176,"column":10},"end":{"line":176,"column":48}},"43":{"start":{"line":178,"column":9},"end":{"line":178,"column":null}},"44":{"start":{"line":179,"column":7},"end":{"line":179,"column":null}},"45":{"start":{"line":182,"column":5},"end":{"line":182,"column":6}},"46":{"start":{"line":182,"column":18},"end":{"line":182,"column":null}},"47":{"start":{"line":183,"column":6},"end":{"line":183,"column":62}},"48":{"start":{"line":185,"column":8},"end":{"line":185,"column":null}},"49":{"start":{"line":188,"column":6},"end":{"line":210,"column":21}},"50":{"start":{"line":189,"column":6},"end":{"line":209,"column":12}},"51":{"start":{"line":190,"column":16},"end":{"line":190,"column":null}},"52":{"start":{"line":192,"column":3},"end":{"line":192,"column":null}},"53":{"start":{"line":194,"column":2},"end":{"line":194,"column":null}},"54":{"start":{"line":196,"column":5},"end":{"line":196,"column":null}},"55":{"start":{"line":208,"column":10},"end":{"line":208,"column":null}},"56":{"start":{"line":214,"column":8},"end":{"line":214,"column":15}},"57":{"start":{"line":217,"column":6},"end":{"line":225,"column":13}},"58":{"start":{"line":219,"column":6},"end":{"line":219,"column":22}},"59":{"start":{"line":226,"column":21},"end":{"line":226,"column":null}},"60":{"start":{"line":228,"column":5},"end":{"line":228,"column":null}},"61":{"start":{"line":237,"column":6},"end":{"line":261,"column":5}},"62":{"start":{"line":240,"column":8},"end":{"line":246,"column":16}},"63":{"start":{"line":241,"column":7},"end":{"line":245,"column":12}},"64":{"start":{"line":241,"column":14},"end":{"line":241,"column":null}},"65":{"start":{"line":244,"column":8},"end":{"line":244,"column":null}},"66":{"start":{"line":247,"column":9},"end":{"line":247,"column":null}},"67":{"start":{"line":249,"column":8},"end":{"line":249,"column":25}},"68":{"start":{"line":260,"column":6},"end":{"line":260,"column":null}},"69":{"start":{"line":271,"column":4},"end":{"line":286,"column":11}},"70":{"start":{"line":272,"column":3},"end":{"line":272,"column":null}},"71":{"start":{"line":278,"column":39},"end":{"line":278,"column":42}},"72":{"start":{"line":279,"column":24},"end":{"line":279,"column":null}},"73":{"start":{"line":279,"column":34},"end":{"line":279,"column":null}},"74":{"start":{"line":280,"column":10},"end":{"line":283,"column":12}},"75":{"start":{"line":282,"column":16},"end":{"line":282,"column":null}},"76":{"start":{"line":284,"column":5},"end":{"line":284,"column":null}},"77":{"start":{"line":287,"column":3},"end":{"line":287,"column":null}},"78":{"start":{"line":289,"column":2},"end":{"line":289,"column":null}},"79":{"start":{"line":293,"column":8},"end":{"line":293,"column":null}},"80":{"start":{"line":302,"column":2},"end":{"line":302,"column":null}},"81":{"start":{"line":313,"column":15},"end":{"line":313,"column":57}},"82":{"start":{"line":314,"column":7},"end":{"line":314,"column":13}},"83":{"start":{"line":314,"column":13},"end":{"line":316,"column":7}},"84":{"start":{"line":315,"column":8},"end":{"line":315,"column":null}},"85":{"start":{"line":316,"column":13},"end":{"line":316,"column":null}},"86":{"start":{"line":321,"column":16},"end":{"line":321,"column":73}},"87":{"start":{"line":339,"column":8},"end":{"line":350,"column":5}},"88":{"start":{"line":340,"column":8},"end":{"line":347,"column":7}},"89":{"start":{"line":341,"column":8},"end":{"line":341,"column":94}},"90":{"start":{"line":343,"column":7},"end":{"line":347,"column":7}},"91":{"start":{"line":343,"column":13},"end":{"line":343,"column":null}},"92":{"start":{"line":346,"column":8},"end":{"line":346,"column":94}},"93":{"start":{"line":349,"column":6},"end":{"line":349,"column":null}},"94":{"start":{"line":358,"column":4},"end":{"line":385,"column":16}},"95":{"start":{"line":359,"column":3},"end":{"line":359,"column":null}},"96":{"start":{"line":361,"column":2},"end":{"line":379,"column":10}},"97":{"start":{"line":363,"column":5},"end":{"line":363,"column":null}},"98":{"start":{"line":370,"column":9},"end":{"line":370,"column":null}},"99":{"start":{"line":373,"column":10},"end":{"line":379,"column":10}},"100":{"start":{"line":374,"column":8},"end":{"line":374,"column":77}},"101":{"start":{"line":378,"column":10},"end":{"line":378,"column":null}},"102":{"start":{"line":385,"column":8},"end":{"line":385,"column":15}},"103":{"start":{"line":392,"column":6},"end":{"line":392,"column":null}},"104":{"start":{"line":402,"column":11},"end":{"line":56,"column":7}},"105":{"start":{"line":403,"column":9},"end":{"line":403,"column":10}},"106":{"start":{"line":403,"column":10},"end":{"line":405,"column":21}},"107":{"start":{"line":404,"column":10},"end":{"line":404,"column":null}},"108":{"start":{"line":408,"column":8},"end":{"line":417,"column":29}},"109":{"start":{"line":409,"column":7},"end":{"line":416,"column":12}},"110":{"start":{"line":411,"column":6},"end":{"line":411,"column":null}},"111":{"start":{"line":414,"column":12},"end":{"line":414,"column":null}},"112":{"start":{"line":420,"column":13},"end":{"line":420,"column":null}},"113":{"start":{"line":421,"column":8},"end":{"line":434,"column":13}},"114":{"start":{"line":422,"column":8},"end":{"line":434,"column":6}},"115":{"start":{"line":423,"column":19},"end":{"line":423,"column":null}},"116":{"start":{"line":424,"column":8},"end":{"line":427,"column":31}},"117":{"start":{"line":430,"column":13},"end":{"line":433,"column":null}},"118":{"start":{"line":436,"column":5},"end":{"line":439,"column":null}},"119":{"start":{"line":437,"column":3},"end":{"line":437,"column":null}},"120":{"start":{"line":439,"column":2},"end":{"line":439,"column":null}},"121":{"start":{"line":441,"column":5},"end":{"line":441,"column":null}},"122":{"start":{"line":444,"column":4},"end":{"line":458,"column":null}},"123":{"start":{"line":454,"column":7},"end":{"line":454,"column":null}},"124":{"start":{"line":455,"column":32},"end":{"line":455,"column":null}},"125":{"start":{"line":456,"column":22},"end":{"line":456,"column":null}},"126":{"start":{"line":62,"column":8},"end":{"line":62,"column":19}},"127":{"start":{"line":62,"column":21},"end":{"line":62,"column":36}},"128":{"start":{"line":308,"column":5},"end":{"line":323,"column":null}},"129":{"start":{"line":443,"column":8},"end":{"line":49,"column":54}}},"fnMap":{"0":{"name":"(anonymous_13)","decl":{"start":{"line":31,"column":10},"end":{"line":31,"column":22}},"loc":{"start":{"line":31,"column":35},"end":{"line":34,"column":null}}},"1":{"name":"(anonymous_14)","decl":{"start":{"line":37,"column":11},"end":{"line":37,"column":19}},"loc":{"start":{"line":37,"column":41},"end":{"line":46,"column":13}}},"2":{"name":"(anonymous_15)","decl":{"start":{"line":48,"column":21},"end":{"line":48,"column":33}},"loc":{"start":{"line":48,"column":56},"end":{"line":53,"column":null}}},"3":{"name":"(anonymous_16)","decl":{"start":{"line":63,"column":4},"end":{"line":63,"column":8}},"loc":{"start":{"line":63,"column":16},"end":{"line":134,"column":14}}},"4":{"name":"(anonymous_17)","decl":{"start":{"line":138,"column":10},"end":{"line":138,"column":11}},"loc":{"start":{"line":138,"column":11},"end":{"line":231,"column":null}}},"5":{"name":"(anonymous_18)","decl":{"start":{"line":226,"column":21},"end":{"line":226,"column":null}},"loc":{"start":{"line":226,"column":21},"end":{"line":226,"column":null}}},"6":{"name":"(anonymous_19)","decl":{"start":{"line":236,"column":4},"end":{"line":236,"column":8}},"loc":{"start":{"line":236,"column":9},"end":{"line":261,"column":13}}},"7":{"name":"(anonymous_20)","decl":{"start":{"line":266,"column":2},"end":{"line":266,"column":null}},"loc":{"start":{"line":266,"column":2},"end":{"line":296,"column":11}}},"8":{"name":"(anonymous_21)","decl":{"start":{"line":279,"column":34},"end":{"line":279,"column":47}},"loc":{"start":{"line":279,"column":34},"end":{"line":279,"column":null}}},"9":{"name":"(anonymous_22)","decl":{"start":{"line":284,"column":5},"end":{"line":284,"column":null}},"loc":{"start":{"line":284,"column":5},"end":{"line":284,"column":null}}},"10":{"name":"(anonymous_24)","decl":{"start":{"line":312,"column":6},"end":{"line":312,"column":10}},"loc":{"start":{"line":312,"column":16},"end":{"line":317,"column":47}}},"11":{"name":"(anonymous_25)","decl":{"start":{"line":314,"column":7},"end":{"line":314,"column":13}},"loc":{"start":{"line":314,"column":7},"end":{"line":314,"column":13}}},"12":{"name":"(anonymous_26)","decl":{"start":{"line":320,"column":6},"end":{"line":320,"column":13}},"loc":{"start":{"line":320,"column":21},"end":{"line":327,"column":null}}},"13":{"name":"(anonymous_27)","decl":{"start":{"line":338,"column":6},"end":{"line":338,"column":10}},"loc":{"start":{"line":338,"column":17},"end":{"line":351,"column":3}}},"14":{"name":"(anonymous_28)","decl":{"start":{"line":357,"column":2},"end":{"line":357,"column":7}},"loc":{"start":{"line":357,"column":27},"end":{"line":386,"column":21}}},"15":{"name":"(anonymous_29)","decl":{"start":{"line":391,"column":6},"end":{"line":391,"column":12}},"loc":{"start":{"line":391,"column":26},"end":{"line":393,"column":12}}},"16":{"name":"(anonymous_30)","decl":{"start":{"line":401,"column":12},"end":{"line":401,"column":22}},"loc":{"start":{"line":401,"column":22},"end":{"line":57,"column":18}}},"17":{"name":"(anonymous_31)","decl":{"start":{"line":437,"column":3},"end":{"line":437,"column":null}},"loc":{"start":{"line":437,"column":3},"end":{"line":437,"column":null}}},"18":{"name":"(anonymous_32)","decl":{"start":{"line":439,"column":2},"end":{"line":439,"column":null}},"loc":{"start":{"line":439,"column":2},"end":{"line":439,"column":null}}},"19":{"name":"(anonymous_33)","decl":{"start":{"line":441,"column":5},"end":{"line":441,"column":null}},"loc":{"start":{"line":441,"column":5},"end":{"line":441,"column":null}}},"20":{"name":"(anonymous_34)","decl":{"start":{"line":454,"column":7},"end":{"line":454,"column":null}},"loc":{"start":{"line":454,"column":7},"end":{"line":454,"column":null}}},"21":{"name":"(anonymous_35)","decl":{"start":{"line":455,"column":26},"end":{"line":455,"column":32}},"loc":{"start":{"line":455,"column":32},"end":{"line":455,"column":null}}},"22":{"name":"(anonymous_36)","decl":{"start":{"line":456,"column":22},"end":{"line":456,"column":null}},"loc":{"start":{"line":456,"column":22},"end":{"line":456,"column":null}}},"23":{"name":"(anonymous_37)","decl":{"start":{"line":61,"column":3},"end":{"line":61,"column":4}},"loc":{"start":{"line":61,"column":5},"end":{"line":197,"column":7}}}},"branchMap":{"0":{"loc":{"start":{"line":38,"column":6},"end":{"line":43,"column":null}},"type":"if","locations":[{"start":{"line":38,"column":6},"end":{"line":43,"column":null}},{"start":{"line":41,"column":4},"end":{"line":43,"column":null}}]},"1":{"loc":{"start":{"line":38,"column":6},"end":{"line":39,"column":null}},"type":"binary-expr","locations":[{"start":{"line":38,"column":6},"end":{"line":38,"column":40}},{"start":{"line":38,"column":41},"end":{"line":38,"column":78}},{"start":{"line":39,"column":4},"end":{"line":39,"column":null}},{"start":{"line":39,"column":25},"end":{"line":39,"column":null}}]},"2":{"loc":{"start":{"line":64,"column":6},"end":{"line":67,"column":8}},"type":"if","locations":[{"start":{"line":64,"column":6},"end":{"line":67,"column":8}}]},"3":{"loc":{"start":{"line":78,"column":18},"end":{"line":78,"column":null}},"type":"binary-expr","locations":[{"start":{"line":78,"column":18},"end":{"line":78,"column":null}},{"start":{"line":78,"column":18},"end":{"line":78,"column":null}}]},"4":{"loc":{"start":{"line":153,"column":16},"end":{"line":153,"column":68}},"type":"cond-expr","locations":[{"start":{"line":153,"column":31},"end":{"line":153,"column":68}},{"start":{"line":153,"column":66},"end":{"line":153,"column":68}}]},"5":{"loc":{"start":{"line":154,"column":10},"end":{"line":161,"column":null}},"type":"if","locations":[{"start":{"line":154,"column":10},"end":{"line":161,"column":null}}]},"6":{"loc":{"start":{"line":165,"column":6},"end":{"line":165,"column":null}},"type":"cond-expr","locations":[{"start":{"line":165,"column":81},"end":{"line":165,"column":null}},{"start":{"line":165,"column":81},"end":{"line":165,"column":null}}]},"7":{"loc":{"start":{"line":165,"column":6},"end":{"line":165,"column":81}},"type":"binary-expr","locations":[{"start":{"line":165,"column":6},"end":{"line":165,"column":81}},{"start":{"line":165,"column":6},"end":{"line":165,"column":81}}]},"8":{"loc":{"start":{"line":166,"column":10},"end":{"line":166,"column":null}},"type":"cond-expr","locations":[{"start":{"line":166,"column":79},"end":{"line":166,"column":82}},{"start":{"line":166,"column":82},"end":{"line":166,"column":null}}]},"9":{"loc":{"start":{"line":166,"column":10},"end":{"line":166,"column":79}},"type":"binary-expr","locations":[{"start":{"line":166,"column":10},"end":{"line":166,"column":61}},{"start":{"line":166,"column":61},"end":{"line":166,"column":79}}]},"10":{"loc":{"start":{"line":171,"column":10},"end":{"line":186,"column":7}},"type":"switch","locations":[{"start":{"line":172,"column":10},"end":{"line":176,"column":48}},{"start":{"line":177,"column":10},"end":{"line":179,"column":null}},{"start":{"line":181,"column":6},"end":{"line":183,"column":62}},{"start":{"line":184,"column":10},"end":{"line":185,"column":null}}]},"11":{"loc":{"start":{"line":173,"column":10},"end":{"line":174,"column":17}},"type":"if","locations":[{"start":{"line":173,"column":10},"end":{"line":174,"column":17}}]},"12":{"loc":{"start":{"line":182,"column":5},"end":{"line":182,"column":6}},"type":"binary-expr","locations":[{"start":{"line":182,"column":5},"end":{"line":182,"column":6}},{"start":{"line":182,"column":5},"end":{"line":182,"column":6}}]},"13":{"loc":{"start":{"line":188,"column":6},"end":{"line":210,"column":21}},"type":"if","locations":[{"start":{"line":188,"column":6},"end":{"line":210,"column":21}}]},"14":{"loc":{"start":{"line":188,"column":6},"end":{"line":188,"column":60}},"type":"binary-expr","locations":[{"start":{"line":188,"column":6},"end":{"line":188,"column":42}},{"start":{"line":188,"column":14},"end":{"line":188,"column":60}},{"start":{"line":188,"column":47},"end":{"line":188,"column":60}}]},"15":{"loc":{"start":{"line":192,"column":3},"end":{"line":192,"column":null}},"type":"binary-expr","locations":[{"start":{"line":192,"column":3},"end":{"line":192,"column":null}},{"start":{"line":192,"column":3},"end":{"line":192,"column":null}}]},"16":{"loc":{"start":{"line":208,"column":55},"end":{"line":208,"column":null}},"type":"binary-expr","locations":[{"start":{"line":208,"column":55},"end":{"line":208,"column":null}},{"start":{"line":208,"column":55},"end":{"line":208,"column":null}}]},"17":{"loc":{"start":{"line":217,"column":6},"end":{"line":225,"column":13}},"type":"if","locations":[{"start":{"line":217,"column":6},"end":{"line":225,"column":13}}]},"18":{"loc":{"start":{"line":240,"column":8},"end":{"line":246,"column":16}},"type":"if","locations":[{"start":{"line":240,"column":8},"end":{"line":246,"column":16}}]},"19":{"loc":{"start":{"line":240,"column":8},"end":{"line":240,"column":null}},"type":"binary-expr","locations":[{"start":{"line":240,"column":8},"end":{"line":240,"column":37}},{"start":{"line":240,"column":28},"end":{"line":240,"column":null}}]},"20":{"loc":{"start":{"line":241,"column":7},"end":{"line":245,"column":12}},"type":"if","locations":[{"start":{"line":241,"column":7},"end":{"line":245,"column":12}},{"start":{"line":243,"column":8},"end":{"line":245,"column":12}}]},"21":{"loc":{"start":{"line":271,"column":4},"end":{"line":286,"column":11}},"type":"if","locations":[{"start":{"line":271,"column":4},"end":{"line":286,"column":11}}]},"22":{"loc":{"start":{"line":280,"column":10},"end":{"line":283,"column":12}},"type":"if","locations":[{"start":{"line":280,"column":10},"end":{"line":283,"column":12}}]},"23":{"loc":{"start":{"line":284,"column":5},"end":{"line":284,"column":null}},"type":"binary-expr","locations":[{"start":{"line":284,"column":5},"end":{"line":284,"column":null}},{"start":{"line":284,"column":5},"end":{"line":284,"column":null}}]},"24":{"loc":{"start":{"line":314,"column":13},"end":{"line":316,"column":7}},"type":"if","locations":[{"start":{"line":314,"column":13},"end":{"line":316,"column":7}}]},"25":{"loc":{"start":{"line":325,"column":2},"end":{"line":325,"column":null}},"type":"cond-expr","locations":[{"start":{"line":325,"column":2},"end":{"line":325,"column":null}},{"start":{"line":325,"column":2},"end":{"line":325,"column":null}}]},"26":{"loc":{"start":{"line":340,"column":8},"end":{"line":347,"column":7}},"type":"if","locations":[{"start":{"line":340,"column":8},"end":{"line":347,"column":7}},{"start":{"line":343,"column":7},"end":{"line":347,"column":7}}]},"27":{"loc":{"start":{"line":343,"column":7},"end":{"line":347,"column":7}},"type":"if","locations":[{"start":{"line":343,"column":7},"end":{"line":347,"column":7}},{"start":{"line":345,"column":7},"end":{"line":347,"column":7}}]},"28":{"loc":{"start":{"line":343,"column":7},"end":{"line":343,"column":13}},"type":"binary-expr","locations":[{"start":{"line":343,"column":7},"end":{"line":343,"column":13}},{"start":{"line":343,"column":7},"end":{"line":343,"column":13}}]},"29":{"loc":{"start":{"line":359,"column":3},"end":{"line":359,"column":null}},"type":"binary-expr","locations":[{"start":{"line":359,"column":3},"end":{"line":359,"column":null}},{"start":{"line":359,"column":3},"end":{"line":359,"column":null}}]},"30":{"loc":{"start":{"line":361,"column":2},"end":{"line":379,"column":10}},"type":"if","locations":[{"start":{"line":361,"column":2},"end":{"line":379,"column":10}},{"start":{"line":373,"column":10},"end":{"line":379,"column":10}}]},"31":{"loc":{"start":{"line":373,"column":10},"end":{"line":379,"column":10}},"type":"if","locations":[{"start":{"line":373,"column":10},"end":{"line":379,"column":10}},{"start":{"line":377,"column":6},"end":{"line":379,"column":10}}]},"32":{"loc":{"start":{"line":373,"column":10},"end":{"line":373,"column":null}},"type":"binary-expr","locations":[{"start":{"line":373,"column":10},"end":{"line":373,"column":32}},{"start":{"line":373,"column":32},"end":{"line":373,"column":null}}]},"33":{"loc":{"start":{"line":403,"column":10},"end":{"line":405,"column":21}},"type":"if","locations":[{"start":{"line":403,"column":10},"end":{"line":405,"column":21}}]},"34":{"loc":{"start":{"line":408,"column":8},"end":{"line":417,"column":29}},"type":"if","locations":[{"start":{"line":408,"column":8},"end":{"line":417,"column":29}}]},"35":{"loc":{"start":{"line":408,"column":8},"end":{"line":408,"column":null}},"type":"binary-expr","locations":[{"start":{"line":408,"column":8},"end":{"line":408,"column":null}},{"start":{"line":408,"column":9},"end":{"line":408,"column":null}}]},"36":{"loc":{"start":{"line":409,"column":7},"end":{"line":416,"column":12}},"type":"if","locations":[{"start":{"line":409,"column":7},"end":{"line":416,"column":12}},{"start":{"line":413,"column":9},"end":{"line":416,"column":12}}]},"37":{"loc":{"start":{"line":437,"column":3},"end":{"line":437,"column":null}},"type":"binary-expr","locations":[{"start":{"line":437,"column":3},"end":{"line":437,"column":null}},{"start":{"line":437,"column":3},"end":{"line":437,"column":null}}]},"38":{"loc":{"start":{"line":441,"column":5},"end":{"line":441,"column":null}},"type":"cond-expr","locations":[{"start":{"line":441,"column":5},"end":{"line":441,"column":null}},{"start":{"line":443,"column":8},"end":{"line":443,"column":19}}]},"39":{"loc":{"start":{"line":453,"column":31},"end":{"line":456,"column":null}},"type":"binary-expr","locations":[{"start":{"line":453,"column":31},"end":{"line":456,"column":null}},{"start":{"line":456,"column":22},"end":{"line":456,"column":null}}]}},"s":{"0":1,"1":1,"2":1,"3":1,"4":1,"5":1,"6":1,"7":1,"8":1,"9":1,"10":0,"11":0,"12":1,"13":0,"14":0,"15":0,"16":1,"17":1,"18":1,"19":1,"20":0,"21":0,"22":0,"23":0,"24":0,"25":0,"26":0,"27":0,"28":0,"29":0,"30":0,"31":0,"32":0,"33":0,"34":0,"35":0,"36":0,"37":0,"38":0,"39":0,"40":0,"41":0,"42":0,"43":0,"44":0,"45":0,"46":0,"47":0,"48":0,"49":0,"50":0,"51":0,"52":0,"53":0,"54":0,"55":0,"56":0,"57":0,"58":0,"59":0,"60":0,"61":0,"62":0,"63":0,"64":0,"65":0,"66":0,"67":0,"68":0,"69":1,"70":0,"71":1,"72":1,"73":1,"74":1,"75":0,"76":3,"77":1,"78":1,"79":0,"80":0,"81":0,"82":0,"83":0,"84":0,"85":0,"86":0,"87":0,"88":0,"89":0,"90":0,"91":0,"92":0,"93":0,"94":0,"95":0,"96":0,"97":0,"98":0,"99":0,"100":0,"101":0,"102":0,"103":0,"104":0,"105":0,"106":0,"107":0,"108":0,"109":0,"110":0,"111":0,"112":0,"113":0,"114":0,"115":0,"116":0,"117":0,"118":0,"119":0,"120":0,"121":0,"122":0,"123":0,"124":0,"125":0,"126":0,"127":0,"128":1,"129":1},"f":{"0":0,"1":0,"2":1,"3":0,"4":0,"5":0,"6":0,"7":1,"8":1,"9":2,"10":0,"11":0,"12":0,"13":0,"14":0,"15":0,"16":0,"17":0,"18":0,"19":0,"20":0,"21":0,"22":0,"23":0},"b":{"0":[0,0],"1":[0,0,0,0],"2":[0],"3":[0,0],"4":[0,0],"5":[0],"6":[0,0],"7":[0,0],"8":[0,0],"9":[0,0],"10":[0,0,0,0],"11":[0],"12":[0,0],"13":[0],"14":[0,0,0],"15":[0,0],"16":[0,0],"17":[0],"18":[0],"19":[0,0],"20":[0,0],"21":[0],"22":[0],"23":[2,0],"24":[0],"25":[0,0],"26":[0,0],"27":[0,0],"28":[0,0],"29":[0,0],"30":[0,0],"31":[0,0],"32":[0,0],"33":[0],"34":[0],"35":[0,0],"36":[0,0],"37":[0,0],"38":[0,0],"39":[0,0]}}
,"A:\\Proyecto\\PAT-AH\\Backend-Huancavelica-Alertas-Agricolas\\services\\ai-service\\src\\ai-microservice\\dto\\excel-data.dto.ts": {"path":"A:\\Proyecto\\PAT-AH\\Backend-Huancavelica-Alertas-Agricolas\\services\\ai-service\\src\\ai-microservice\\dto\\excel-data.dto.ts","statementMap":{"0":{"start":{"line":1,"column":0},"end":{"line":1,"column":13}},"1":{"start":{"line":9,"column":0},"end":{"line":9,"column":13}},"2":{"start":{"line":23,"column":0},"end":{"line":23,"column":13}},"3":{"start":{"line":29,"column":0},"end":{"line":29,"column":13}},"4":{"start":{"line":39,"column":0},"end":{"line":39,"column":13}},"5":{"start":{"line":51,"column":0},"end":{"line":51,"column":13}},"6":{"start":{"line":60,"column":0},"end":{"line":60,"column":13}}},"fnMap":{},"branchMap":{},"s":{"0":1,"1":1,"2":1,"3":1,"4":1,"5":1,"6":1},"f":{},"b":{}}
,"A:\\Proyecto\\PAT-AH\\Backend-Huancavelica-Alertas-Agricolas\\services\\ai-service\\src\\ai-microservice\\services\\excel-processor.service.ts": {"path":"A:\\Proyecto\\PAT-AH\\Backend-Huancavelica-Alertas-Agricolas\\services\\ai-service\\src\\ai-microservice\\services\\excel-processor.service.ts","statementMap":{"0":{"start":{"line":1,"column":0},"end":{"line":1,"column":65}},"1":{"start":{"line":2,"column":0},"end":{"line":2,"column":29}},"2":{"start":{"line":4,"column":0},"end":{"line":4,"column":25}},"3":{"start":{"line":5,"column":0},"end":{"line":5,"column":29}},"4":{"start":{"line":8,"column":7},"end":{"line":295,"column":null}},"5":{"start":{"line":9,"column":19},"end":{"line":9,"column":68}},"6":{"start":{"line":13,"column":4},"end":{"line":15,"column":5}},"7":{"start":{"line":14,"column":6},"end":{"line":14,"column":57}},"8":{"start":{"line":22,"column":4},"end":{"line":66,"column":5}},"9":{"start":{"line":23,"column":23},"end":{"line":23,"column":46}},"10":{"start":{"line":24,"column":24},"end":{"line":24,"column":46}},"11":{"start":{"line":25,"column":24},"end":{"line":25,"column":50}},"12":{"start":{"line":28,"column":23},"end":{"line":28,"column":73}},"13":{"start":{"line":30,"column":6},"end":{"line":32,"column":7}},"14":{"start":{"line":31,"column":8},"end":{"line":31,"column":69}},"15":{"start":{"line":34,"column":25},"end":{"line":34,"column":48}},"16":{"start":{"line":36,"column":22},"end":{"line":40,"column":8}},"17":{"start":{"line":37,"column":18},"end":{"line":37,"column":57}},"18":{"start":{"line":39,"column":8},"end":{"line":39,"column":56}},"19":{"start":{"line":41,"column":19},"end":{"line":41,"column":36}},"20":{"start":{"line":44,"column":24},"end":{"line":53,"column":10}},"21":{"start":{"line":45,"column":23},"end":{"line":45,"column":94}},"22":{"start":{"line":45,"column":58},"end":{"line":45,"column":93}},"23":{"start":{"line":47,"column":27},"end":{"line":47,"column":29}},"24":{"start":{"line":48,"column":10},"end":{"line":51,"column":13}},"25":{"start":{"line":50,"column":12},"end":{"line":50,"column":87}},"26":{"start":{"line":52,"column":10},"end":{"line":52,"column":21}},"27":{"start":{"line":55,"column":35},"end":{"line":61,"column":8}},"28":{"start":{"line":63,"column":6},"end":{"line":63,"column":20}},"29":{"start":{"line":65,"column":6},"end":{"line":65,"column":88}},"30":{"start":{"line":78,"column":4},"end":{"line":168,"column":5}},"31":{"start":{"line":80,"column":29},"end":{"line":81,"column":null}},"32":{"start":{"line":81,"column":15},"end":{"line":81,"column":47}},"33":{"start":{"line":84,"column":6},"end":{"line":86,"column":7}},"34":{"start":{"line":85,"column":8},"end":{"line":85,"column":95}},"35":{"start":{"line":89,"column":35},"end":{"line":89,"column":37}},"36":{"start":{"line":90,"column":32},"end":{"line":90,"column":34}},"37":{"start":{"line":92,"column":26},"end":{"line":92,"column":59}},"38":{"start":{"line":94,"column":24},"end":{"line":102,"column":7}},"39":{"start":{"line":95,"column":8},"end":{"line":95,"column":79}},"40":{"start":{"line":95,"column":67},"end":{"line":95,"column":79}},"41":{"start":{"line":97,"column":8},"end":{"line":99,"column":9}},"42":{"start":{"line":98,"column":10},"end":{"line":98,"column":52}},"43":{"start":{"line":98,"column":39},"end":{"line":98,"column":50}},"44":{"start":{"line":100,"column":18},"end":{"line":100,"column":38}},"45":{"start":{"line":101,"column":8},"end":{"line":101,"column":54}},"46":{"start":{"line":101,"column":37},"end":{"line":101,"column":52}},"47":{"start":{"line":104,"column":6},"end":{"line":120,"column":9}},"48":{"start":{"line":105,"column":30},"end":{"line":109,"column":10}},"49":{"start":{"line":106,"column":22},"end":{"line":106,"column":30}},"50":{"start":{"line":107,"column":10},"end":{"line":107,"column":41}},"51":{"start":{"line":107,"column":30},"end":{"line":107,"column":41}},"52":{"start":{"line":108,"column":10},"end":{"line":108,"column":43}},"53":{"start":{"line":111,"column":26},"end":{"line":111,"column":43}},"54":{"start":{"line":112,"column":8},"end":{"line":112,"column":41}},"55":{"start":{"line":112,"column":34},"end":{"line":112,"column":41}},"56":{"start":{"line":113,"column":28},"end":{"line":113,"column":59}},"57":{"start":{"line":116,"column":8},"end":{"line":119,"column":9}},"58":{"start":{"line":116,"column":39},"end":{"line":116,"column":50}},"59":{"start":{"line":117,"column":10},"end":{"line":117,"column":39}},"60":{"start":{"line":118,"column":10},"end":{"line":118,"column":36}},"61":{"start":{"line":122,"column":6},"end":{"line":124,"column":7}},"62":{"start":{"line":123,"column":8},"end":{"line":123,"column":102}},"63":{"start":{"line":127,"column":23},"end":{"line":127,"column":48}},"64":{"start":{"line":128,"column":24},"end":{"line":128,"column":50}},"65":{"start":{"line":129,"column":19},"end":{"line":129,"column":32}},"66":{"start":{"line":132,"column":22},"end":{"line":132,"column":47}},"67":{"start":{"line":132,"column":45},"end":{"line":132,"column":46}},"68":{"start":{"line":133,"column":18},"end":{"line":133,"column":38}},"69":{"start":{"line":134,"column":6},"end":{"line":137,"column":7}},"70":{"start":{"line":134,"column":19},"end":{"line":134,"column":37}},"71":{"start":{"line":135,"column":18},"end":{"line":135,"column":45}},"72":{"start":{"line":136,"column":8},"end":{"line":136,"column":60}},"73":{"start":{"line":139,"column":31},"end":{"line":139,"column":60}},"74":{"start":{"line":139,"column":48},"end":{"line":139,"column":59}},"75":{"start":{"line":140,"column":30},"end":{"line":140,"column":58}},"76":{"start":{"line":140,"column":47},"end":{"line":140,"column":57}},"77":{"start":{"line":142,"column":16},"end":{"line":142,"column":39}},"78":{"start":{"line":143,"column":20},"end":{"line":143,"column":45}},"79":{"start":{"line":144,"column":19},"end":{"line":144,"column":43}},"80":{"start":{"line":145,"column":21},"end":{"line":145,"column":37}},"81":{"start":{"line":147,"column":28},"end":{"line":147,"column":61}},"82":{"start":{"line":148,"column":27},"end":{"line":148,"column":59}},"83":{"start":{"line":149,"column":26},"end":{"line":149,"column":71}},"84":{"start":{"line":150,"column":25},"end":{"line":150,"column":69}},"85":{"start":{"line":151,"column":27},"end":{"line":151,"column":64}},"86":{"start":{"line":152,"column":26},"end":{"line":152,"column":62}},"87":{"start":{"line":154,"column":6},"end":{"line":165,"column":27}},"88":{"start":{"line":167,"column":6},"end":{"line":167,"column":97}},"89":{"start":{"line":173,"column":4},"end":{"line":175,"column":5}},"90":{"start":{"line":174,"column":6},"end":{"line":174,"column":25}},"91":{"start":{"line":176,"column":16},"end":{"line":176,"column":26}},"92":{"start":{"line":177,"column":4},"end":{"line":181,"column":6}},"93":{"start":{"line":179,"column":6},"end":{"line":179,"column":51}},"94":{"start":{"line":180,"column":6},"end":{"line":180,"column":33}},"95":{"start":{"line":188,"column":4},"end":{"line":190,"column":5}},"96":{"start":{"line":189,"column":6},"end":{"line":189,"column":19}},"97":{"start":{"line":192,"column":4},"end":{"line":197,"column":5}},"98":{"start":{"line":194,"column":22},"end":{"line":194,"column":49}},"99":{"start":{"line":195,"column":21},"end":{"line":195,"column":40}},"100":{"start":{"line":196,"column":6},"end":{"line":196,"column":42}},"101":{"start":{"line":199,"column":4},"end":{"line":199,"column":15}},"102":{"start":{"line":206,"column":28},"end":{"line":206,"column":30}},"103":{"start":{"line":208,"column":4},"end":{"line":222,"column":7}},"104":{"start":{"line":209,"column":21},"end":{"line":211,"column":35}},"105":{"start":{"line":210,"column":20},"end":{"line":210,"column":53}},"106":{"start":{"line":211,"column":23},"end":{"line":211,"column":34}},"107":{"start":{"line":213,"column":6},"end":{"line":221,"column":7}},"108":{"start":{"line":214,"column":8},"end":{"line":220,"column":10}},"109":{"start":{"line":216,"column":40},"end":{"line":216,"column":45}},"110":{"start":{"line":224,"column":4},"end":{"line":229,"column":6}},"111":{"start":{"line":233,"column":17},"end":{"line":233,"column":66}},"112":{"start":{"line":233,"column":41},"end":{"line":233,"column":46}},"113":{"start":{"line":234,"column":21},"end":{"line":234,"column":90}},"114":{"start":{"line":234,"column":45},"end":{"line":234,"column":70}},"115":{"start":{"line":235,"column":4},"end":{"line":235,"column":31}},"116":{"start":{"line":239,"column":25},"end":{"line":239,"column":27}},"117":{"start":{"line":241,"column":4},"end":{"line":249,"column":7}},"118":{"start":{"line":242,"column":24},"end":{"line":246,"column":14}},"119":{"start":{"line":243,"column":8},"end":{"line":245,"column":26}},"120":{"start":{"line":248,"column":6},"end":{"line":248,"column":63}},"121":{"start":{"line":251,"column":4},"end":{"line":251,"column":19}},"122":{"start":{"line":262,"column":31},"end":{"line":262,"column":33}},"123":{"start":{"line":263,"column":38},"end":{"line":263,"column":40}},"124":{"start":{"line":266,"column":4},"end":{"line":268,"column":5}},"125":{"start":{"line":267,"column":6},"end":{"line":267,"column":119}},"126":{"start":{"line":271,"column":24},"end":{"line":271,"column":70}},"127":{"start":{"line":272,"column":4},"end":{"line":278,"column":7}},"128":{"start":{"line":273,"column":16},"end":{"line":273,"column":34}},"129":{"start":{"line":274,"column":6},"end":{"line":277,"column":7}},"130":{"start":{"line":275,"column":8},"end":{"line":275,"column":88}},"131":{"start":{"line":276,"column":8},"end":{"line":276,"column":108}},"132":{"start":{"line":281,"column":18},"end":{"line":281,"column":57}},"133":{"start":{"line":282,"column":4},"end":{"line":287,"column":7}},"134":{"start":{"line":283,"column":6},"end":{"line":286,"column":7}},"135":{"start":{"line":284,"column":8},"end":{"line":284,"column":98}},"136":{"start":{"line":285,"column":8},"end":{"line":285,"column":105}},"137":{"start":{"line":289,"column":4},"end":{"line":293,"column":6}},"138":{"start":{"line":8,"column":13},"end":{"line":8,"column":34}},"139":{"start":{"line":8,"column":13},"end":{"line":295,"column":null}}},"fnMap":{"0":{"name":"(anonymous_11)","decl":{"start":{"line":11,"column":2},"end":{"line":11,"column":null}},"loc":{"start":{"line":11,"column":2},"end":{"line":16,"column":3}}},"1":{"name":"(anonymous_12)","decl":{"start":{"line":21,"column":2},"end":{"line":21,"column":7}},"loc":{"start":{"line":21,"column":41},"end":{"line":67,"column":3}}},"2":{"name":"(anonymous_13)","decl":{"start":{"line":36,"column":37},"end":{"line":36,"column":38}},"loc":{"start":{"line":36,"column":48},"end":{"line":40,"column":7}}},"3":{"name":"(anonymous_14)","decl":{"start":{"line":45,"column":16},"end":{"line":45,"column":19}},"loc":{"start":{"line":45,"column":23},"end":{"line":45,"column":94}}},"4":{"name":"(anonymous_15)","decl":{"start":{"line":45,"column":50},"end":{"line":45,"column":54}},"loc":{"start":{"line":45,"column":58},"end":{"line":45,"column":93}}},"5":{"name":"(anonymous_16)","decl":{"start":{"line":46,"column":13},"end":{"line":46,"column":16}},"loc":{"start":{"line":46,"column":19},"end":{"line":53,"column":9}}},"6":{"name":"(anonymous_17)","decl":{"start":{"line":48,"column":26},"end":{"line":48,"column":27}},"loc":{"start":{"line":48,"column":44},"end":{"line":51,"column":11}}},"7":{"name":"(anonymous_18)","decl":{"start":{"line":72,"column":2},"end":{"line":72,"column":7}},"loc":{"start":{"line":76,"column":93},"end":{"line":169,"column":3}}},"8":{"name":"(anonymous_19)","decl":{"start":{"line":81,"column":8},"end":{"line":81,"column":11}},"loc":{"start":{"line":81,"column":15},"end":{"line":81,"column":47}}},"9":{"name":"(anonymous_20)","decl":{"start":{"line":94,"column":24},"end":{"line":94,"column":25}},"loc":{"start":{"line":94,"column":39},"end":{"line":102,"column":7}}},"10":{"name":"(anonymous_21)","decl":{"start":{"line":98,"column":34},"end":{"line":98,"column":35}},"loc":{"start":{"line":98,"column":39},"end":{"line":98,"column":50}}},"11":{"name":"(anonymous_22)","decl":{"start":{"line":101,"column":32},"end":{"line":101,"column":33}},"loc":{"start":{"line":101,"column":37},"end":{"line":101,"column":52}}},"12":{"name":"(anonymous_23)","decl":{"start":{"line":104,"column":29},"end":{"line":104,"column":32}},"loc":{"start":{"line":104,"column":35},"end":{"line":120,"column":7}}},"13":{"name":"(anonymous_24)","decl":{"start":{"line":105,"column":49},"end":{"line":105,"column":52}},"loc":{"start":{"line":105,"column":55},"end":{"line":109,"column":9}}},"14":{"name":"(anonymous_25)","decl":{"start":{"line":116,"column":32},"end":{"line":116,"column":35}},"loc":{"start":{"line":116,"column":39},"end":{"line":116,"column":50}}},"15":{"name":"(anonymous_26)","decl":{"start":{"line":132,"column":35},"end":{"line":132,"column":36}},"loc":{"start":{"line":132,"column":45},"end":{"line":132,"column":46}}},"16":{"name":"(anonymous_27)","decl":{"start":{"line":139,"column":43},"end":{"line":139,"column":44}},"loc":{"start":{"line":139,"column":48},"end":{"line":139,"column":59}}},"17":{"name":"(anonymous_28)","decl":{"start":{"line":140,"column":42},"end":{"line":140,"column":43}},"loc":{"start":{"line":140,"column":47},"end":{"line":140,"column":57}}},"18":{"name":"(anonymous_29)","decl":{"start":{"line":172,"column":10},"end":{"line":172,"column":19}},"loc":{"start":{"line":172,"column":33},"end":{"line":182,"column":3}}},"19":{"name":"(anonymous_30)","decl":{"start":{"line":177,"column":11},"end":{"line":177,"column":null}},"loc":{"start":{"line":177,"column":11},"end":{"line":181,"column":5}}},"20":{"name":"(anonymous_31)","decl":{"start":{"line":187,"column":10},"end":{"line":187,"column":25}},"loc":{"start":{"line":187,"column":36},"end":{"line":200,"column":3}}},"21":{"name":"(anonymous_32)","decl":{"start":{"line":205,"column":2},"end":{"line":205,"column":7}},"loc":{"start":{"line":205,"column":49},"end":{"line":230,"column":3}}},"22":{"name":"(anonymous_33)","decl":{"start":{"line":208,"column":30},"end":{"line":208,"column":36}},"loc":{"start":{"line":208,"column":39},"end":{"line":222,"column":5}}},"23":{"name":"(anonymous_34)","decl":{"start":{"line":210,"column":13},"end":{"line":210,"column":16}},"loc":{"start":{"line":210,"column":20},"end":{"line":210,"column":53}}},"24":{"name":"(anonymous_35)","decl":{"start":{"line":211,"column":16},"end":{"line":211,"column":19}},"loc":{"start":{"line":211,"column":23},"end":{"line":211,"column":34}}},"25":{"name":"(anonymous_36)","decl":{"start":{"line":216,"column":30},"end":{"line":216,"column":31}},"loc":{"start":{"line":216,"column":40},"end":{"line":216,"column":45}}},"26":{"name":"(anonymous_37)","decl":{"start":{"line":232,"column":10},"end":{"line":232,"column":36}},"loc":{"start":{"line":232,"column":53},"end":{"line":236,"column":3}}},"27":{"name":"(anonymous_38)","decl":{"start":{"line":233,"column":31},"end":{"line":233,"column":32}},"loc":{"start":{"line":233,"column":41},"end":{"line":233,"column":46}}},"28":{"name":"(anonymous_39)","decl":{"start":{"line":234,"column":35},"end":{"line":234,"column":36}},"loc":{"start":{"line":234,"column":45},"end":{"line":234,"column":70}}},"29":{"name":"(anonymous_40)","decl":{"start":{"line":238,"column":10},"end":{"line":238,"column":40}},"loc":{"start":{"line":238,"column":64},"end":{"line":252,"column":3}}},"30":{"name":"(anonymous_41)","decl":{"start":{"line":241,"column":30},"end":{"line":241,"column":36}},"loc":{"start":{"line":241,"column":39},"end":{"line":249,"column":5}}},"31":{"name":"(anonymous_42)","decl":{"start":{"line":242,"column":46},"end":{"line":242,"column":49}},"loc":{"start":{"line":243,"column":8},"end":{"line":245,"column":26}}},"32":{"name":"(anonymous_43)","decl":{"start":{"line":257,"column":2},"end":{"line":257,"column":7}},"loc":{"start":{"line":257,"column":51},"end":{"line":294,"column":3}}},"33":{"name":"(anonymous_44)","decl":{"start":{"line":272,"column":40},"end":{"line":272,"column":41}},"loc":{"start":{"line":272,"column":65},"end":{"line":278,"column":5}}},"34":{"name":"(anonymous_45)","decl":{"start":{"line":282,"column":51},"end":{"line":282,"column":52}},"loc":{"start":{"line":282,"column":85},"end":{"line":287,"column":5}}}},"branchMap":{"0":{"loc":{"start":{"line":13,"column":4},"end":{"line":15,"column":5}},"type":"if","locations":[{"start":{"line":13,"column":4},"end":{"line":15,"column":5}}]},"1":{"loc":{"start":{"line":30,"column":6},"end":{"line":32,"column":7}},"type":"if","locations":[{"start":{"line":30,"column":6},"end":{"line":32,"column":7}}]},"2":{"loc":{"start":{"line":37,"column":18},"end":{"line":37,"column":57}},"type":"cond-expr","locations":[{"start":{"line":37,"column":30},"end":{"line":37,"column":45}},{"start":{"line":37,"column":48},"end":{"line":37,"column":57}}]},"3":{"loc":{"start":{"line":45,"column":23},"end":{"line":45,"column":94}},"type":"binary-expr","locations":[{"start":{"line":45,"column":23},"end":{"line":45,"column":26}},{"start":{"line":45,"column":31},"end":{"line":45,"column":94}}]},"4":{"loc":{"start":{"line":45,"column":58},"end":{"line":45,"column":93}},"type":"binary-expr","locations":[{"start":{"line":45,"column":58},"end":{"line":45,"column":71}},{"start":{"line":45,"column":75},"end":{"line":45,"column":93}}]},"5":{"loc":{"start":{"line":50,"column":27},"end":{"line":50,"column":86}},"type":"cond-expr","locations":[{"start":{"line":50,"column":59},"end":{"line":50,"column":79}},{"start":{"line":50,"column":82},"end":{"line":50,"column":86}}]},"6":{"loc":{"start":{"line":84,"column":6},"end":{"line":86,"column":7}},"type":"if","locations":[{"start":{"line":84,"column":6},"end":{"line":86,"column":7}}]},"7":{"loc":{"start":{"line":92,"column":26},"end":{"line":92,"column":59}},"type":"cond-expr","locations":[{"start":{"line":92,"column":48},"end":{"line":92,"column":52}},{"start":{"line":92,"column":52},"end":{"line":92,"column":59}}]},"8":{"loc":{"start":{"line":92,"column":26},"end":{"line":92,"column":52}},"type":"binary-expr","locations":[{"start":{"line":92,"column":26},"end":{"line":92,"column":52}},{"start":{"line":92,"column":48},"end":{"line":92,"column":52}}]},"9":{"loc":{"start":{"line":92,"column":26},"end":{"line":92,"column":48}},"type":"cond-expr","locations":[{"start":{"line":92,"column":33},"end":{"line":92,"column":35}},{"start":{"line":92,"column":26},"end":{"line":92,"column":48}}]},"10":{"loc":{"start":{"line":92,"column":26},"end":{"line":92,"column":35}},"type":"binary-expr","locations":[{"start":{"line":92,"column":26},"end":{"line":92,"column":35}},{"start":{"line":92,"column":26},"end":{"line":92,"column":35}}]},"11":{"loc":{"start":{"line":95,"column":8},"end":{"line":95,"column":79}},"type":"if","locations":[{"start":{"line":95,"column":8},"end":{"line":95,"column":79}}]},"12":{"loc":{"start":{"line":95,"column":12},"end":{"line":95,"column":65}},"type":"binary-expr","locations":[{"start":{"line":95,"column":12},"end":{"line":95,"column":26}},{"start":{"line":95,"column":30},"end":{"line":95,"column":49}},{"start":{"line":95,"column":53},"end":{"line":95,"column":65}}]},"13":{"loc":{"start":{"line":97,"column":8},"end":{"line":99,"column":9}},"type":"if","locations":[{"start":{"line":97,"column":8},"end":{"line":99,"column":9}}]},"14":{"loc":{"start":{"line":107,"column":10},"end":{"line":107,"column":41}},"type":"if","locations":[{"start":{"line":107,"column":10},"end":{"line":107,"column":41}}]},"15":{"loc":{"start":{"line":112,"column":8},"end":{"line":112,"column":41}},"type":"if","locations":[{"start":{"line":112,"column":8},"end":{"line":112,"column":41}}]},"16":{"loc":{"start":{"line":116,"column":8},"end":{"line":119,"column":9}},"type":"if","locations":[{"start":{"line":116,"column":8},"end":{"line":119,"column":9}}]},"17":{"loc":{"start":{"line":116,"column":12},"end":{"line":116,"column":74}},"type":"binary-expr","locations":[{"start":{"line":116,"column":12},"end":{"line":116,"column":51}},{"start":{"line":116,"column":55},"end":{"line":116,"column":74}}]},"18":{"loc":{"start":{"line":122,"column":6},"end":{"line":124,"column":7}},"type":"if","locations":[{"start":{"line":122,"column":6},"end":{"line":124,"column":7}}]},"19":{"loc":{"start":{"line":127,"column":23},"end":{"line":127,"column":48}},"type":"cond-expr","locations":[{"start":{"line":127,"column":40},"end":{"line":127,"column":44}},{"start":{"line":127,"column":44},"end":{"line":127,"column":48}}]},"20":{"loc":{"start":{"line":127,"column":23},"end":{"line":127,"column":44}},"type":"binary-expr","locations":[{"start":{"line":127,"column":23},"end":{"line":127,"column":44}},{"start":{"line":127,"column":40},"end":{"line":127,"column":44}}]},"21":{"loc":{"start":{"line":127,"column":23},"end":{"line":127,"column":40}},"type":"cond-expr","locations":[{"start":{"line":127,"column":30},"end":{"line":127,"column":32}},{"start":{"line":127,"column":23},"end":{"line":127,"column":40}}]},"22":{"loc":{"start":{"line":127,"column":23},"end":{"line":127,"column":32}},"type":"binary-expr","locations":[{"start":{"line":127,"column":23},"end":{"line":127,"column":32}},{"start":{"line":127,"column":23},"end":{"line":127,"column":32}}]},"23":{"loc":{"start":{"line":128,"column":24},"end":{"line":128,"column":50}},"type":"cond-expr","locations":[{"start":{"line":128,"column":42},"end":{"line":128,"column":46}},{"start":{"line":128,"column":46},"end":{"line":128,"column":50}}]},"24":{"loc":{"start":{"line":128,"column":24},"end":{"line":128,"column":46}},"type":"binary-expr","locations":[{"start":{"line":128,"column":24},"end":{"line":128,"column":46}},{"start":{"line":128,"column":42},"end":{"line":128,"column":46}}]},"25":{"loc":{"start":{"line":128,"column":24},"end":{"line":128,"column":42}},"type":"cond-expr","locations":[{"start":{"line":128,"column":31},"end":{"line":128,"column":33}},{"start":{"line":128,"column":24},"end":{"line":128,"column":42}}]},"26":{"loc":{"start":{"line":128,"column":24},"end":{"line":128,"column":33}},"type":"binary-expr","locations":[{"start":{"line":128,"column":24},"end":{"line":128,"column":33}},{"start":{"line":128,"column":24},"end":{"line":128,"column":33}}]},"27":{"loc":{"start":{"line":129,"column":19},"end":{"line":129,"column":32}},"type":"cond-expr","locations":[{"start":{"line":129,"column":26},"end":{"line":129,"column":28}},{"start":{"line":129,"column":19},"end":{"line":129,"column":32}}]},"28":{"loc":{"start":{"line":129,"column":19},"end":{"line":129,"column":28}},"type":"binary-expr","locations":[{"start":{"line":129,"column":19},"end":{"line":129,"column":28}},{"start":{"line":129,"column":19},"end":{"line":129,"column":28}}]},"29":{"loc":{"start":{"line":173,"column":4},"end":{"line":175,"column":5}},"type":"if","locations":[{"start":{"line":173,"column":4},"end":{"line":175,"column":5}}]},"30":{"loc":{"start":{"line":173,"column":8},"end":{"line":173,"column":43}},"type":"binary-expr","locations":[{"start":{"line":173,"column":8},"end":{"line":173,"column":26}},{"start":{"line":173,"column":30},"end":{"line":173,"column":43}}]},"31":{"loc":{"start":{"line":188,"column":4},"end":{"line":190,"column":5}},"type":"if","locations":[{"start":{"line":188,"column":4},"end":{"line":190,"column":5}}]},"32":{"loc":{"start":{"line":192,"column":4},"end":{"line":197,"column":5}},"type":"if","locations":[{"start":{"line":192,"column":4},"end":{"line":197,"column":5}}]},"33":{"loc":{"start":{"line":196,"column":13},"end":{"line":196,"column":41}},"type":"cond-expr","locations":[{"start":{"line":196,"column":29},"end":{"line":196,"column":32}},{"start":{"line":196,"column":35},"end":{"line":196,"column":41}}]},"34":{"loc":{"start":{"line":213,"column":6},"end":{"line":221,"column":7}},"type":"if","locations":[{"start":{"line":213,"column":6},"end":{"line":221,"column":7}}]},"35":{"loc":{"start":{"line":243,"column":8},"end":{"line":245,"column":26}},"type":"binary-expr","locations":[{"start":{"line":243,"column":8},"end":{"line":243,"column":28}},{"start":{"line":244,"column":8},"end":{"line":244,"column":33}},{"start":{"line":245,"column":8},"end":{"line":245,"column":26}}]},"36":{"loc":{"start":{"line":266,"column":4},"end":{"line":268,"column":5}},"type":"if","locations":[{"start":{"line":266,"column":4},"end":{"line":268,"column":5}}]},"37":{"loc":{"start":{"line":274,"column":6},"end":{"line":277,"column":7}},"type":"if","locations":[{"start":{"line":274,"column":6},"end":{"line":277,"column":7}}]},"38":{"loc":{"start":{"line":283,"column":6},"end":{"line":286,"column":7}},"type":"if","locations":[{"start":{"line":283,"column":6},"end":{"line":286,"column":7}}]}},"s":{"0":1,"1":1,"2":1,"3":1,"4":1,"5":0,"6":0,"7":0,"8":0,"9":0,"10":0,"11":0,"12":0,"13":0,"14":0,"15":0,"16":0,"17":0,"18":0,"19":0,"20":0,"21":0,"22":0,"23":0,"24":0,"25":0,"26":0,"27":0,"28":0,"29":0,"30":0,"31":0,"32":0,"33":0,"34":0,"35":0,"36":0,"37":0,"38":0,"39":0,"40":0,"41":0,"42":0,"43":0,"44":0,"45":0,"46":0,"47":0,"48":0,"49":0,"50":0,"51":0,"52":0,"53":0,"54":0,"55":0,"56":0,"57":0,"58":0,"59":0,"60":0,"61":0,"62":0,"63":0,"64":0,"65":0,"66":0,"67":0,"68":0,"69":0,"70":0,"71":0,"72":0,"73":0,"74":0,"75":0,"76":0,"77":0,"78":0,"79":0,"80":0,"81":0,"82":0,"83":0,"84":0,"85":0,"86":0,"87":0,"88":0,"89":0,"90":0,"91":0,"92":0,"93":0,"94":0,"95":0,"96":0,"97":0,"98":0,"99":0,"100":0,"101":0,"102":0,"103":0,"104":0,"105":0,"106":0,"107":0,"108":0,"109":0,"110":0,"111":0,"112":0,"113":0,"114":0,"115":0,"116":0,"117":0,"118":0,"119":0,"120":0,"121":0,"122":0,"123":0,"124":0,"125":0,"126":0,"127":0,"128":0,"129":0,"130":0,"131":0,"132":0,"133":0,"134":0,"135":0,"136":0,"137":0,"138":1,"139":1},"f":{"0":0,"1":0,"2":0,"3":0,"4":0,"5":0,"6":0,"7":0,"8":0,"9":0,"10":0,"11":0,"12":0,"13":0,"14":0,"15":0,"16":0,"17":0,"18":0,"19":0,"20":0,"21":0,"22":0,"23":0,"24":0,"25":0,"26":0,"27":0,"28":0,"29":0,"30":0,"31":0,"32":0,"33":0,"34":0},"b":{"0":[0],"1":[0],"2":[0,0],"3":[0,0],"4":[0,0],"5":[0,0],"6":[0],"7":[0,0],"8":[0,0],"9":[0,0],"10":[0,0],"11":[0],"12":[0,0,0],"13":[0],"14":[0],"15":[0],"16":[0],"17":[0,0],"18":[0],"19":[0,0],"20":[0,0],"21":[0,0],"22":[0,0],"23":[0,0],"24":[0,0],"25":[0,0],"26":[0,0],"27":[0,0],"28":[0,0],"29":[0],"30":[0,0],"31":[0],"32":[0],"33":[0,0],"34":[0],"35":[0,0,0],"36":[0],"37":[0],"38":[0]}}
,"A:\\Proyecto\\PAT-AH\\Backend-Huancavelica-Alertas-Agricolas\\services\\ai-service\\src\\ai-microservice\\services\\machine-learning.service.ts": {"path":"A:\\Proyecto\\PAT-AH\\Backend-Huancavelica-Alertas-Agricolas\\services\\ai-service\\src\\ai-microservice\\services\\machine-learning.service.ts","statementMap":{"0":{"start":{"line":1,"column":0},"end":{"line":1,"column":null}},"1":{"start":{"line":12,"column":2},"end":{"line":12,"column":null}},"2":{"start":{"line":13,"column":2},"end":{"line":13,"column":40}},"3":{"start":{"line":15,"column":1},"end":{"line":15,"column":2}},"4":{"start":{"line":15,"column":13},"end":{"line":15,"column":null}},"5":{"start":{"line":16,"column":2},"end":{"line":16,"column":40}},"6":{"start":{"line":17,"column":15},"end":{"line":17,"column":136}},"7":{"start":{"line":18,"column":15},"end":{"line":18,"column":null}},"8":{"start":{"line":19,"column":1},"end":{"line":19,"column":null}},"9":{"start":{"line":24,"column":0},"end":{"line":24,"column":44}},"10":{"start":{"line":25,"column":6},"end":{"line":25,"column":null}},"11":{"start":{"line":25,"column":28},"end":{"line":25,"column":null}},"12":{"start":{"line":29,"column":38},"end":{"line":29,"column":null}},"13":{"start":{"line":30,"column":16},"end":{"line":30,"column":null}},"14":{"start":{"line":30,"column":23},"end":{"line":30,"column":null}},"15":{"start":{"line":31,"column":18},"end":{"line":31,"column":null}},"16":{"start":{"line":31,"column":40},"end":{"line":31,"column":null}},"17":{"start":{"line":32,"column":4},"end":{"line":32,"column":null}},"18":{"start":{"line":33,"column":4},"end":{"line":33,"column":54}},"19":{"start":{"line":37,"column":4},"end":{"line":37,"column":46}},"20":{"start":{"line":41,"column":4},"end":{"line":41,"column":null}},"21":{"start":{"line":50,"column":6},"end":{"line":50,"column":null}},"22":{"start":{"line":50,"column":34},"end":{"line":50,"column":null}},"23":{"start":{"line":53,"column":36},"end":{"line":53,"column":null}},"24":{"start":{"line":54,"column":4},"end":{"line":54,"column":77}},"25":{"start":{"line":56,"column":15},"end":{"line":56,"column":null}},"26":{"start":{"line":56,"column":29},"end":{"line":56,"column":null}},"27":{"start":{"line":57,"column":15},"end":{"line":57,"column":null}},"28":{"start":{"line":59,"column":4},"end":{"line":67,"column":13}},"29":{"start":{"line":59,"column":4},"end":{"line":59,"column":58}},"30":{"start":{"line":60,"column":4},"end":{"line":66,"column":13}},"31":{"start":{"line":60,"column":33},"end":{"line":60,"column":34}},"32":{"start":{"line":61,"column":10},"end":{"line":61,"column":null}},"33":{"start":{"line":63,"column":9},"end":{"line":65,"column":11}},"34":{"start":{"line":63,"column":24},"end":{"line":63,"column":29}},"35":{"start":{"line":64,"column":11},"end":{"line":64,"column":null}},"36":{"start":{"line":69,"column":7},"end":{"line":69,"column":null}},"37":{"start":{"line":70,"column":4},"end":{"line":70,"column":null}},"38":{"start":{"line":74,"column":9},"end":{"line":74,"column":26}},"39":{"start":{"line":77,"column":17},"end":{"line":77,"column":null}},"40":{"start":{"line":77,"column":48},"end":{"line":77,"column":null}},"41":{"start":{"line":78,"column":16},"end":{"line":78,"column":null}},"42":{"start":{"line":79,"column":4},"end":{"line":102,"column":11}},"43":{"start":{"line":79,"column":4},"end":{"line":79,"column":35}},"44":{"start":{"line":81,"column":18},"end":{"line":81,"column":23}},"45":{"start":{"line":83,"column":4},"end":{"line":86,"column":11}},"46":{"start":{"line":83,"column":21},"end":{"line":83,"column":27}},"47":{"start":{"line":84,"column":6},"end":{"line":85,"column":null}},"48":{"start":{"line":85,"column":10},"end":{"line":85,"column":null}},"49":{"start":{"line":87,"column":8},"end":{"line":91,"column":14}},"50":{"start":{"line":87,"column":62},"end":{"line":87,"column":null}},"51":{"start":{"line":88,"column":7},"end":{"line":88,"column":null}},"52":{"start":{"line":89,"column":10},"end":{"line":89,"column":null}},"53":{"start":{"line":90,"column":21},"end":{"line":90,"column":26}},"54":{"start":{"line":90,"column":26},"end":{"line":90,"column":44}},"55":{"start":{"line":90,"column":44},"end":{"line":90,"column":null}},"56":{"start":{"line":91,"column":51},"end":{"line":92,"column":null}},"57":{"start":{"line":92,"column":7},"end":{"line":92,"column":null}},"58":{"start":{"line":95,"column":6},"end":{"line":101,"column":13}},"59":{"start":{"line":95,"column":19},"end":{"line":95,"column":24}},"60":{"start":{"line":95,"column":52},"end":{"line":95,"column":null}},"61":{"start":{"line":97,"column":6},"end":{"line":97,"column":null}},"62":{"start":{"line":98,"column":6},"end":{"line":100,"column":11}},"63":{"start":{"line":98,"column":23},"end":{"line":98,"column":24}},"64":{"start":{"line":99,"column":8},"end":{"line":99,"column":40}},"65":{"start":{"line":104,"column":7},"end":{"line":104,"column":null}},"66":{"start":{"line":105,"column":4},"end":{"line":111,"column":11}},"67":{"start":{"line":105,"column":5},"end":{"line":105,"column":null}},"68":{"start":{"line":107,"column":4},"end":{"line":107,"column":28}},"69":{"start":{"line":108,"column":4},"end":{"line":109,"column":35}},"70":{"start":{"line":108,"column":21},"end":{"line":108,"column":27}},"71":{"start":{"line":109,"column":9},"end":{"line":109,"column":35}},"72":{"start":{"line":110,"column":6},"end":{"line":110,"column":null}},"73":{"start":{"line":111,"column":38},"end":{"line":111,"column":41}},"74":{"start":{"line":114,"column":4},"end":{"line":114,"column":null}},"75":{"start":{"line":114,"column":13},"end":{"line":114,"column":null}},"76":{"start":{"line":120,"column":1},"end":{"line":120,"column":null}},"77":{"start":{"line":138,"column":13},"end":{"line":138,"column":35}},"78":{"start":{"line":143,"column":2},"end":{"line":143,"column":null}},"79":{"start":{"line":140,"column":19},"end":{"line":144,"column":51}},"80":{"start":{"line":141,"column":10},"end":{"line":141,"column":null}},"81":{"start":{"line":145,"column":4},"end":{"line":145,"column":28}},"82":{"start":{"line":153,"column":5},"end":{"line":214,"column":13}},"83":{"start":{"line":154,"column":8},"end":{"line":160,"column":9}},"84":{"start":{"line":158,"column":10},"end":{"line":158,"column":null}},"85":{"start":{"line":162,"column":14},"end":{"line":162,"column":89}},"86":{"start":{"line":162,"column":24},"end":{"line":162,"column":89}},"87":{"start":{"line":163,"column":7},"end":{"line":163,"column":null}},"88":{"start":{"line":166,"column":20},"end":{"line":166,"column":52}},"89":{"start":{"line":169,"column":6},"end":{"line":169,"column":null}},"90":{"start":{"line":169,"column":32},"end":{"line":169,"column":null}},"91":{"start":{"line":170,"column":20},"end":{"line":170,"column":null}},"92":{"start":{"line":173,"column":12},"end":{"line":173,"column":50}},"93":{"start":{"line":174,"column":26},"end":{"line":192,"column":21}},"94":{"start":{"line":193,"column":10},"end":{"line":193,"column":null}},"95":{"start":{"line":194,"column":9},"end":{"line":194,"column":null}},"96":{"start":{"line":195,"column":7},"end":{"line":203,"column":16}},"97":{"start":{"line":206,"column":7},"end":{"line":206,"column":null}},"98":{"start":{"line":207,"column":5},"end":{"line":213,"column":20}},"99":{"start":{"line":222,"column":5},"end":{"line":322,"column":13}},"100":{"start":{"line":227,"column":27},"end":{"line":227,"column":null}},"101":{"start":{"line":229,"column":9},"end":{"line":229,"column":null}},"102":{"start":{"line":230,"column":6},"end":{"line":230,"column":74}},"103":{"start":{"line":231,"column":6},"end":{"line":237,"column":14}},"104":{"start":{"line":231,"column":12},"end":{"line":231,"column":24}},"105":{"start":{"line":232,"column":12},"end":{"line":232,"column":null}},"106":{"start":{"line":232,"column":40},"end":{"line":232,"column":null}},"107":{"start":{"line":233,"column":23},"end":{"line":233,"column":null}},"108":{"start":{"line":233,"column":39},"end":{"line":233,"column":null}},"109":{"start":{"line":234,"column":22},"end":{"line":234,"column":null}},"110":{"start":{"line":234,"column":46},"end":{"line":234,"column":null}},"111":{"start":{"line":235,"column":8},"end":{"line":235,"column":33}},"112":{"start":{"line":236,"column":8},"end":{"line":236,"column":31}},"113":{"start":{"line":238,"column":26},"end":{"line":238,"column":null}},"114":{"start":{"line":238,"column":32},"end":{"line":238,"column":null}},"115":{"start":{"line":242,"column":30},"end":{"line":242,"column":42}},"116":{"start":{"line":244,"column":6},"end":{"line":278,"column":13}},"117":{"start":{"line":246,"column":10},"end":{"line":246,"column":null}},"118":{"start":{"line":248,"column":10},"end":{"line":248,"column":null}},"119":{"start":{"line":249,"column":8},"end":{"line":249,"column":83}},"120":{"start":{"line":250,"column":22},"end":{"line":250,"column":null}},"121":{"start":{"line":250,"column":44},"end":{"line":250,"column":null}},"122":{"start":{"line":251,"column":8},"end":{"line":251,"column":null}},"123":{"start":{"line":254,"column":25},"end":{"line":254,"column":70}},"124":{"start":{"line":254,"column":46},"end":{"line":254,"column":53}},"125":{"start":{"line":255,"column":23},"end":{"line":255,"column":null}},"126":{"start":{"line":255,"column":55},"end":{"line":255,"column":null}},"127":{"start":{"line":257,"column":8},"end":{"line":263,"column":20}},"128":{"start":{"line":267,"column":7},"end":{"line":267,"column":13}},"129":{"start":{"line":267,"column":14},"end":{"line":267,"column":null}},"130":{"start":{"line":268,"column":8},"end":{"line":268,"column":55}},"131":{"start":{"line":269,"column":8},"end":{"line":269,"column":null}},"132":{"start":{"line":270,"column":22},"end":{"line":270,"column":null}},"133":{"start":{"line":270,"column":50},"end":{"line":270,"column":null}},"134":{"start":{"line":271,"column":8},"end":{"line":271,"column":null}},"135":{"start":{"line":272,"column":8},"end":{"line":277,"column":27}},"136":{"start":{"line":280,"column":10},"end":{"line":280,"column":null}},"137":{"start":{"line":281,"column":7},"end":{"line":300,"column":21}},"138":{"start":{"line":301,"column":10},"end":{"line":301,"column":null}},"139":{"start":{"line":302,"column":9},"end":{"line":302,"column":null}},"140":{"start":{"line":303,"column":7},"end":{"line":311,"column":16}},"141":{"start":{"line":314,"column":7},"end":{"line":314,"column":null}},"142":{"start":{"line":315,"column":5},"end":{"line":321,"column":20}},"143":{"start":{"line":330,"column":5},"end":{"line":544,"column":24}},"144":{"start":{"line":336,"column":30},"end":{"line":336,"column":null}},"145":{"start":{"line":339,"column":6},"end":{"line":339,"column":null}},"146":{"start":{"line":340,"column":12},"end":{"line":340,"column":null}},"147":{"start":{"line":343,"column":20},"end":{"line":343,"column":43}},"148":{"start":{"line":346,"column":6},"end":{"line":351,"column":18}},"149":{"start":{"line":353,"column":8},"end":{"line":360,"column":20}},"150":{"start":{"line":353,"column":8},"end":{"line":353,"column":18}},"151":{"start":{"line":354,"column":10},"end":{"line":358,"column":13}},"152":{"start":{"line":359,"column":10},"end":{"line":359,"column":null}},"153":{"start":{"line":362,"column":8},"end":{"line":362,"column":null}},"154":{"start":{"line":365,"column":6},"end":{"line":370,"column":17}},"155":{"start":{"line":372,"column":18},"end":{"line":372,"column":24}},"156":{"start":{"line":373,"column":7},"end":{"line":383,"column":58}},"157":{"start":{"line":376,"column":28},"end":{"line":376,"column":null}},"158":{"start":{"line":377,"column":8},"end":{"line":377,"column":null}},"159":{"start":{"line":380,"column":8},"end":{"line":380,"column":null}},"160":{"start":{"line":381,"column":9},"end":{"line":381,"column":null}},"161":{"start":{"line":386,"column":22},"end":{"line":386,"column":26}},"162":{"start":{"line":391,"column":6},"end":{"line":412,"column":21}},"163":{"start":{"line":392,"column":22},"end":{"line":392,"column":42}},"164":{"start":{"line":393,"column":6},"end":{"line":411,"column":null}},"165":{"start":{"line":395,"column":6},"end":{"line":409,"column":23}},"166":{"start":{"line":396,"column":6},"end":{"line":396,"column":null}},"167":{"start":{"line":397,"column":11},"end":{"line":397,"column":null}},"168":{"start":{"line":398,"column":20},"end":{"line":402,"column":28}},"169":{"start":{"line":399,"column":7},"end":{"line":399,"column":8}},"170":{"start":{"line":399,"column":25},"end":{"line":401,"column":26}},"171":{"start":{"line":400,"column":8},"end":{"line":400,"column":null}},"172":{"start":{"line":402,"column":44},"end":{"line":405,"column":25}},"173":{"start":{"line":404,"column":10},"end":{"line":404,"column":null}},"174":{"start":{"line":408,"column":12},"end":{"line":408,"column":null}},"175":{"start":{"line":415,"column":13},"end":{"line":423,"column":14}},"176":{"start":{"line":426,"column":17},"end":{"line":426,"column":null}},"177":{"start":{"line":427,"column":12},"end":{"line":427,"column":null}},"178":{"start":{"line":428,"column":14},"end":{"line":428,"column":null}},"179":{"start":{"line":430,"column":14},"end":{"line":430,"column":40}},"180":{"start":{"line":431,"column":13},"end":{"line":431,"column":null}},"181":{"start":{"line":436,"column":6},"end":{"line":476,"column":6}},"182":{"start":{"line":438,"column":6},"end":{"line":438,"column":null}},"183":{"start":{"line":442,"column":23},"end":{"line":474,"column":15}},"184":{"start":{"line":443,"column":8},"end":{"line":444,"column":null}},"185":{"start":{"line":444,"column":15},"end":{"line":444,"column":null}},"186":{"start":{"line":446,"column":24},"end":{"line":457,"column":null}},"187":{"start":{"line":458,"column":9},"end":{"line":458,"column":null}},"188":{"start":{"line":461,"column":11},"end":{"line":465,"column":16}},"189":{"start":{"line":462,"column":27},"end":{"line":462,"column":null}},"190":{"start":{"line":464,"column":6},"end":{"line":464,"column":null}},"191":{"start":{"line":466,"column":9},"end":{"line":473,"column":20}},"192":{"start":{"line":475,"column":8},"end":{"line":475,"column":null}},"193":{"start":{"line":476,"column":21},"end":{"line":503,"column":10}},"194":{"start":{"line":504,"column":6},"end":{"line":504,"column":48}},"195":{"start":{"line":506,"column":6},"end":{"line":506,"column":80}},"196":{"start":{"line":508,"column":6},"end":{"line":516,"column":7}},"197":{"start":{"line":509,"column":8},"end":{"line":515,"column":22}},"198":{"start":{"line":511,"column":10},"end":{"line":511,"column":null}},"199":{"start":{"line":514,"column":10},"end":{"line":514,"column":null}},"200":{"start":{"line":519,"column":8},"end":{"line":519,"column":21}},"201":{"start":{"line":520,"column":10},"end":{"line":520,"column":28}},"202":{"start":{"line":521,"column":12},"end":{"line":521,"column":22}},"203":{"start":{"line":522,"column":10},"end":{"line":530,"column":79}},"204":{"start":{"line":533,"column":10},"end":{"line":533,"column":null}},"205":{"start":{"line":534,"column":12},"end":{"line":543,"column":16}},"206":{"start":{"line":548,"column":17},"end":{"line":687,"column":14}},"207":{"start":{"line":549,"column":12},"end":{"line":549,"column":75}},"208":{"start":{"line":550,"column":12},"end":{"line":552,"column":13}},"209":{"start":{"line":551,"column":14},"end":{"line":551,"column":56}},"210":{"start":{"line":555,"column":10},"end":{"line":555,"column":23}},"211":{"start":{"line":558,"column":13},"end":{"line":558,"column":null}},"212":{"start":{"line":559,"column":10},"end":{"line":566,"column":16}},"213":{"start":{"line":559,"column":25},"end":{"line":559,"column":null}},"214":{"start":{"line":560,"column":15},"end":{"line":564,"column":88}},"215":{"start":{"line":565,"column":12},"end":{"line":565,"column":88}},"216":{"start":{"line":567,"column":14},"end":{"line":672,"column":9}},"217":{"start":{"line":569,"column":14},"end":{"line":571,"column":47}},"218":{"start":{"line":570,"column":14},"end":{"line":570,"column":null}},"219":{"start":{"line":572,"column":14},"end":{"line":572,"column":101}},"220":{"start":{"line":574,"column":14},"end":{"line":574,"column":74}},"221":{"start":{"line":575,"column":14},"end":{"line":575,"column":76}},"222":{"start":{"line":577,"column":20},"end":{"line":577,"column":null}},"223":{"start":{"line":581,"column":20},"end":{"line":606,"column":16}},"224":{"start":{"line":582,"column":20},"end":{"line":582,"column":54}},"225":{"start":{"line":583,"column":20},"end":{"line":583,"column":null}},"226":{"start":{"line":584,"column":20},"end":{"line":586,"column":null}},"227":{"start":{"line":585,"column":20},"end":{"line":585,"column":null}},"228":{"start":{"line":589,"column":22},"end":{"line":594,"column":20}},"229":{"start":{"line":591,"column":14},"end":{"line":591,"column":87}},"230":{"start":{"line":593,"column":14},"end":{"line":593,"column":null}},"231":{"start":{"line":599,"column":10},"end":{"line":605,"column":60}},"232":{"start":{"line":604,"column":16},"end":{"line":604,"column":null}},"233":{"start":{"line":608,"column":10},"end":{"line":608,"column":null}},"234":{"start":{"line":609,"column":10},"end":{"line":609,"column":20}},"235":{"start":{"line":617,"column":10},"end":{"line":654,"column":null}},"236":{"start":{"line":618,"column":10},"end":{"line":618,"column":null}},"237":{"start":{"line":624,"column":7},"end":{"line":653,"column":20}},"238":{"start":{"line":626,"column":13},"end":{"line":626,"column":null}},"239":{"start":{"line":627,"column":18},"end":{"line":627,"column":null}},"240":{"start":{"line":628,"column":18},"end":{"line":628,"column":null}},"241":{"start":{"line":629,"column":26},"end":{"line":629,"column":null}},"242":{"start":{"line":631,"column":29},"end":{"line":631,"column":null}},"243":{"start":{"line":634,"column":21},"end":{"line":647,"column":null}},"244":{"start":{"line":636,"column":22},"end":{"line":645,"column":null}},"245":{"start":{"line":649,"column":22},"end":{"line":649,"column":null}},"246":{"start":{"line":652,"column":20},"end":{"line":652,"column":null}},"247":{"start":{"line":657,"column":2},"end":{"line":657,"column":null}},"248":{"start":{"line":659,"column":5},"end":{"line":659,"column":null}},"249":{"start":{"line":660,"column":61},"end":{"line":660,"column":null}},"250":{"start":{"line":662,"column":9},"end":{"line":662,"column":22}},"251":{"start":{"line":662,"column":28},"end":{"line":662,"column":73}},"252":{"start":{"line":665,"column":8},"end":{"line":665,"column":null}},"253":{"start":{"line":667,"column":12},"end":{"line":667,"column":null}},"254":{"start":{"line":668,"column":11},"end":{"line":669,"column":34}},"255":{"start":{"line":669,"column":8},"end":{"line":669,"column":34}},"256":{"start":{"line":670,"column":10},"end":{"line":670,"column":16}},"257":{"start":{"line":671,"column":10},"end":{"line":671,"column":78}},"258":{"start":{"line":673,"column":8},"end":{"line":682,"column":11}},"259":{"start":{"line":685,"column":10},"end":{"line":685,"column":null}},"260":{"start":{"line":686,"column":10},"end":{"line":686,"column":null}},"261":{"start":{"line":692,"column":12},"end":{"line":703,"column":27}},"262":{"start":{"line":692,"column":42},"end":{"line":703,"column":27}},"263":{"start":{"line":711,"column":10},"end":{"line":711,"column":42}},"264":{"start":{"line":712,"column":10},"end":{"line":713,"column":57}},"265":{"start":{"line":713,"column":10},"end":{"line":713,"column":57}},"266":{"start":{"line":715,"column":16},"end":{"line":715,"column":25}},"267":{"start":{"line":716,"column":10},"end":{"line":786,"column":10}},"268":{"start":{"line":719,"column":10},"end":{"line":721,"column":14}},"269":{"start":{"line":719,"column":72},"end":{"line":720,"column":72}},"270":{"start":{"line":720,"column":14},"end":{"line":720,"column":72}},"271":{"start":{"line":720,"column":72},"end":{"line":720,"column":null}},"272":{"start":{"line":721,"column":60},"end":{"line":721,"column":65}},"273":{"start":{"line":722,"column":23},"end":{"line":722,"column":null}},"274":{"start":{"line":723,"column":10},"end":{"line":725,"column":null}},"275":{"start":{"line":724,"column":10},"end":{"line":724,"column":null}},"276":{"start":{"line":724,"column":26},"end":{"line":724,"column":75}},"277":{"start":{"line":726,"column":8},"end":{"line":726,"column":14}},"278":{"start":{"line":730,"column":5},"end":{"line":780,"column":13}},"279":{"start":{"line":733,"column":19},"end":{"line":733,"column":null}},"280":{"start":{"line":734,"column":3},"end":{"line":758,"column":null}},"281":{"start":{"line":736,"column":2},"end":{"line":736,"column":null}},"282":{"start":{"line":740,"column":9},"end":{"line":740,"column":null}},"283":{"start":{"line":741,"column":36},"end":{"line":741,"column":null}},"284":{"start":{"line":742,"column":19},"end":{"line":742,"column":null}},"285":{"start":{"line":743,"column":21},"end":{"line":743,"column":null}},"286":{"start":{"line":744,"column":7},"end":{"line":744,"column":null}},"287":{"start":{"line":746,"column":6},"end":{"line":756,"column":23}},"288":{"start":{"line":747,"column":41},"end":{"line":755,"column":24}},"289":{"start":{"line":757,"column":11},"end":{"line":757,"column":null}},"290":{"start":{"line":761,"column":18},"end":{"line":761,"column":null}},"291":{"start":{"line":762,"column":5},"end":{"line":762,"column":6}},"292":{"start":{"line":762,"column":21},"end":{"line":762,"column":null}},"293":{"start":{"line":763,"column":24},"end":{"line":763,"column":58}},"294":{"start":{"line":764,"column":13},"end":{"line":764,"column":null}},"295":{"start":{"line":764,"column":19},"end":{"line":764,"column":null}},"296":{"start":{"line":766,"column":3},"end":{"line":768,"column":null}},"297":{"start":{"line":768,"column":2},"end":{"line":768,"column":null}},"298":{"start":{"line":770,"column":25},"end":{"line":771,"column":45}},"299":{"start":{"line":771,"column":20},"end":{"line":771,"column":45}},"300":{"start":{"line":772,"column":3},"end":{"line":774,"column":null}},"301":{"start":{"line":774,"column":27},"end":{"line":774,"column":null}},"302":{"start":{"line":779,"column":13},"end":{"line":779,"column":null}},"303":{"start":{"line":782,"column":11},"end":{"line":782,"column":null}},"304":{"start":{"line":785,"column":9},"end":{"line":785,"column":null}},"305":{"start":{"line":787,"column":10},"end":{"line":787,"column":null}},"306":{"start":{"line":788,"column":6},"end":{"line":788,"column":19}},"307":{"start":{"line":795,"column":4},"end":{"line":831,"column":20}},"308":{"start":{"line":796,"column":3},"end":{"line":796,"column":null}},"309":{"start":{"line":798,"column":10},"end":{"line":804,"column":10}},"310":{"start":{"line":803,"column":4},"end":{"line":803,"column":47}},"311":{"start":{"line":807,"column":4},"end":{"line":813,"column":17}},"312":{"start":{"line":808,"column":26},"end":{"line":808,"column":45}},"313":{"start":{"line":809,"column":6},"end":{"line":812,"column":18}},"314":{"start":{"line":810,"column":12},"end":{"line":810,"column":70}},"315":{"start":{"line":816,"column":28},"end":{"line":816,"column":77}},"316":{"start":{"line":817,"column":4},"end":{"line":820,"column":10}},"317":{"start":{"line":819,"column":4},"end":{"line":819,"column":null}},"318":{"start":{"line":824,"column":4},"end":{"line":824,"column":null}},"319":{"start":{"line":825,"column":4},"end":{"line":825,"column":27}},"320":{"start":{"line":829,"column":6},"end":{"line":829,"column":null}},"321":{"start":{"line":830,"column":6},"end":{"line":830,"column":25}},"322":{"start":{"line":835,"column":7},"end":{"line":835,"column":null}},"323":{"start":{"line":839,"column":24},"end":{"line":839,"column":66}},"324":{"start":{"line":841,"column":16},"end":{"line":844,"column":31}},"325":{"start":{"line":842,"column":3},"end":{"line":842,"column":null}},"326":{"start":{"line":846,"column":11},"end":{"line":846,"column":33}},"327":{"start":{"line":849,"column":42},"end":{"line":849,"column":null}},"328":{"start":{"line":849,"column":66},"end":{"line":849,"column":null}},"329":{"start":{"line":850,"column":22},"end":{"line":852,"column":10}},"330":{"start":{"line":851,"column":4},"end":{"line":851,"column":52}},"331":{"start":{"line":852,"column":35},"end":{"line":854,"column":null}},"332":{"start":{"line":853,"column":6},"end":{"line":853,"column":53}},"333":{"start":{"line":855,"column":12},"end":{"line":855,"column":57}},"334":{"start":{"line":856,"column":4},"end":{"line":856,"column":null}},"335":{"start":{"line":861,"column":22},"end":{"line":861,"column":null}},"336":{"start":{"line":862,"column":14},"end":{"line":862,"column":null}},"337":{"start":{"line":863,"column":6},"end":{"line":870,"column":26}},"338":{"start":{"line":863,"column":13},"end":{"line":863,"column":18}},"339":{"start":{"line":864,"column":19},"end":{"line":864,"column":83}},"340":{"start":{"line":864,"column":44},"end":{"line":864,"column":83}},"341":{"start":{"line":865,"column":14},"end":{"line":865,"column":null}},"342":{"start":{"line":865,"column":19},"end":{"line":865,"column":null}},"343":{"start":{"line":866,"column":6},"end":{"line":866,"column":null}},"344":{"start":{"line":867,"column":7},"end":{"line":867,"column":35}},"345":{"start":{"line":868,"column":3},"end":{"line":868,"column":null}},"346":{"start":{"line":871,"column":9},"end":{"line":871,"column":null}},"347":{"start":{"line":872,"column":20},"end":{"line":872,"column":null}},"348":{"start":{"line":872,"column":51},"end":{"line":872,"column":null}},"349":{"start":{"line":875,"column":25},"end":{"line":875,"column":null}},"350":{"start":{"line":875,"column":37},"end":{"line":875,"column":null}},"351":{"start":{"line":877,"column":24},"end":{"line":877,"column":null}},"352":{"start":{"line":877,"column":42},"end":{"line":877,"column":null}},"353":{"start":{"line":878,"column":10},"end":{"line":886,"column":13}},"354":{"start":{"line":889,"column":3},"end":{"line":889,"column":null}},"355":{"start":{"line":890,"column":1},"end":{"line":890,"column":null}},"356":{"start":{"line":137,"column":13},"end":{"line":137,"column":null}}},"fnMap":{"0":{"name":"(anonymous_10)","decl":{"start":{"line":22,"column":0},"end":{"line":22,"column":29}},"loc":{"start":{"line":22,"column":0},"end":{"line":34,"column":10}}},"1":{"name":"(anonymous_11)","decl":{"start":{"line":25,"column":28},"end":{"line":25,"column":null}},"loc":{"start":{"line":25,"column":28},"end":{"line":25,"column":null}}},"2":{"name":"(anonymous_12)","decl":{"start":{"line":29,"column":38},"end":{"line":29,"column":null}},"loc":{"start":{"line":29,"column":38},"end":{"line":29,"column":null}}},"3":{"name":"(anonymous_13)","decl":{"start":{"line":30,"column":23},"end":{"line":30,"column":null}},"loc":{"start":{"line":30,"column":23},"end":{"line":30,"column":null}}},"4":{"name":"(anonymous_14)","decl":{"start":{"line":31,"column":27},"end":{"line":31,"column":28}},"loc":{"start":{"line":31,"column":40},"end":{"line":31,"column":null}}},"5":{"name":"(anonymous_15)","decl":{"start":{"line":36,"column":4},"end":{"line":36,"column":8}},"loc":{"start":{"line":36,"column":9},"end":{"line":38,"column":3}}},"6":{"name":"(anonymous_16)","decl":{"start":{"line":40,"column":2},"end":{"line":40,"column":9}},"loc":{"start":{"line":40,"column":19},"end":{"line":42,"column":3}}},"7":{"name":"(anonymous_17)","decl":{"start":{"line":47,"column":1},"end":{"line":47,"column":null}},"loc":{"start":{"line":47,"column":1},"end":{"line":72,"column":97}}},"8":{"name":"(anonymous_18)","decl":{"start":{"line":50,"column":34},"end":{"line":50,"column":null}},"loc":{"start":{"line":50,"column":34},"end":{"line":50,"column":null}}},"9":{"name":"(anonymous_19)","decl":{"start":{"line":56,"column":29},"end":{"line":56,"column":null}},"loc":{"start":{"line":56,"column":29},"end":{"line":56,"column":null}}},"10":{"name":"(anonymous_20)","decl":{"start":{"line":73,"column":4},"end":{"line":73,"column":10}},"loc":{"start":{"line":73,"column":20},"end":{"line":112,"column":7}}},"11":{"name":"(anonymous_21)","decl":{"start":{"line":77,"column":17},"end":{"line":77,"column":34}},"loc":{"start":{"line":77,"column":48},"end":{"line":77,"column":null}}},"12":{"name":"(anonymous_22)","decl":{"start":{"line":113,"column":4},"end":{"line":113,"column":5}},"loc":{"start":{"line":113,"column":5},"end":{"line":115,"column":3}}},"13":{"name":"(anonymous_23)","decl":{"start":{"line":114,"column":13},"end":{"line":114,"column":null}},"loc":{"start":{"line":114,"column":13},"end":{"line":114,"colu
[...]
rt":{"line":752,"column":7},"end":{"line":752,"column":null}},{"start":{"line":752,"column":7},"end":{"line":752,"column":null}},{"start":{"line":752,"column":7},"end":{"line":752,"column":null}},{"start":{"line":752,"column":7},"end":{"line":752,"column":null}}]},"59":{"loc":{"start":{"line":766,"column":3},"end":{"line":768,"column":null}},"type":"if","locations":[{"start":{"line":766,"column":3},"end":{"line":768,"column":null}}]},"60":{"loc":{"start":{"line":766,"column":3},"end":{"line":766,"column":null}},"type":"binary-expr","locations":[{"start":{"line":766,"column":3},"end":{"line":766,"column":null}},{"start":{"line":766,"column":3},"end":{"line":766,"column":null}}]},"61":{"loc":{"start":{"line":770,"column":25},"end":{"line":771,"column":45}},"type":"if","locations":[{"start":{"line":770,"column":25},"end":{"line":771,"column":45}}]},"62":{"loc":{"start":{"line":770,"column":25},"end":{"line":770,"column":null}},"type":"binary-expr","locations":[{"start":{"line":770,"column":25},"end":{"line":770,"column":null}},{"start":{"line":770,"column":25},"end":{"line":770,"column":null}}]},"63":{"loc":{"start":{"line":772,"column":3},"end":{"line":774,"column":null}},"type":"if","locations":[{"start":{"line":772,"column":3},"end":{"line":774,"column":null}}]},"64":{"loc":{"start":{"line":772,"column":3},"end":{"line":772,"column":null}},"type":"binary-expr","locations":[{"start":{"line":772,"column":3},"end":{"line":772,"column":null}},{"start":{"line":772,"column":3},"end":{"line":772,"column":null}}]},"65":{"loc":{"start":{"line":798,"column":10},"end":{"line":804,"column":10}},"type":"if","locations":[{"start":{"line":798,"column":10},"end":{"line":804,"column":10}}]},"66":{"loc":{"start":{"line":807,"column":4},"end":{"line":813,"column":17}},"type":"if","locations":[{"start":{"line":807,"column":4},"end":{"line":813,"column":17}}]},"67":{"loc":{"start":{"line":807,"column":9},"end":{"line":807,"column":null}},"type":"binary-expr","locations":[{"start":{"line":807,"column":9},"end":{"line":807,"column":47}},{"start":{"line":807,"column":47},"end":{"line":807,"column":null}}]},"68":{"loc":{"start":{"line":809,"column":6},"end":{"line":812,"column":18}},"type":"if","locations":[{"start":{"line":809,"column":6},"end":{"line":812,"column":18}}]},"69":{"loc":{"start":{"line":817,"column":4},"end":{"line":820,"column":10}},"type":"if","locations":[{"start":{"line":817,"column":4},"end":{"line":820,"column":10}}]},"70":{"loc":{"start":{"line":868,"column":3},"end":{"line":868,"column":null}},"type":"binary-expr","locations":[{"start":{"line":868,"column":3},"end":{"line":868,"column":null}},{"start":{"line":868,"column":3},"end":{"line":868,"column":null}}]},"71":{"loc":{"start":{"line":872,"column":20},"end":{"line":872,"column":null}},"type":"binary-expr","locations":[{"start":{"line":872,"column":20},"end":{"line":872,"column":null}},{"start":{"line":872,"column":51},"end":{"line":872,"column":null}}]}},"s":{"0":0,"1":1,"2":1,"3":1,"4":1,"5":1,"6":1,"7":1,"8":1,"9":0,"10":0,"11":0,"12":0,"13":0,"14":0,"15":0,"16":0,"17":0,"18":0,"19":0,"20":0,"21":0,"22":0,"23":0,"24":0,"25":0,"26":0,"27":0,"28":0,"29":0,"30":0,"31":0,"32":0,"33":0,"34":0,"35":0,"36":0,"37":0,"38":0,"39":0,"40":0,"41":0,"42":0,"43":0,"44":0,"45":0,"46":0,"47":0,"48":0,"49":0,"50":0,"51":0,"52":0,"53":0,"54":0,"55":0,"56":0,"57":0,"58":0,"59":0,"60":0,"61":0,"62":0,"63":0,"64":0,"65":0,"66":0,"67":0,"68":0,"69":0,"70":0,"71":0,"72":0,"73":0,"74":0,"75":0,"76":0,"77":0,"78":0,"79":0,"80":0,"81":0,"82":0,"83":0,"84":0,"85":0,"86":0,"87":0,"88":0,"89":0,"90":0,"91":0,"92":0,"93":0,"94":0,"95":0,"96":0,"97":0,"98":0,"99":0,"100":0,"101":0,"102":0,"103":0,"104":0,"105":0,"106":0,"107":0,"108":0,"109":0,"110":0,"111":0,"112":0,"113":0,"114":0,"115":0,"116":0,"117":0,"118":0,"119":0,"120":0,"121":0,"122":0,"123":0,"124":0,"125":0,"126":0,"127":0,"128":0,"129":0,"130":0,"131":0,"132":0,"133":0,"134":0,"135":0,"136":0,"137":0,"138":0,"139":0,"140":0,"141":0,"142":0,"143":0,"144":0,"145":0,"146":0,"147":0,"148":0,"149":0,"150":0,"151":0,"152":0,"153":0,"154":0,"155":0,"156":0,"157":0,"158":0,"159":0,"160":0,"161":0,"162":0,"163":0,"164":0,"165":0,"166":0,"167":0,"168":0,"169":0,"170":0,"171":0,"172":0,"173":0,"174":0,"175":0,"176":0,"177":0,"178":0,"179":0,"180":0,"181":0,"182":0,"183":0,"184":0,"185":0,"186":0,"187":0,"188":0,"189":0,"190":0,"191":0,"192":0,"193":0,"194":0,"195":0,"196":0,"197":0,"198":0,"199":0,"200":0,"201":0,"202":0,"203":0,"204":0,"205":0,"206":0,"207":0,"208":0,"209":0,"210":0,"211":0,"212":0,"213":0,"214":0,"215":0,"216":0,"217":0,"218":0,"219":0,"220":0,"221":0,"222":0,"223":0,"224":0,"225":0,"226":0,"227":0,"228":0,"229":0,"230":0,"231":0,"232":0,"233":0,"234":0,"235":0,"236":0,"237":0,"238":0,"239":0,"240":0,"241":0,"242":0,"243":0,"244":0,"245":0,"246":0,"247":0,"248":0,"249":0,"250":0,"251":0,"252":0,"253":0,"254":0,"255":0,"256":0,"257":0,"258":0,"259":0,"260":0,"261":0,"262":0,"263":0,"264":0,"265":0,"266":0,"267":0,"268":0,"269":0,"270":0,"271":0,"272":0,"273":0,"274":0,"275":0,"276":0,"277":0,"278":0,"279":0,"280":0,"281":0,"282":0,"283":0,"284":0,"285":0,"286":0,"287":0,"288":0,"289":0,"290":0,"291":0,"292":0,"293":0,"294":0,"295":0,"296":0,"297":0,"298":0,"299":0,"300":0,"301":0,"302":0,"303":0,"304":0,"305":0,"306":0,"307":0,"308":0,"309":0,"310":0,"311":0,"312":0,"313":0,"314":0,"315":0,"316":0,"317":0,"318":0,"319":0,"320":0,"321":0,"322":0,"323":0,"324":0,"325":0,"326":0,"327":0,"328":0,"329":0,"330":0,"331":0,"332":0,"333":0,"334":0,"335":0,"336":0,"337":0,"338":0,"339":0,"340":0,"341":0,"342":0,"343":0,"344":0,"345":0,"346":0,"347":0,"348":0,"349":0,"350":0,"351":0,"352":0,"353":0,"354":0,"355":0,"356":0},"f":{"0":0,"1":0,"2":0,"3":0,"4":0,"5":0,"6":0,"7":0,"8":0,"9":0,"10":0,"11":0,"12":0,"13":0,"14":0,"15":0,"16":0,"17":0,"18":0,"19":0,"20":0,"21":0,"22":0,"23":0,"24":0,"25":0,"26":0,"27":0,"28":0,"29":0,"30":0,"31":0,"32":0,"33":0,"34":0,"35":0,"36":0,"37":0,"38":0,"39":0,"40":0,"41":0,"42":0,"43":0,"44":0,"45":0,"46":0,"47":0,"48":0,"49":0,"50":0,"51":0,"52":0,"53":0,"54":0,"55":0,"56":0,"57":0,"58":0,"59":0,"60":0,"61":0},"b":{"0":[0],"1":[0],"2":[0],"3":[0],"4":[0],"5":[0],"6":[0],"7":[0,0],"8":[0,0],"9":[0,0],"10":[0,0],"11":[0,0],"12":[0],"13":[0],"14":[0,0],"15":[0,0,0],"16":[0,0],"17":[0],"18":[0],"19":[0,0,0],"20":[0],"21":[0,0],"22":[0],"23":[0,0],"24":[0],"25":[0,0],"26":[0],"27":[0],"28":[0,0],"29":[0,0],"30":[0,0,0,0],"31":[0],"32":[0,0],"33":[0,0],"34":[0,0],"35":[0,0],"36":[0,0],"37":[0,0],"38":[0,0],"39":[0,0],"40":[0,0,0,0],"41":[0],"42":[0,0],"43":[0,0],"44":[0,0],"45":[0,0],"46":[0,0],"47":[0,0],"48":[0,0],"49":[0,0],"50":[0],"51":[0,0,0,0],"52":[0],"53":[0,0],"54":[0,0],"55":[0,0],"56":[0,0],"57":[0,0],"58":[0,0,0,0],"59":[0],"60":[0,0],"61":[0],"62":[0,0],"63":[0],"64":[0,0],"65":[0],"66":[0],"67":[0,0],"68":[0],"69":[0],"70":[0,0],"71":[0,0]}}
,"A:\\Proyecto\\PAT-AH\\Backend-Huancavelica-Alertas-Agricolas\\services\\ai-service\\src\\ai-microservice\\services\\weather.service.ts": {"path":"A:\\Proyecto\\PAT-AH\\Backend-Huancavelica-Alertas-Agricolas\\services\\ai-service\\src\\ai-microservice\\services\\weather.service.ts","statementMap":{"0":{"start":{"line":1,"column":0},"end":{"line":1,"column":52}},"1":{"start":{"line":2,"column":0},"end":{"line":2,"column":26}},"2":{"start":{"line":6,"column":27},"end":{"line":216,"column":null}},"3":{"start":{"line":7,"column":19},"end":{"line":7,"column":60}},"4":{"start":{"line":8,"column":19},"end":{"line":8,"column":74}},"5":{"start":{"line":9,"column":19},"end":{"line":9,"column":null}},"6":{"start":{"line":15,"column":4},"end":{"line":40,"column":5}},"7":{"start":{"line":16,"column":23},"end":{"line":24,"column":8}},"8":{"start":{"line":26,"column":19},"end":{"line":26,"column":32}},"9":{"start":{"line":28,"column":6},"end":{"line":36,"column":8}},"10":{"start":{"line":38,"column":6},"end":{"line":38,"column":78}},"11":{"start":{"line":39,"column":6},"end":{"line":39,"column":73}},"12":{"start":{"line":47,"column":4},"end":{"line":72,"column":5}},"13":{"start":{"line":48,"column":23},"end":{"line":56,"column":8}},"14":{"start":{"line":58,"column":24},"end":{"line":58,"column":61}},"15":{"start":{"line":60,"column":6},"end":{"line":68,"column":10}},"16":{"start":{"line":60,"column":46},"end":{"line":68,"column":9}},"17":{"start":{"line":70,"column":6},"end":{"line":70,"column":73}},"18":{"start":{"line":71,"column":6},"end":{"line":71,"column":72}},"19":{"start":{"line":79,"column":4},"end":{"line":103,"column":5}},"20":{"start":{"line":80,"column":23},"end":{"line":87,"column":8}},"21":{"start":{"line":89,"column":19},"end":{"line":89,"column":32}},"22":{"start":{"line":91,"column":6},"end":{"line":99,"column":8}},"23":{"start":{"line":101,"column":6},"end":{"line":101,"column":85}},"24":{"start":{"line":102,"column":6},"end":{"line":102,"column":81}},"25":{"start":{"line":116,"column":4},"end":{"line":144,"column":5}},"26":{"start":{"line":119,"column":29},"end":{"line":119,"column":67}},"27":{"start":{"line":120,"column":47},"end":{"line":120,"column":49}},"28":{"start":{"line":122,"column":22},"end":{"line":122,"column":41}},"29":{"start":{"line":123,"column":6},"end":{"line":138,"column":7}},"30":{"start":{"line":125,"column":26},"end":{"line":125,"column":52}},"31":{"start":{"line":127,"column":8},"end":{"line":135,"column":11}},"32":{"start":{"line":137,"column":8},"end":{"line":137,"column":47}},"33":{"start":{"line":140,"column":6},"end":{"line":140,"column":28}},"34":{"start":{"line":142,"column":6},"end":{"line":142,"column":79}},"35":{"start":{"line":143,"column":6},"end":{"line":143,"column":75}},"36":{"start":{"line":151,"column":4},"end":{"line":159,"column":6}},"37":{"start":{"line":166,"column":18},"end":{"line":166,"column":33}},"38":{"start":{"line":167,"column":4},"end":{"line":167,"column":43}},"39":{"start":{"line":167,"column":34},"end":{"line":167,"column":43}},"40":{"start":{"line":168,"column":4},"end":{"line":168,"column":43}},"41":{"start":{"line":168,"column":34},"end":{"line":168,"column":43}},"42":{"start":{"line":169,"column":4},"end":{"line":169,"column":44}},"43":{"start":{"line":169,"column":35},"end":{"line":169,"column":44}},"44":{"start":{"line":170,"column":4},"end":{"line":170,"column":13}},"45":{"start":{"line":177,"column":18},"end":{"line":177,"column":52}},"46":{"start":{"line":178,"column":17},"end":{"line":178,"column":49}},"47":{"start":{"line":179,"column":19},"end":{"line":179,"column":38}},"48":{"start":{"line":180,"column":22},"end":{"line":180,"column":47}},"49":{"start":{"line":181,"column":4},"end":{"line":181,"column":27}},"50":{"start":{"line":188,"column":4},"end":{"line":188,"column":64}},"51":{"start":{"line":195,"column":4},"end":{"line":200,"column":5}},"52":{"start":{"line":196,"column":6},"end":{"line":199,"column":8}},"53":{"start":{"line":202,"column":4},"end":{"line":214,"column":5}},"54":{"start":{"line":204,"column":6},"end":{"line":204,"column":55}},"55":{"start":{"line":205,"column":6},"end":{"line":208,"column":8}},"56":{"start":{"line":210,"column":6},"end":{"line":213,"column":8}},"57":{"start":{"line":6,"column":13},"end":{"line":6,"column":27}},"58":{"start":{"line":6,"column":13},"end":{"line":216,"column":null}}},"fnMap":{"0":{"name":"(anonymous_2)","decl":{"start":{"line":6,"column":7},"end":{"line":6,"column":13}},"loc":{"start":{"line":6,"column":7},"end":{"line":216,"column":1}}},"1":{"name":"(anonymous_3)","decl":{"start":{"line":14,"column":2},"end":{"line":14,"column":7}},"loc":{"start":{"line":14,"column":50},"end":{"line":41,"column":3}}},"2":{"name":"(anonymous_4)","decl":{"start":{"line":46,"column":2},"end":{"line":46,"column":7}},"loc":{"start":{"line":46,"column":62},"end":{"line":73,"column":3}}},"3":{"name":"(anonymous_5)","decl":{"start":{"line":60,"column":27},"end":{"line":60,"column":28}},"loc":{"start":{"line":60,"column":45},"end":{"line":68,"column":9}}},"4":{"name":"(anonymous_6)","decl":{"start":{"line":78,"column":2},"end":{"line":78,"column":7}},"loc":{"start":{"line":78,"column":41},"end":{"line":104,"column":3}}},"5":{"name":"(anonymous_7)","decl":{"start":{"line":110,"column":2},"end":{"line":110,"column":7}},"loc":{"start":{"line":114,"column":17},"end":{"line":145,"column":3}}},"6":{"name":"(anonymous_8)","decl":{"start":{"line":150,"column":2},"end":{"line":150,"column":21}},"loc":{"start":{"line":150,"column":45},"end":{"line":160,"column":3}}},"7":{"name":"(anonymous_9)","decl":{"start":{"line":165,"column":10},"end":{"line":165,"column":24}},"loc":{"start":{"line":165,"column":35},"end":{"line":171,"column":3}}},"8":{"name":"(anonymous_10)","decl":{"start":{"line":176,"column":10},"end":{"line":176,"column":22}},"loc":{"start":{"line":176,"column":33},"end":{"line":182,"column":3}}},"9":{"name":"(anonymous_11)","decl":{"start":{"line":187,"column":2},"end":{"line":187,"column":14}},"loc":{"start":{"line":187,"column":14},"end":{"line":189,"column":3}}},"10":{"name":"(anonymous_12)","decl":{"start":{"line":194,"column":2},"end":{"line":194,"column":7}},"loc":{"start":{"line":194,"column":20},"end":{"line":215,"column":3}}}},"branchMap":{"0":{"loc":{"start":{"line":8,"column":28},"end":{"line":8,"column":73}},"type":"binary-expr","locations":[{"start":{"line":8,"column":28},"end":{"line":8,"column":59}},{"start":{"line":8,"column":63},"end":{"line":8,"column":73}}]},"1":{"loc":{"start":{"line":9,"column":29},"end":{"line":9,"column":null}},"type":"binary-expr","locations":[{"start":{"line":9,"column":29},"end":{"line":9,"column":70}},{"start":{"line":9,"column":29},"end":{"line":9,"column":null}}]},"2":{"loc":{"start":{"line":31,"column":23},"end":{"line":31,"column":66}},"type":"binary-expr","locations":[{"start":{"line":31,"column":23},"end":{"line":31,"column":40}},{"start":{"line":31,"column":44},"end":{"line":31,"column":61}},{"start":{"line":31,"column":65},"end":{"line":31,"column":66}}]},"3":{"loc":{"start":{"line":31,"column":23},"end":{"line":31,"column":40}},"type":"cond-expr","locations":[{"start":{"line":31,"column":32},"end":{"line":31,"column":35}},{"start":{"line":31,"column":32},"end":{"line":31,"column":40}}]},"4":{"loc":{"start":{"line":31,"column":23},"end":{"line":31,"column":35}},"type":"binary-expr","locations":[{"start":{"line":31,"column":23},"end":{"line":31,"column":35}},{"start":{"line":31,"column":32},"end":{"line":31,"column":35}}]},"5":{"loc":{"start":{"line":31,"column":44},"end":{"line":31,"column":61}},"type":"cond-expr","locations":[{"start":{"line":31,"column":53},"end":{"line":31,"column":56}},{"start":{"line":31,"column":53},"end":{"line":31,"column":61}}]},"6":{"loc":{"start":{"line":31,"column":44},"end":{"line":31,"column":56}},"type":"binary-expr","locations":[{"start":{"line":31,"column":44},"end":{"line":31,"column":56}},{"start":{"line":31,"column":53},"end":{"line":31,"column":56}}]},"7":{"loc":{"start":{"line":46,"column":46},"end":{"line":46,"column":62}},"type":"default-arg","locations":[{"start":{"line":46,"column":61},"end":{"line":46,"column":62}}]},"8":{"loc":{"start":{"line":63,"column":23},"end":{"line":63,"column":74}},"type":"binary-expr","locations":[{"start":{"line":63,"column":23},"end":{"line":63,"column":44}},{"start":{"line":63,"column":48},"end":{"line":63,"column":69}},{"start":{"line":63,"column":73},"end":{"line":63,"column":74}}]},"9":{"loc":{"start":{"line":63,"column":23},"end":{"line":63,"column":44}},"type":"cond-expr","locations":[{"start":{"line":63,"column":36},"end":{"line":63,"column":39}},{"start":{"line":63,"column":36},"end":{"line":63,"column":44}}]},"10":{"loc":{"start":{"line":63,"column":23},"end":{"line":63,"column":39}},"type":"binary-expr","locations":[{"start":{"line":63,"column":23},"end":{"line":63,"column":39}},{"start":{"line":63,"column":36},"end":{"line":63,"column":39}}]},"11":{"loc":{"start":{"line":63,"column":48},"end":{"line":63,"column":69}},"type":"cond-expr","locations":[{"start":{"line":63,"column":61},"end":{"line":63,"column":64}},{"start":{"line":63,"column":61},"end":{"line":63,"column":69}}]},"12":{"loc":{"start":{"line":63,"column":48},"end":{"line":63,"column":64}},"type":"binary-expr","locations":[{"start":{"line":63,"column":48},"end":{"line":63,"column":64}},{"start":{"line":63,"column":61},"end":{"line":63,"column":64}}]},"13":{"loc":{"start":{"line":94,"column":23},"end":{"line":94,"column":66}},"type":"binary-expr","locations":[{"start":{"line":94,"column":23},"end":{"line":94,"column":40}},{"start":{"line":94,"column":44},"end":{"line":94,"column":61}},{"start":{"line":94,"column":65},"end":{"line":94,"column":66}}]},"14":{"loc":{"start":{"line":94,"column":23},"end":{"line":94,"column":40}},"type":"cond-expr","locations":[{"start":{"line":94,"column":32},"end":{"line":94,"column":35}},{"start":{"line":94,"column":32},"end":{"line":94,"column":40}}]},"15":{"loc":{"start":{"line":94,"column":23},"end":{"line":94,"column":35}},"type":"binary-expr","locations":[{"start":{"line":94,"column":23},"end":{"line":94,"column":35}},{"start":{"line":94,"column":32},"end":{"line":94,"column":35}}]},"16":{"loc":{"start":{"line":94,"column":44},"end":{"line":94,"column":61}},"type":"cond-expr","locations":[{"start":{"line":94,"column":53},"end":{"line":94,"column":56}},{"start":{"line":94,"column":53},"end":{"line":94,"column":61}}]},"17":{"loc":{"start":{"line":94,"column":44},"end":{"line":94,"column":56}},"type":"binary-expr","locations":[{"start":{"line":94,"column":44},"end":{"line":94,"column":56}},{"start":{"line":94,"column":53},"end":{"line":94,"column":56}}]},"18":{"loc":{"start":{"line":167,"column":4},"end":{"line":167,"column":43}},"type":"if","locations":[{"start":{"line":167,"column":4},"end":{"line":167,"column":43}}]},"19":{"loc":{"start":{"line":167,"column":8},"end":{"line":167,"column":32}},"type":"binary-expr","locations":[{"start":{"line":167,"column":8},"end":{"line":167,"column":18}},{"start":{"line":167,"column":22},"end":{"line":167,"column":32}}]},"20":{"loc":{"start":{"line":168,"column":4},"end":{"line":168,"column":43}},"type":"if","locations":[{"start":{"line":168,"column":4},"end":{"line":168,"column":43}}]},"21":{"loc":{"start":{"line":168,"column":8},"end":{"line":168,"column":32}},"type":"binary-expr","locations":[{"start":{"line":168,"column":8},"end":{"line":168,"column":18}},{"start":{"line":168,"column":22},"end":{"line":168,"column":32}}]},"22":{"loc":{"start":{"line":169,"column":4},"end":{"line":169,"column":44}},"type":"if","locations":[{"start":{"line":169,"column":4},"end":{"line":169,"column":44}}]},"23":{"loc":{"start":{"line":169,"column":8},"end":{"line":169,"column":33}},"type":"binary-expr","locations":[{"start":{"line":169,"column":8},"end":{"line":169,"column":18}},{"start":{"line":169,"column":22},"end":{"line":169,"column":33}}]},"24":{"loc":{"start":{"line":188,"column":11},"end":{"line":188,"column":63}},"type":"binary-expr","locations":[{"start":{"line":188,"column":11},"end":{"line":188,"column":37}},{"start":{"line":188,"column":41},"end":{"line":188,"column":63}}]},"25":{"loc":{"start":{"line":195,"column":4},"end":{"line":200,"column":5}},"type":"if","locations":[{"start":{"line":195,"column":4},"end":{"line":200,"column":5}}]}},"s":{"0":1,"1":1,"2":1,"3":0,"4":0,"5":0,"6":0,"7":0,"8":0,"9":0,"10":0,"11":0,"12":0,"13":0,"14":0,"15":0,"16":0,"17":0,"18":0,"19":0,"20":0,"21":0,"22":0,"23":0,"24":0,"25":0,"26":0,"27":0,"28":0,"29":0,"30":0,"31":0,"32":0,"33":0,"34":0,"35":0,"36":0,"37":0,"38":0,"39":0,"40":0,"41":0,"42":0,"43":0,"44":0,"45":0,"46":0,"47":0,"48":0,"49":0,"50":0,"51":0,"52":0,"53":0,"54":0,"55":0,"56":0,"57":1,"58":1},"f":{"0":0,"1":0,"2":0,"3":0,"4":0,"5":0,"6":0,"7":0,"8":0,"9":0,"10":0},"b":{"0":[0,0],"1":[0,0],"2":[0,0,0],"3":[0,0],"4":[0,0],"5":[0,0],"6":[0,0],"7":[0],"8":[0,0,0],"9":[0,0],"10":[0,0],"11":[0,0],"12":[0,0],"13":[0,0,0],"14":[0,0],"15":[0,0],"16":[0,0],"17":[0,0],"18":[0],"19":[0,0],"20":[0],"21":[0,0],"22":[0],"23":[0,0],"24":[0,0],"25":[0]}}
}
