TN:
SF:src\ai-microservice\ai.controller.ts
FN:31,(anonymous_13)
FN:37,(anonymous_14)
FN:48,(anonymous_15)
FN:63,(anonymous_16)
FN:138,(anonymous_17)
FN:226,(anonymous_18)
FN:236,(anonymous_19)
FN:266,(anonymous_20)
FN:279,(anonymous_21)
FN:284,(anonymous_22)
FN:312,(anonymous_24)
FN:314,(anonymous_25)
FN:320,(anonymous_26)
FN:338,(anonymous_27)
FN:357,(anonymous_28)
FN:391,(anonymous_29)
FN:401,(anonymous_30)
FN:437,(anonymous_31)
FN:439,(anonymous_32)
FN:441,(anonymous_33)
FN:454,(anonymous_34)
FN:455,(anonymous_35)
FN:456,(anonymous_36)
FN:61,(anonymous_37)
FNF:24
FNH:4
FNDA:0,(anonymous_13)
FNDA:0,(anonymous_14)
FNDA:1,(anonymous_15)
FNDA:0,(anonymous_16)
FNDA:0,(anonymous_17)
FNDA:0,(anonymous_18)
FNDA:0,(anonymous_19)
FNDA:1,(anonymous_20)
FNDA:1,(anonymous_21)
FNDA:2,(anonymous_22)
FNDA:0,(anonymous_24)
FNDA:0,(anonymous_25)
FNDA:0,(anonymous_26)
FNDA:0,(anonymous_27)
FNDA:0,(anonymous_28)
FNDA:0,(anonymous_29)
FNDA:0,(anonymous_30)
FNDA:0,(anonymous_31)
FNDA:0,(anonymous_32)
FNDA:0,(anonymous_33)
FNDA:0,(anonymous_34)
FNDA:0,(anonymous_35)
FNDA:0,(anonymous_36)
FNDA:0,(anonymous_37)
DA:1,1
DA:13,1
DA:14,1
DA:15,1
DA:16,1
DA:17,1
DA:18,1
DA:19,1
DA:27,1
DA:29,1
DA:32,0
DA:33,0
DA:37,1
DA:38,0
DA:40,0
DA:42,0
DA:48,1
DA:49,1
DA:50,1
DA:51,1
DA:62,0
DA:64,0
DA:65,0
DA:68,0
DA:69,0
DA:74,0
DA:75,0
DA:76,0
DA:84,0
DA:108,0
DA:109,0
DA:130,0
DA:143,0
DA:146,0
DA:150,0
DA:153,0
DA:154,0
DA:159,0
DA:163,0
DA:171,0
DA:173,0
DA:174,0
DA:175,0
DA:176,0
DA:178,0
DA:179,0
DA:182,0
DA:183,0
DA:185,0
DA:188,0
DA:189,0
DA:190,0
DA:192,0
DA:194,0
DA:196,0
DA:208,0
DA:214,0
DA:217,0
DA:219,0
DA:226,0
DA:228,0
DA:237,0
DA:240,0
DA:241,0
DA:244,0
DA:247,0
DA:249,0
DA:260,0
DA:271,1
DA:272,0
DA:278,1
DA:279,1
DA:280,1
DA:282,0
DA:284,3
DA:287,1
DA:289,1
DA:293,0
DA:302,0
DA:308,1
DA:313,0
DA:314,0
DA:315,0
DA:316,0
DA:321,0
DA:339,0
DA:340,0
DA:341,0
DA:343,0
DA:346,0
DA:349,0
DA:358,0
DA:359,0
DA:361,0
DA:363,0
DA:370,0
DA:373,0
DA:374,0
DA:378,0
DA:385,0
DA:392,0
DA:402,0
DA:403,0
DA:404,0
DA:408,0
DA:409,0
DA:411,0
DA:414,0
DA:420,0
DA:421,0
DA:422,0
DA:423,0
DA:424,0
DA:430,0
DA:436,0
DA:437,0
DA:439,0
DA:441,0
DA:443,1
DA:444,0
DA:454,0
DA:455,0
DA:456,0
LF:123
LH:24
BRDA:38,0,0,0
BRDA:38,0,1,0
BRDA:38,1,0,0
BRDA:38,1,1,0
BRDA:38,1,2,0
BRDA:38,1,3,0
BRDA:64,2,0,0
BRDA:78,3,0,0
BRDA:78,3,1,0
BRDA:153,4,0,0
BRDA:153,4,1,0
BRDA:154,5,0,0
BRDA:165,6,0,0
BRDA:165,6,1,0
BRDA:165,7,0,0
BRDA:165,7,1,0
BRDA:166,8,0,0
BRDA:166,8,1,0
BRDA:166,9,0,0
BRDA:166,9,1,0
BRDA:171,10,0,0
BRDA:171,10,1,0
BRDA:171,10,2,0
BRDA:171,10,3,0
BRDA:173,11,0,0
BRDA:182,12,0,0
BRDA:182,12,1,0
BRDA:188,13,0,0
BRDA:188,14,0,0
BRDA:188,14,1,0
BRDA:188,14,2,0
BRDA:192,15,0,0
BRDA:192,15,1,0
BRDA:208,16,0,0
BRDA:208,16,1,0
BRDA:217,17,0,0
BRDA:240,18,0,0
BRDA:240,19,0,0
BRDA:240,19,1,0
BRDA:241,20,0,0
BRDA:241,20,1,0
BRDA:271,21,0,0
BRDA:280,22,0,0
BRDA:284,23,0,2
BRDA:284,23,1,0
BRDA:314,24,0,0
BRDA:325,25,0,0
BRDA:325,25,1,0
BRDA:340,26,0,0
BRDA:340,26,1,0
BRDA:343,27,0,0
BRDA:343,27,1,0
BRDA:343,28,0,0
BRDA:343,28,1,0
BRDA:359,29,0,0
BRDA:359,29,1,0
BRDA:361,30,0,0
BRDA:361,30,1,0
BRDA:373,31,0,0
BRDA:373,31,1,0
BRDA:373,32,0,0
BRDA:373,32,1,0
BRDA:403,33,0,0
BRDA:408,34,0,0
BRDA:408,35,0,0
BRDA:408,35,1,0
BRDA:409,36,0,0
BRDA:409,36,1,0
BRDA:437,37,0,0
BRDA:437,37,1,0
BRDA:441,38,0,0
BRDA:441,38,1,0
BRDA:453,39,0,0
BRDA:453,39,1,0
BRF:74
BRH:1
end_of_record
TN:
SF:src\ai-microservice\dto\excel-data.dto.ts
FNF:0
FNH:0
DA:1,1
DA:9,1
DA:23,1
DA:29,1
DA:39,1
DA:51,1
DA:60,1
LF:7
LH:7
BRF:0
BRH:0
end_of_record
TN:
SF:src\ai-microservice\services\excel-processor.service.ts
FN:11,(anonymous_11)
FN:21,(anonymous_12)
FN:36,(anonymous_13)
FN:45,(anonymous_14)
FN:45,(anonymous_15)
FN:46,(anonymous_16)
FN:48,(anonymous_17)
FN:72,(anonymous_18)
FN:81,(anonymous_19)
FN:94,(anonymous_20)
FN:98,(anonymous_21)
FN:101,(anonymous_22)
FN:104,(anonymous_23)
FN:105,(anonymous_24)
FN:116,(anonymous_25)
FN:132,(anonymous_26)
FN:139,(anonymous_27)
FN:140,(anonymous_28)
FN:172,(anonymous_29)
FN:177,(anonymous_30)
FN:187,(anonymous_31)
FN:205,(anonymous_32)
FN:208,(anonymous_33)
FN:210,(anonymous_34)
FN:211,(anonymous_35)
FN:216,(anonymous_36)
FN:232,(anonymous_37)
FN:233,(anonymous_38)
FN:234,(anonymous_39)
FN:238,(anonymous_40)
FN:241,(anonymous_41)
FN:242,(anonymous_42)
FN:257,(anonymous_43)
FN:272,(anonymous_44)
FN:282,(anonymous_45)
FNF:35
FNH:0
FNDA:0,(anonymous_11)
FNDA:0,(anonymous_12)
FNDA:0,(anonymous_13)
FNDA:0,(anonymous_14)
FNDA:0,(anonymous_15)
FNDA:0,(anonymous_16)
FNDA:0,(anonymous_17)
FNDA:0,(anonymous_18)
FNDA:0,(anonymous_19)
FNDA:0,(anonymous_20)
FNDA:0,(anonymous_21)
FNDA:0,(anonymous_22)
FNDA:0,(anonymous_23)
FNDA:0,(anonymous_24)
FNDA:0,(anonymous_25)
FNDA:0,(anonymous_26)
FNDA:0,(anonymous_27)
FNDA:0,(anonymous_28)
FNDA:0,(anonymous_29)
FNDA:0,(anonymous_30)
FNDA:0,(anonymous_31)
FNDA:0,(anonymous_32)
FNDA:0,(anonymous_33)
FNDA:0,(anonymous_34)
FNDA:0,(anonymous_35)
FNDA:0,(anonymous_36)
FNDA:0,(anonymous_37)
FNDA:0,(anonymous_38)
FNDA:0,(anonymous_39)
FNDA:0,(anonymous_40)
FNDA:0,(anonymous_41)
FNDA:0,(anonymous_42)
FNDA:0,(anonymous_43)
FNDA:0,(anonymous_44)
FNDA:0,(anonymous_45)
DA:1,1
DA:2,1
DA:4,1
DA:5,1
DA:8,1
DA:9,0
DA:13,0
DA:14,0
DA:22,0
DA:23,0
DA:24,0
DA:25,0
DA:28,0
DA:30,0
DA:31,0
DA:34,0
DA:36,0
DA:37,0
DA:39,0
DA:41,0
DA:44,0
DA:45,0
DA:47,0
DA:48,0
DA:50,0
DA:52,0
DA:55,0
DA:63,0
DA:65,0
DA:78,0
DA:80,0
DA:81,0
DA:84,0
DA:85,0
DA:89,0
DA:90,0
DA:92,0
DA:94,0
DA:95,0
DA:97,0
DA:98,0
DA:100,0
DA:101,0
DA:104,0
DA:105,0
DA:106,0
DA:107,0
DA:108,0
DA:111,0
DA:112,0
DA:113,0
DA:116,0
DA:117,0
DA:118,0
DA:122,0
DA:123,0
DA:127,0
DA:128,0
DA:129,0
DA:132,0
DA:133,0
DA:134,0
DA:135,0
DA:136,0
DA:139,0
DA:140,0
DA:142,0
DA:143,0
DA:144,0
DA:145,0
DA:147,0
DA:148,0
DA:149,0
DA:150,0
DA:151,0
DA:152,0
DA:154,0
DA:167,0
DA:173,0
DA:174,0
DA:176,0
DA:177,0
DA:179,0
DA:180,0
DA:188,0
DA:189,0
DA:192,0
DA:194,0
DA:195,0
DA:196,0
DA:199,0
DA:206,0
DA:208,0
DA:209,0
DA:210,0
DA:211,0
DA:213,0
DA:214,0
DA:216,0
DA:224,0
DA:233,0
DA:234,0
DA:235,0
DA:239,0
DA:241,0
DA:242,0
DA:243,0
DA:248,0
DA:251,0
DA:262,0
DA:263,0
DA:266,0
DA:267,0
DA:271,0
DA:272,0
DA:273,0
DA:274,0
DA:275,0
DA:276,0
DA:281,0
DA:282,0
DA:283,0
DA:284,0
DA:285,0
DA:289,0
LF:125
LH:5
BRDA:13,0,0,0
BRDA:30,1,0,0
BRDA:37,2,0,0
BRDA:37,2,1,0
BRDA:45,3,0,0
BRDA:45,3,1,0
BRDA:45,4,0,0
BRDA:45,4,1,0
BRDA:50,5,0,0
BRDA:50,5,1,0
BRDA:84,6,0,0
BRDA:92,7,0,0
BRDA:92,7,1,0
BRDA:92,8,0,0
BRDA:92,8,1,0
BRDA:92,9,0,0
BRDA:92,9,1,0
BRDA:92,10,0,0
BRDA:92,10,1,0
BRDA:95,11,0,0
BRDA:95,12,0,0
BRDA:95,12,1,0
BRDA:95,12,2,0
BRDA:97,13,0,0
BRDA:107,14,0,0
BRDA:112,15,0,0
BRDA:116,16,0,0
BRDA:116,17,0,0
BRDA:116,17,1,0
BRDA:122,18,0,0
BRDA:127,19,0,0
BRDA:127,19,1,0
BRDA:127,20,0,0
BRDA:127,20,1,0
BRDA:127,21,0,0
BRDA:127,21,1,0
BRDA:127,22,0,0
BRDA:127,22,1,0
BRDA:128,23,0,0
BRDA:128,23,1,0
BRDA:128,24,0,0
BRDA:128,24,1,0
BRDA:128,25,0,0
BRDA:128,25,1,0
BRDA:128,26,0,0
BRDA:128,26,1,0
BRDA:129,27,0,0
BRDA:129,27,1,0
BRDA:129,28,0,0
BRDA:129,28,1,0
BRDA:173,29,0,0
BRDA:173,30,0,0
BRDA:173,30,1,0
BRDA:188,31,0,0
BRDA:192,32,0,0
BRDA:196,33,0,0
BRDA:196,33,1,0
BRDA:213,34,0,0
BRDA:243,35,0,0
BRDA:243,35,1,0
BRDA:243,35,2,0
BRDA:266,36,0,0
BRDA:274,37,0,0
BRDA:283,38,0,0
BRF:64
BRH:0
end_of_record
TN:
SF:src\ai-microservice\services\machine-learning.service.ts
FN:22,(anonymous_10)
FN:25,(anonymous_11)
FN:29,(anonymous_12)
FN:30,(anonymous_13)
FN:31,(anonymous_14)
FN:36,(anonymous_15)
FN:40,(anonymous_16)
FN:47,(anonymous_17)
FN:50,(anonymous_18)
FN:56,(anonymous_19)
FN:73,(anonymous_20)
FN:77,(anonymous_21)
FN:113,(anonymous_22)
FN:114,(anonymous_23)
FN:119,(anonymous_24)
FN:151,(anonymous_25)
FN:162,(anonymous_26)
FN:169,(anonymous_27)
FN:220,(anonymous_28)
FN:232,(anonymous_29)
FN:233,(anonymous_30)
FN:234,(anonymous_31)
FN:238,(anonymous_32)
FN:250,(anonymous_34)
FN:254,(anonymous_35)
FN:255,(anonymous_36)
FN:270,(anonymous_37)
FN:328,(anonymous_38)
FN:394,(anonymous_39)
FN:442,(anonymous_40)
FN:548,(anonymous_41)
FN:559,(anonymous_42)
FN:584,(anonymous_43)
FN:599,(anonymous_44)
FN:635,(anonymous_45)
FN:691,(anonymous_46)
FN:692,(anonymous_47)
FN:709,(anonymous_48)
FN:719,(anonymous_49)
FN:723,(anonymous_50)
FN:724,(anonymous_51)
FN:747,(anonymous_52)
FN:761,(anonymous_53)
FN:764,(anonymous_54)
FN:793,(anonymous_55)
FN:834,(anonymous_56)
FN:837,(anonymous_57)
FN:841,(anonymous_58)
FN:849,(anonymous_59)
FN:850,(anonymous_60)
FN:852,(anonymous_61)
FN:859,(anonymous_62)
FN:864,(anonymous_63)
FN:865,(anonymous_64)
FN:866,(anonymous_65)
FN:871,(anonymous_66)
FN:872,(anonymous_67)
FN:875,(anonymous_68)
FN:877,(anonymous_70)
FN:888,(anonymous_71)
FN:890,(anonymous_72)
FN:138,(anonymous_73)
FNF:62
FNH:0
FNDA:0,(anonymous_10)
FNDA:0,(anonymous_11)
FNDA:0,(anonymous_12)
FNDA:0,(anonymous_13)
FNDA:0,(anonymous_14)
FNDA:0,(anonymous_15)
FNDA:0,(anonymous_16)
FNDA:0,(anonymous_17)
FNDA:0,(anonymous_18)
FNDA:0,(anonymous_19)
FNDA:0,(anonymous_20)
FNDA:0,(anonymous_21)
FNDA:0,(anonymous_22)
FNDA:0,(anonymous_23)
FNDA:0,(anonymous_24)
FNDA:0,(anonymous_25)
FNDA:0,(anonymous_26)
FNDA:0,(anonymous_27)
FNDA:0,(anonymous_28)
FNDA:0,(anonymous_29)
FNDA:0,(anonymous_30)
FNDA:0,(anonymous_31)
FNDA:0,(anonymous_32)
FNDA:0,(anonymous_34)
FNDA:0,(anonymous_35)
FNDA:0,(anonymous_36)
FNDA:0,(anonymous_37)
FNDA:0,(anonymous_38)
FNDA:0,(anonymous_39)
FNDA:0,(anonymous_40)
FNDA:0,(anonymous_41)
FNDA:0,(anonymous_42)
FNDA:0,(anonymous_43)
FNDA:0,(anonymous_44)
FNDA:0,(anonymous_45)
FNDA:0,(anonymous_46)
FNDA:0,(anonymous_47)
FNDA:0,(anonymous_48)
FNDA:0,(anonymous_49)
FNDA:0,(anonymous_50)
FNDA:0,(anonymous_51)
FNDA:0,(anonymous_52)
FNDA:0,(anonymous_53)
FNDA:0,(anonymous_54)
FNDA:0,(anonymous_55)
FNDA:0,(anonymous_56)
FNDA:0,(anonymous_57)
FNDA:0,(anonymous_58)
FNDA:0,(anonymous_59)
FNDA:0,(anonymous_60)
FNDA:0,(anonymous_61)
FNDA:0,(anonymous_62)
FNDA:0,(anonymous_63)
FNDA:0,(anonymous_64)
FNDA:0,(anonymous_65)
FNDA:0,(anonymous_66)
FNDA:0,(anonymous_67)
FNDA:0,(anonymous_68)
FNDA:0,(anonymous_70)
FNDA:0,(anonymous_71)
FNDA:0,(anonymous_72)
FNDA:0,(anonymous_73)
DA:1,0
DA:12,1
DA:13,1
DA:15,1
DA:16,1
DA:17,1
DA:18,1
DA:19,1
DA:24,0
DA:25,0
DA:29,0
DA:30,0
DA:31,0
DA:32,0
DA:33,0
DA:37,0
DA:41,0
DA:50,0
DA:53,0
DA:54,0
DA:56,0
DA:57,0
DA:59,0
DA:60,0
DA:61,0
DA:63,0
DA:64,0
DA:69,0
DA:70,0
DA:74,0
DA:77,0
DA:78,0
DA:79,0
DA:81,0
DA:83,0
DA:84,0
DA:85,0
DA:87,0
DA:88,0
DA:89,0
DA:90,0
DA:91,0
DA:92,0
DA:95,0
DA:97,0
DA:98,0
DA:99,0
DA:104,0
DA:105,0
DA:107,0
DA:108,0
DA:109,0
DA:110,0
DA:111,0
DA:114,0
DA:120,0
DA:137,0
DA:138,0
DA:140,0
DA:141,0
DA:143,0
DA:145,0
DA:153,0
DA:154,0
DA:158,0
DA:162,0
DA:163,0
DA:166,0
DA:169,0
DA:170,0
DA:173,0
DA:174,0
DA:193,0
DA:194,0
DA:195,0
DA:206,0
DA:207,0
DA:222,0
DA:227,0
DA:229,0
DA:230,0
DA:231,0
DA:232,0
DA:233,0
DA:234,0
DA:235,0
DA:236,0
DA:238,0
DA:242,0
DA:244,0
DA:246,0
DA:248,0
DA:249,0
DA:250,0
DA:251,0
DA:254,0
DA:255,0
DA:257,0
DA:267,0
DA:268,0
DA:269,0
DA:270,0
DA:271,0
DA:272,0
DA:280,0
DA:281,0
DA:301,0
DA:302,0
DA:303,0
DA:314,0
DA:315,0
DA:330,0
DA:336,0
DA:339,0
DA:340,0
DA:343,0
DA:346,0
DA:353,0
DA:354,0
DA:359,0
DA:362,0
DA:365,0
DA:372,0
DA:373,0
DA:376,0
DA:377,0
DA:380,0
DA:381,0
DA:386,0
DA:391,0
DA:392,0
DA:393,0
DA:395,0
DA:396,0
DA:397,0
DA:398,0
DA:399,0
DA:400,0
DA:402,0
DA:404,0
DA:408,0
DA:415,0
DA:426,0
DA:427,0
DA:428,0
DA:430,0
DA:431,0
DA:436,0
DA:438,0
DA:442,0
DA:443,0
DA:444,0
DA:446,0
DA:458,0
DA:461,0
DA:462,0
DA:464,0
DA:466,0
DA:475,0
DA:476,0
DA:504,0
DA:506,0
DA:508,0
DA:509,0
DA:511,0
DA:514,0
DA:519,0
DA:520,0
DA:521,0
DA:522,0
DA:533,0
DA:534,0
DA:548,0
DA:549,0
DA:550,0
DA:551,0
DA:555,0
DA:558,0
DA:559,0
DA:560,0
DA:565,0
DA:567,0
DA:569,0
DA:570,0
DA:572,0
DA:574,0
DA:575,0
DA:577,0
DA:581,0
DA:582,0
DA:583,0
DA:584,0
DA:585,0
DA:589,0
DA:591,0
DA:593,0
DA:599,0
DA:604,0
DA:608,0
DA:609,0
DA:617,0
DA:618,0
DA:624,0
DA:626,0
DA:627,0
DA:628,0
DA:629,0
DA:631,0
DA:634,0
DA:636,0
DA:649,0
DA:652,0
DA:657,0
DA:659,0
DA:660,0
DA:662,0
DA:665,0
DA:667,0
DA:668,0
DA:669,0
DA:670,0
DA:671,0
DA:673,0
DA:685,0
DA:686,0
DA:692,0
DA:711,0
DA:712,0
DA:713,0
DA:715,0
DA:716,0
DA:719,0
DA:720,0
DA:721,0
DA:722,0
DA:723,0
DA:724,0
DA:726,0
DA:730,0
DA:733,0
DA:734,0
DA:736,0
DA:740,0
DA:741,0
DA:742,0
DA:743,0
DA:744,0
DA:746,0
DA:747,0
DA:757,0
DA:761,0
DA:762,0
DA:763,0
DA:764,0
DA:766,0
DA:768,0
DA:770,0
DA:771,0
DA:772,0
DA:774,0
DA:779,0
DA:782,0
DA:785,0
DA:787,0
DA:788,0
DA:795,0
DA:796,0
DA:798,0
DA:803,0
DA:807,0
DA:808,0
DA:809,0
DA:810,0
DA:816,0
DA:817,0
DA:819,0
DA:824,0
DA:825,0
DA:829,0
DA:830,0
DA:835,0
DA:839,0
DA:841,0
DA:842,0
DA:846,0
DA:849,0
DA:850,0
DA:851,0
DA:852,0
DA:853,0
DA:855,0
DA:856,0
DA:861,0
DA:862,0
DA:863,0
DA:864,0
DA:865,0
DA:866,0
DA:867,0
DA:868,0
DA:871,0
DA:872,0
DA:875,0
DA:877,0
DA:878,0
DA:889,0
DA:890,0
LF:307
LH:7
BRDA:84,0,0,0
BRDA:87,1,0,0
BRDA:91,2,0,0
BRDA:140,3,0,0
BRDA:151,4,0,0
BRDA:154,5,0,0
BRDA:220,6,0,0
BRDA:234,7,0,0
BRDA:234,7,1,0
BRDA:238,8,0,0
BRDA:238,8,1,0
BRDA:238,9,0,0
BRDA:238,9,1,0
BRDA:244,10,0,0
BRDA:244,10,1,0
BRDA:255,11,0,0
BRDA:255,11,1,0
BRDA:328,12,0,0
BRDA:391,13,0,0
BRDA:391,14,0,0
BRDA:391,14,1,0
BRDA:396,15,0,0
BRDA:396,15,1,0
BRDA:396,15,2,0
BRDA:398,16,0,0
BRDA:398,16,1,0
BRDA:399,17,0,0
BRDA:402,18,0,0
BRDA:404,19,0,0
BRDA:404,19,1,0
BRDA:404,19,2,0
BRDA:443,20,0,0
BRDA:448,21,0,0
BRDA:448,21,1,0
BRDA:461,22,0,0
BRDA:471,23,0,0
BRDA:471,23,1,0
BRDA:508,24,0,0
BRDA:508,25,0,0
BRDA:508,25,1,0
BRDA:550,26,0,0
BRDA:559,27,0,0
BRDA:559,28,0,0
BRDA:559,28,1,0
BRDA:559,29,0,0
BRDA:559,29,1,0
BRDA:567,30,0,0
BRDA:567,30,1,0
BRDA:567,30,2,0
BRDA:567,30,3,0
BRDA:569,31,0,0
BRDA:581,32,0,0
BRDA:581,32,1,0
BRDA:581,33,0,0
BRDA:581,33,1,0
BRDA:585,34,0,0
BRDA:585,34,1,0
BRDA:589,35,0,0
BRDA:589,35,1,0
BRDA:589,36,0,0
BRDA:589,36,1,0
BRDA:604,37,0,0
BRDA:604,37,1,0
BRDA:638,38,0,0
BRDA:638,38,1,0
BRDA:642,39,0,0
BRDA:642,39,1,0
BRDA:642,40,0,0
BRDA:642,40,1,0
BRDA:642,40,2,0
BRDA:642,40,3,0
BRDA:668,41,0,0
BRDA:668,42,0,0
BRDA:668,42,1,0
BRDA:680,43,0,0
BRDA:680,43,1,0
BRDA:697,44,0,0
BRDA:697,44,1,0
BRDA:697,45,0,0
BRDA:697,45,1,0
BRDA:698,46,0,0
BRDA:698,46,1,0
BRDA:698,47,0,0
BRDA:698,47,1,0
BRDA:699,48,0,0
BRDA:699,48,1,0
BRDA:699,49,0,0
BRDA:699,49,1,0
BRDA:712,50,0,0
BRDA:716,51,0,0
BRDA:716,51,1,0
BRDA:716,51,2,0
BRDA:716,51,3,0
BRDA:719,52,0,0
BRDA:722,53,0,0
BRDA:722,53,1,0
BRDA:724,54,0,0
BRDA:724,54,1,0
BRDA:724,55,0,0
BRDA:724,55,1,0
BRDA:749,56,0,0
BRDA:749,56,1,0
BRDA:752,57,0,0
BRDA:752,57,1,0
BRDA:752,58,0,0
BRDA:752,58,1,0
BRDA:752,58,2,0
BRDA:752,58,3,0
BRDA:766,59,0,0
BRDA:766,60,0,0
BRDA:766,60,1,0
BRDA:770,61,0,0
BRDA:770,62,0,0
BRDA:770,62,1,0
BRDA:772,63,0,0
BRDA:772,64,0,0
BRDA:772,64,1,0
BRDA:798,65,0,0
BRDA:807,66,0,0
BRDA:807,67,0,0
BRDA:807,67,1,0
BRDA:809,68,0,0
BRDA:817,69,0,0
BRDA:868,70,0,0
BRDA:868,70,1,0
BRDA:872,71,0,0
BRDA:872,71,1,0
BRF:127
BRH:0
end_of_record
TN:
SF:src\ai-microservice\services\weather.service.ts
FN:6,(anonymous_2)
FN:14,(anonymous_3)
FN:46,(anonymous_4)
FN:60,(anonymous_5)
FN:78,(anonymous_6)
FN:110,(anonymous_7)
FN:150,(anonymous_8)
FN:165,(anonymous_9)
FN:176,(anonymous_10)
FN:187,(anonymous_11)
FN:194,(anonymous_12)
FNF:11
FNH:0
FNDA:0,(anonymous_2)
FNDA:0,(anonymous_3)
FNDA:0,(anonymous_4)
FNDA:0,(anonymous_5)
FNDA:0,(anonymous_6)
FNDA:0,(anonymous_7)
FNDA:0,(anonymous_8)
FNDA:0,(anonymous_9)
FNDA:0,(anonymous_10)
FNDA:0,(anonymous_11)
FNDA:0,(anonymous_12)
DA:1,1
DA:2,1
DA:6,1
DA:7,0
DA:8,0
DA:9,0
DA:15,0
DA:16,0
DA:26,0
DA:28,0
DA:38,0
DA:39,0
DA:47,0
DA:48,0
DA:58,0
DA:60,0
DA:70,0
DA:71,0
DA:79,0
DA:80,0
DA:89,0
DA:91,0
DA:101,0
DA:102,0
DA:116,0
DA:119,0
DA:120,0
DA:122,0
DA:123,0
DA:125,0
DA:127,0
DA:137,0
DA:140,0
DA:142,0
DA:143,0
DA:151,0
DA:166,0
DA:167,0
DA:168,0
DA:169,0
DA:170,0
DA:177,0
DA:178,0
DA:179,0
DA:180,0
DA:181,0
DA:188,0
DA:195,0
DA:196,0
DA:202,0
DA:204,0
DA:205,0
DA:210,0
LF:53
LH:3
BRDA:8,0,0,0
BRDA:8,0,1,0
BRDA:9,1,0,0
BRDA:9,1,1,0
BRDA:31,2,0,0
BRDA:31,2,1,0
BRDA:31,2,2,0
BRDA:31,3,0,0
BRDA:31,3,1,0
BRDA:31,4,0,0
BRDA:31,4,1,0
BRDA:31,5,0,0
BRDA:31,5,1,0
BRDA:31,6,0,0
BRDA:31,6,1,0
BRDA:46,7,0,0
BRDA:63,8,0,0
BRDA:63,8,1,0
BRDA:63,8,2,0
BRDA:63,9,0,0
BRDA:63,9,1,0
BRDA:63,10,0,0
BRDA:63,10,1,0
BRDA:63,11,0,0
BRDA:63,11,1,0
BRDA:63,12,0,0
BRDA:63,12,1,0
BRDA:94,13,0,0
BRDA:94,13,1,0
BRDA:94,13,2,0
BRDA:94,14,0,0
BRDA:94,14,1,0
BRDA:94,15,0,0
BRDA:94,15,1,0
BRDA:94,16,0,0
BRDA:94,16,1,0
BRDA:94,17,0,0
BRDA:94,17,1,0
BRDA:167,18,0,0
BRDA:167,19,0,0
BRDA:167,19,1,0
BRDA:168,20,0,0
BRDA:168,21,0,0
BRDA:168,21,1,0
BRDA:169,22,0,0
BRDA:169,23,0,0
BRDA:169,23,1,0
BRDA:188,24,0,0
BRDA:188,24,1,0
BRDA:195,25,0,0
BRF:50
BRH:0
end_of_record
